<?xml version="1.0" encoding="UTF-8"?>
<robot generator="Robot 6.1 (Python 3.11.4 on darwin)" generated="20230621 16:11:20.196" rpa="false" schemaversion="4">
<suite id="s1" name="TC logIn" source="/Users/o_khoa.n/Desktop/kuniv-test-ui/testcase/TC_logIn.robot">
<test id="s1-t1" name="TC_LOG_IN_01 - logIn" line="5">
<kw name="Open app" library="logIn">
<kw name="Open Application" library="AppiumLibrary">
<arg>http://localhost:4723/wd/hub</arg>
<arg>deviceName=emulator-5554</arg>
<arg>platformName=android</arg>
<arg>automationName=UiAutomator2</arg>
<arg>appPackage=com.example.kstudent</arg>
<arg>appActivity=com.example.kstudent.MainActivity</arg>
<doc>Opens a new application to given Appium server.
Capabilities of appium server, Android and iOS,
Please check https://github.com/appium/appium/blob/master/docs/en/writing-running-appium/server-args.md
| *Option*            | *Man.* | *Description*     |
| remote_url          | Yes    | Appium server url |
| alias               | no     | alias             |
| strict_ssl          | No     | allows you to send commands to an invalid certificate host like a self-signed one. |</doc>
<status status="PASS" starttime="20230621 16:11:20.348" endtime="20230621 16:11:39.098"/>
</kw>
<status status="PASS" starttime="20230621 16:11:20.348" endtime="20230621 16:11:39.098"/>
</kw>
<kw name="Login" library="logIn">
<kw name="Wait Until Element Is Visible" library="AppiumLibrary">
<arg>${LOGIN_USER}</arg>
<doc>Waits until element specified with `locator` is visible.</doc>
<msg timestamp="20230621 16:11:40.688" level="INFO">xpath criteria: //android.widget.EditText[@index='1']</msg>
<status status="PASS" starttime="20230621 16:11:39.098" endtime="20230621 16:11:40.688"/>
</kw>
<kw name="Click Element" library="AppiumLibrary">
<arg>${LOGIN_USER}</arg>
<doc>Click element identified by `locator`.</doc>
<msg timestamp="20230621 16:11:40.689" level="INFO">Clicking element '//android.widget.EditText[@index='1']'.</msg>
<msg timestamp="20230621 16:11:40.780" level="INFO">xpath criteria: //android.widget.EditText[@index='1']</msg>
<status status="PASS" starttime="20230621 16:11:40.689" endtime="20230621 16:11:40.780"/>
</kw>
<kw name="Wait Activity" library="AppiumLibrary">
<arg>.MainActivity</arg>
<arg>3</arg>
<doc>Wait for an activity: block until target activity presents
or time out.</doc>
<status status="PASS" starttime="20230621 16:11:40.780" endtime="20230621 16:11:40.970"/>
</kw>
<kw name="Input Text" library="AppiumLibrary">
<arg>${LOGIN_USER}</arg>
<arg>${LOGIN}</arg>
<doc>Types the given `text` into text field identified by `locator`.</doc>
<msg timestamp="20230621 16:11:40.972" level="INFO">Typing text 'studentbk0studentbk1studentbstudentbstudentb' into text field '//android.widget.EditText[@index='1']'</msg>
<msg timestamp="20230621 16:11:42.197" level="INFO">xpath criteria: //android.widget.EditText[@index='1']</msg>
<status status="PASS" starttime="20230621 16:11:40.970" endtime="20230621 16:11:42.197"/>
</kw>
<kw name="Click Element" library="AppiumLibrary">
<arg>${LOGIN_PASS}</arg>
<doc>Click element identified by `locator`.</doc>
<msg timestamp="20230621 16:11:42.198" level="INFO">Clicking element '//android.widget.EditText[@index='2']'.</msg>
<msg timestamp="20230621 16:11:42.989" level="INFO">xpath criteria: //android.widget.EditText[@index='2']</msg>
<status status="PASS" starttime="20230621 16:11:42.197" endtime="20230621 16:11:42.989"/>
</kw>
<kw name="Input Text" library="AppiumLibrary">
<arg>${LOGIN_PASS}</arg>
<arg>${PASS}</arg>
<doc>Types the given `text` into text field identified by `locator`.</doc>
<msg timestamp="20230621 16:11:42.990" level="INFO">Typing text '123456' into text field '//android.widget.EditText[@index='2']'</msg>
<msg timestamp="20230621 16:11:43.808" level="INFO">xpath criteria: //android.widget.EditText[@index='2']</msg>
<status status="PASS" starttime="20230621 16:11:42.989" endtime="20230621 16:11:43.808"/>
</kw>
<kw name="Click Element" library="AppiumLibrary">
<arg>${BUTTON_LOGIN}</arg>
<doc>Click element identified by `locator`.</doc>
<msg timestamp="20230621 16:11:43.809" level="INFO">Clicking element '//android.widget.Button[@content-desc="Login"]'.</msg>
<msg timestamp="20230621 16:11:44.570" level="INFO">xpath criteria: //android.widget.Button[@content-desc="Login"]</msg>
<status status="PASS" starttime="20230621 16:11:43.808" endtime="20230621 16:11:44.570"/>
</kw>
<kw name="Page Should Contain Element" library="AppiumLibrary">
<arg>${HOME}</arg>
<doc>Verifies that current page contains `locator` element.</doc>
<msg timestamp="20230621 16:11:45.761" level="INFO">&lt;?xml version='1.0' encoding='UTF-8' standalone='yes' ?&gt;
&lt;hierarchy index="0" class="hierarchy" rotation="0" width="1440" height="2900"&gt;
  &lt;android.widget.FrameLayout index="0" package="com.example.kstudent" class="android.widget.FrameLayout" text="" checkable="false" checked="false" clickable="false" enabled="true" focusable="false" focused="false" long-clickable="false" password="false" scrollable="false" selected="false" bounds="[0,0][1440,2900]" displayed="true"&gt;
    &lt;android.widget.LinearLayout index="0" package="com.example.kstudent" class="android.widget.LinearLayout" text="" checkable="false" checked="false" clickable="false" enabled="true" focusable="false" focused="false" long-clickable="false" password="false" scrollable="false" selected="false" bounds="[0,0][1440,2900]" displayed="true"&gt;
      &lt;android.widget.FrameLayout index="0" package="com.example.kstudent" class="android.widget.FrameLayout" text="" resource-id="android:id/content" checkable="false" checked="false" clickable="false" enabled="true" focusable="false" focused="false" long-clickable="false" password="false" scrollable="false" selected="false" bounds="[0,0][1440,2900]" displayed="true"&gt;
        &lt;android.widget.FrameLayout index="0" package="com.example.kstudent" class="android.widget.FrameLayout" text="" checkable="false" checked="false" clickable="false" enabled="true" focusable="true" focused="true" long-clickable="false" password="false" scrollable="false" selected="false" bounds="[0,0][1440,2900]" displayed="true"&gt;
          &lt;android.view.View index="0" package="com.example.kstudent" class="android.view.View" text="" resource-id="" checkable="false" checked="false" clickable="false" enabled="true" focusable="false" focused="false" long-clickable="false" password="false" scrollable="false" selected="false" bounds="[0,0][1440,2900]" displayed="true"&gt;
            &lt;android.view.View index="0" package="com.example.kstudent" class="android.view.View" text="" resource-id="" checkable="false" checked="false" clickable="false" enabled="true" focusable="false" focused="false" long-clickable="false" password="false" scrollable="false" selected="false" bounds="[0,0][1440,2900]" displayed="true"&gt;
              &lt;android.view.View index="0" package="com.example.kstudent" class="android.view.View" text="" resource-id="" checkable="false" checked="false" clickable="false" enabled="true" focusable="false" focused="false" long-clickable="false" password="false" scrollable="false" selected="false" bounds="[0,0][1440,2900]" displayed="true"&gt;
                &lt;android.widget.ScrollView index="0" package="com.example.kstudent" class="android.widget.ScrollView" text="" resource-id="" checkable="false" checked="false" clickable="false" enabled="true" focusable="false" focused="false" long-clickable="false" password="false" scrollable="true" selected="false" bounds="[0,136][1440,1944]" displayed="true"&gt;
                  &lt;android.widget.ImageView index="0" package="com.example.kstudent" class="android.widget.ImageView" text="" resource-id="" checkable="false" checked="false" clickable="false" enabled="true" focusable="false" focused="false" long-clickable="false" password="false" scrollable="false" selected="false" bounds="[105,696][1335,1074]" displayed="true" /&gt;
                  &lt;android.widget.EditText index="1" package="com.example.kstudent" class="android.widget.EditText" text="studentbk0studentbk1studentbstudentbstudentb" resource-id="" checkable="false" checked="false" clickable="true" enabled="true" focusable="true" focused="false" long-clickable="false" password="false" scrollable="false" selected="false" bounds="[105,1144][1335,1333]" displayed="true" /&gt;
                  &lt;android.widget.EditText index="2" package="com.example.kstudent" class="android.widget.EditText" text="••••••" resource-id="" checkable="false" checked="false" clickable="true" enabled="true" focusable="true" focused="true" long-clickable="false" password="true" scrollable="false" selected="false" bounds="[105,1403][1335,1592]" displayed="true"&gt;
                    &lt;android.widget.Button index="0" package="com.example.kstudent" class="android.widget.Button" text="" resource-id="" checkable="false" checked="false" clickable="true" enabled="true" focusable="true" focused="false" long-clickable="false" password="false" scrollable="false" selected="false" bounds="[1167,1413][1335,1581]" displayed="true" /&gt;
                  &lt;/android.widget.EditText&gt;
                  &lt;android.widget.Button index="3" package="com.example.kstudent" class="android.widget.Button" text="" content-desc="Login" resource-id="" checkable="false" checked="false" clickable="true" enabled="true" focusable="true" focused="false" long-clickable="false" password="false" scrollable="false" selected="false" bounds="[370,1662][1070,1837]" displayed="true" /&gt;
                  &lt;android.widget.Button index="4" package="com.example.kstudent" class="android.widget.Button" text="" content-desc="Forgot password?" resource-id="" checkable="false" checked="false" clickable="true" enabled="true" focusable="true" focused="false" long-clickable="false" password="false" scrollable="false" selected="false" bounds="[498,1837][942,1944]" displayed="true" /&gt;
                &lt;/android.widget.ScrollView&gt;
                &lt;android.view.View index="1" package="com.example.kstudent" class="android.view.View" text="" content-desc="Incorrect username or password!" resource-id="" checkable="false" checked="false" clickable="false" enabled="true" focusable="true" focused="false" long-clickable="false" password="false" scrollable="true" selected="false" bounds="[0,1762][1440,1944]" displayed="true" /&gt;
              &lt;/android.view.View&gt;
            &lt;/android.view.View&gt;
          &lt;/android.view.View&gt;
        &lt;/android.widget.FrameLayout&gt;
      &lt;/android.widget.FrameLayout&gt;
    &lt;/android.widget.LinearLayout&gt;
  &lt;/android.widget.FrameLayout&gt;
&lt;/hierarchy&gt;</msg>
<kw name="Capture Page Screenshot" library="AppiumLibrary">
<doc>Takes a screenshot of the current page and embeds it into the log.</doc>
<msg timestamp="20230621 16:11:46.111" level="INFO" html="true">&lt;/td&gt;&lt;/tr&gt;&lt;tr&gt;&lt;td colspan="3"&gt;&lt;img src="data:image/png;base64, iVBORw0KGgoAAAANSUhEUgAABaAAAAwwCAYAAAAgXrdYAAAAAXNSR0IArs4c6QAAAARzQklUCAgI
CHwIZIgAACAASURBVHic7N17kNX1efjx5yz3OyigQhCwjaQNGbAmYmJsFSs0lq3EcZ3apjhWzbRC
oIqaKI4xOpPAtDqSaAJ1xo7TptZL0+nE0oE08ZJy0aQWrC0C9TILBSKgXOWyu+f7+8O4PzeA7uU8
e5bl9Zr5TDhnz/l8HoyzDm+++z2liCgCAAAAAAAqrKbaAwAAAAAA0D0J0AAAAAAApBCgAQAAAABI
IUADAAAAAJBCgAYAAAAAIIUADQAAAABACgEaAAAAAIAUAjQAAAAAACkEaAAAAAAAUgjQAAAAAACk
EKABAAAAAEghQAMAAAAAkEKABgAAAAAghQANAAAAAEAKARoAAAAAgBQCNAAAAAAAKQRoAAAAAABS
CNAAAAAAAKQQoAEAAAAASCFAAwAAAACQQoAGAAAAACCFAA0AAAAAQAoBGgAAAACAFAI0AAAAAAAp
BGgAAAAAAFII0AAAAAAApBCgAQAAAABIIUADAAAAAJBCgAYAAAAAIIUADQAAAABACgEaAAAAAIAU
AjQAAAAAACkEaAAAAAAAUgjQAAAAAACkEKABAAAAAEghQAMAAAAAkEKABgAAAAAghQANAAAAAEAK
ARoAAAAAgBQCNAAAAAAAKQRoAAAAAABSCNBAl1YqlWL06NHx53/+5/HjH/84du7cGeVyOZqamqJc
Ljf/+v1VX18fTz31VFxxxRUxbNiwKJVK1f4tAAAAAJy0ShFRVHsIgA8qlUpx6qmnxpIlS2LatGkx
cODA5ufbolwux65du+KRRx6JBQsWRFNTU8a4AAAAAByHAA10GaVSKcaPHx/r1q2L/v37R01N5X5I
o1wux8aNG+Mzn/lM7N+/v2L7AgAAAHB8AjTQJYwYMSLWrl0bZ5xxRuptMxobG6NPnz5RLpfTzgAA
AKDzjRo1KsaPHx/Dhw+PYcOGxdChQ2PgwIGxf//+eOedd2L37t2xc+fOeOONN2Lr1q3VHrfLGTdu
XLz55pvVHoNuqGe1BwBObjU1NfHNb34zbr311ope8Xw8PXr0iIsuuih+8pOfpJ8FAABAjtNPPz2m
TZsW06ZNi3POOSfGjx8f/fr1a/X7Dx48GG+88Ub853/+Z6xYsSJWrFgR27dvT5y4a7vhhhti8uTJ
MXv27GqPQjfkCmigagYPHhwvv/xynHnmmZ36YYH19fUxbty4KArf/gAAAE4Effv2jd/+7d+O6dOn
x7Rp02LixIkVP+OVV16J5cuXx/Lly+O5556LI0eOVPyMruj666+Phx9+OL773e8K0KRwBTRQFYMH
D44dO3ZE7969O/3sUaNGtXj8zDPPxCWXXOK2HAAAAF3QWWedFfPmzYtrr702Bg0alHbOxIkTY+LE
ifHlL385Hnnkkfj2t78dr7/+etp5XcH78Rky5f+8O8CvmDRpUuzatasq8TnivdtwfO5zn2t+3NjY
GDt37qzaPAAAABxtxIgRsXjx4li/fn3MnTs3NT5/0KBBg2LevHmxfv36eOCBB2LEiBGdcm5nE5/p
LAI00KkGDx4cP//5z6Nnz+r9AEapVIq6urrmx6+99loMGzYstm3bVrWZAAAAeM+gQYPi7rvvjtde
ey3mzp1btYuFevfuHfPmzYvXXnst7rrrrk4L4J1h9uzZ4jOdRoCGTtS3b9/o379/tz3vowwaNCh2
7NhR1fj8vg9eAb1jx46IiDjllFNi/fr1nXo/agAAAP6/c889N1auXBlf//rXu0zwHTRoUHzjG9+I
lStXxrnnnlvtcTps9uzZ8eCDD1Z7DE4iAjTdyq233hr19fUt1pIlS6o9Vlx22WXx2GOPxfbt2+Pe
e+/tdue1Rk1NTfzXf/1Xl7nNxZgxY5pDc0NDQ/PzEyZMiEWLFlVrLAAAgJPSgAED4v77748XX3wx
PvWpT1V7nGP61Kc+FS+++GLcd9990adPn2qP0y7iM9VQ/csQoUImTJgQCxYsiCFDhrR4fvjw4VWZ
5+yzz47rrrsuvvjFL8bHP/7xbndeWy1cuDDGjh1b7TGaDR06tPnXp5xySvOvS6VS3HLLLfHII4/E
q6++Wo3RAAAATiqnnHJKPPnkkzF16tRqj/KRampq4uabb47JkydHXV1dvP3229UeqdXEZ6pFgKbb
+M53vnNUfO5s/fv3j2uuuSauuuqq+PznP59+q4nOPq+9RowYEfPnz6/2GC307t07evToEY2NjfHr
v/7rLb5WKpXiP/7jP2LQoEFRLperNCEAAED3N2XKlHj88ce71AVLrTF16tR46aWX4g/+4A/i5Zdf
rvY4H0l8ppq6Zq2CNvqzP/uzuPTSS6t2/qWXXhqzZs2Kyy67rMXVtN3lvI4olUqxbt26qKnpWnf8
KZVK0atXr2hqaooxY8Yc9fV+/frF1772tfjmN79ZhekAAAC6vylTpsSPf/zjGDBgQLVHaZexY8fG
ypUrY9q0abF69epqj3Nc4jPV1rWKELTDmWeeGd/4xjeqcvbXv/71+O///u9YsWJFfOlLX0qPwZ19
XiWMHz8+Tj/99GqPcUxFUUTEezP+qlKpFPfee2/06NGjs8cCAADo9qZOnXpCx+f3DRw4MFasWBG/
+7u/W+1Rjunmm28+Znw+cOBAvPPOOy2ee//PyFBpAjQnvPvvvz9GjhxZlbPnzZsXv/mbv3nMrzU2
Nsa///u/V/QbeGef11HvX/38/of9fZSiKD50VVJRFM0fPti3b99jvqampibuvvvuip4LAABAxO23
337Cx+f3DRw4ML761a9We4yjzJ49O+67776jnt+/f39MnTo1tm/f3uL51v7ZHdrKLTg4oV199dVx
xRVXND/es2dPNDQ0VO2DByMi1q9fHz/84Q/jkUceiQ0bNkRTU1PqN/HOPq8tTj311Ojfv/9xv14U
RTQ1NcXrr78eP/nJT+LZZ5+NDRs2xLZt2+LQoUNxxhlnxJgxY+Izn/lMNDU1xfDhw+PSSy+NCRMm
RJ8+fTr0+9y7d2+Uy+UYP378h947+2tf+1rcddddXSrsAwAAnOiuvvrqeOmll455S8QTzebNm+Pq
q6+u9hgtzJ8/P/7qr/7qqOf3798fl1xySbz44otVmIqTlQDNCevUU0+NRYsWtYiQixcvjmuvvbbT
Z9m+fXssW7Ys/vZv/zaeffbZbndeey1duvSoez8XRRGNjY3xj//4j3HnnXfGm2++2fxBfx/72Mfi
lltuiVmzZsXAgQOjpqYmSqVSlMvl6NevXzQ0NESpVIpSqRTDhw+P2267Lb7yla9Er1692hyjd+3a
FRER11133Ye+t0ePHjFlypRYs2ZNG3/3AAAAHM/OnTujtrY2Vq9eHf369av2OO128ODBqK2tjZ07
d1Z7lGbiM11RYVkn4vqbv/mb4oNeeumlIiKK+vr6Fs8/9dRTbd67V69erXrdo48+WvzxH//xh76+
qampxTz33Xdfu3/PnX1eR1apVCr27t3bPEe5XC7+7//+r5gxY0ZRU1PT/Lr+/fsXf/mXf1ns27ev
KJfLxbE0Nja2eM+vnnPeeecV69atO+77j+Wf//mfi1KpVLz11lsf+dp/+7d/q/q/75ZlWZZlWZZl
Wd1xXXnlla3+c1xXdOWVV1b9n+EH1/z584855759+4rzzjuvxWv/53/+p8VrHnrooarPb3XbVfUB
LKvN67LLLisaGhqav0kePny4uOiii4qIjgXoBx98sNi9e3dx+PDhYs2aNcWkSZM6PGtnB+GuEqA/
9rGPNQfhxsbG4txzzy1KpVKL1/zoRz9q8f/j8XzrW99q1Zm/9mu/VuzZs+cj9yuKorjxxhuLgQMH
HvXP61j27t171OyWZVmWZVmWZVlWZdbChQtb9ee4rmbhwoVV/2f3wdWW+BwhQFuduqo+gGW1afXv
37949dVXW3yTfPDBB5u/3t4Afd111x31TfqZZ57p8Lwna4C+8cYbi3K5XDz66KMt4m2pVCpuu+22
VoXfonjvyukJEya0+txSqVTccMMNH7p/U1NTMXTo0OLv//7vWzVDU1NTMXLkyKr/u29ZlmVZlmVZ
ltUdV6lUKp544olW/fmsq3jiiSe61IVKbY3PEQK01Xmr5c1Z4QSwcOHCmDBhQvPj1157LW6//fYO
73v++ecf9dykSZM6vO/J6vLLL48JEybENddc0/wBfkOGDIlf/OIXsXDhwqPuDX08RVHE5s2bW31u
URTx8MMPx+DBg2Pfvn3HfE1DQ0McOXIk6urqWrVnTU1NTJkypdUzAAAA0HpFUcSsWbNi7dq11R6l
VdauXRuzZs3qMh9W757PdHUCNCeUCy+8ML785S83Py6Xy3HrrbceNzS2xbEi57Zt2zq878nq937v
92LTpk3Njz/72c/G22+/HSNGjGjTBwY2NTXFoUOH2nz+gQMHYtiwYbFq1aqjvvb000/H3XffHT17
tv5zWKdPn97mGQAAAGidQ4cORW1tbezYsaPao3yoHTt2RG1tbbv+nJpBfOZEIEBzwujVq1csXrw4
+vTp0/zcE088Ef/0T/9Ukf0XL14cP//5z5sf79mzJ+65556K7H0y+uDfBM+ZMydWrlzZ6queP2jz
5s3t/lvlpqamuOCCC+KJJ55ofq5cLsdXvvKVmD9/fpv2Ovfcc9s1AwAAAK2zZcuWmDlzZjQ0NFR7
lGNqaGiImTNnxpYtW6o9SkREPPbYY+IzJ4TWX/4HVXbXXXfFOeec0/x4+/btcfPNN1ds/z179sTn
Pve5mDp1agwdOjRWr14d9fX1Fdv/ZDVnzpz49re/3aarnj9o69atHf6xpj/8wz+Mfv36RW1tbbz1
1lvx7LPPtjmGn3nmmR2aAQAAgI+2atWqmDt3bnzve9+r9ihHmTt37jF/yrYa1q5de8zbhorPdEWu
gOaEMHny5LjppptaPHfXXXdV/BYZDQ0NsXz58nj88cfF5wr40pe+1KH4HPHeXwx0VFEUcfnll0d9
fX089NBD8fGPf7zNewwdOrTDcwAAAPDRlixZEkuXLq32GC0sXbo0lixZUu0xIiLilVdeEZ85obgC
mhPCd77znRgwYEDz4+XLl8fDDz9cxYn4KGPHjo1HH320Q/E5IuLIkSMVmacoijj77LPj3XffbddM
Hf19AAAA0Hpz5syJiRMnxgUXXFDtUWLlypUxZ86cao8REe/F509+8pNHPS8+05W5Apou75ZbbonP
f/7zzY/37NkT8+bNq+JEtMarr77arns+/6oP/sVDR/Tp0yf27NnT7pm66j3IAAAAuqPGxsaYOXNm
bNy4sapzbNy4MWbOnBmNjY1VnSNCfObEJUDTpZ199tlxxx13tHhu0aJFsWHDhipNRGv17t27IvtU
4tYXvXv3jvr6+hYfYNlWb7/9dofnAAAAoPV27twZM2bMiL1791bl/L1798aMGTNi586dVTn/g8Rn
TmQCNF3aAw88EMOGDWt+/MILL8S3vvWtKk5Ea1XqlhWjR4/u0PsHDBgQ9fX1MXLkyA7t8/rrr3fo
/QAAALTdpk2boq6uLsrlcqeeWy6Xo66uLjZt2tSp5x7L8eJzU1OT+MwJQYCmy7rhhhviC1/4QvPj
Q4cOxV/8xV9UcSLaolJ/Q3zGGWdEz57tu139qaeeGlu3bo3TTjutw3N0lU86BgAAONmsWLEiFixY
0KlnLliwIFasWNGpZx7L8eJzRMS6devEZ04IAjRd0ujRo+Pee+9t8dxDDz0Ua9asqdJEtNXPfvaz
iu3Vt2/fNr2+VCrFzJkz46233orBgwd3+PyiKOJf//VfO7wPAAAA7bNw4cJ48sknO+WsJ598MhYu
XNgpZ32YD4vPERH79u3rxGmg/QRouqT777+/xVWrr776atx5551VnIi2+v73vx9FUXR4n1KpFBMm
TGjT69evXx8/+MEPKvIhiO975ZVXKrYXAAAAbTdr1qxYu3Zt6hlr166NWbNmpZ7RGh8Vn+FE0r6f
a4dEV111VdTV1bV4rm/fvvH888+36v0jRoxo8fjCCy886kdSvv/978fixYs7Nigf6kc/+lEURdHh
e0GXSqW4884744tf/OKHvq5v376xYMGCuOOOOyoaniMidu3a5W+WAQAAquzQoUNRW1sbq1atijFj
xlR8/82bN0dtbW0cOnSo4nu3xfr16+MTn/hEVWeAShKg6XJuuummo6LluHHjYty4ce3ab+TIkUd9
AN1Pf/rTds9H6+zcuTN2794dp5xySof3uvzyy6NUKh11RXWpVIrhw4fHokWLYtasWdGjR48On3Us
y5Ytq8jV3AAAAHTMli1bora2NlavXh39+vWr2L4HDx6M2tra2LJlS8X2bA/xme7ILTjocnr37l3t
EaiAoiji7/7u7yq217Bhw6JUKkWPHj1i1KhRcccdd8Q777wTv/jFL+Laa69Ni8/lcjluvfXWlL0B
AABou3Xr1lX8NhmzZs2KdevWVXTPthKf6a5cAU2Xs3fv3njnnXfa/f4hQ4a0uAXD4cOH4913323x
ml99TI5bbrklZs+e3eE4XFNTEy+88EL069cvTjvttKipqan4bTaO5/Dhw7Fjx45OOQsAAIDWeeqp
p2LRokXx1a9+tcN7LVq0KJ566qkKTNV+4jPdmQBNl3PxxRd36P319fUt7gX19NNPx5VXXtnRsWiH
hoaG2LJlS4wdO7bDe5111lnx05/+NEaPHl2ByVqnKIq49NJL3X4DAACgC7r99ttj8uTJMX369Hbv
sXz58rj99tsrOFXbic90d27BAaSaNGlSlMvlDu9TU1MT27Zti8OHD1dgqtZpaGiI1atXd9p5AAAA
tF5RFFFXVxcbN25s1/s3btwYdXV1Vb3oSHzmZCBAwzH06tWr2iN0G3v27IlVq1ZVZK+6uroYN25c
HDlypCL7fZiiKGL69OkViecAAADk2LdvX8yYMSP27t3bpvft3bs3ZsyYEfv27Uua7KOJz5wsBGj4
gAcffDB2794d+/fvjzVr1sSkSZOqPVK3cMkll1Qk5Pbo0SOWLVsWn/70p6OpqakCkx3f66+/Hs89
91zqGQAAAHTcpk2boq6uLhoaGlr1+oaGhqirq4tNmzYlT3Z84jMnEwEafum6666L2bNnx5AhQ6J3
794xZcqUeOCBB6o9Vrdw5MiRuPzyyyvyY02TJ0+OT3ziE3HOOedEY2NjBaY7WrlcjnPOOce9nwEA
AE4QK1asiLlz57bqtXPnzo0VK1YkT3R8GzZsEJ85qQjQ8Evnn3/+Uc+5Arpy/uVf/qUi/4EvlUrx
D//wD7F58+YYO3ZsxW+RURRFzJw5s6o/hgUAAEDbLVmyJJYuXfqhr1m6dGksWbKkkyY62oYNG+Ls
s8+u2vlQDT2rPQB0FZs3bz7quW3btlVhku6pKIr4/d///di6dWuMHDmyQ3vV1NTE5s2bY9iwYdG/
f//43//93xg9enSUSqUOz7l06dJ4+umnO7wPAAAAnW/OnDkxceLEuOCCC4762sqVK2POnDlVmOo9
69evr2h8njx5cjz77LPtfv/YsWNbPPZTwGQRoOGXFi9eHLW1tfHpT386It778Lx77rmnylN1L01N
TTFq1KjYs2dPDBgwoEN7DRw4MLZu3RqnnXZanHnmmXHTTTfFokWLomfP9n1bK4oinnvuubjxxhv9
RxcAAOAE1djYGDNnzoyXXnopxowZ0/z85s2bY+bMmWm3cvwoGVc+DxkyJH7nd36nYvtV4qIuOJZS
RCgt8Eu9evWKqVOnxtChQ2P16tVRX19f7ZG6pQEDBsT27dtj4MCBHd5r69atMWbMmCiXyzFo0KD4
4Q9/GBdeeGHU1LT+DkPvx+epU6eKzwAAAN3ApEmTYvXq1dGvX784ePBgfPazn41169ZVZZYT5bYb
3/3ud2P27NnVHoNuyD2g4QMaGhpi+fLl8fjjj4vPiQ4cOBCDBw+ON998s8PBd9SoUbFjx44YMGBA
7Nu3Ly6++OIYNGhQPPPMM9HY2PiR+xdFEUuXLo2pU6fGwIEDY8iQIdG/f/+IiIoEcgAAADrfunXr
4pprromIiGuuuUZ8hipyBTRQNTU1NfG9730vbrjhhg7/qM/Bgwfj4osvjhdeeKH5ud69e8dVV10V
t912W3zyk59sPuP9/y2Xy1FXVxc/+MEPIiLioosuiunTp8d5550XS5YsiXvuuSd+4zd+o0NzAQAA
UD3nn39+rFmzpipnX3HFFTF37ty0/Xfv3h1r166t2H4vvvhiLFu2rGL7wfsEaKDqJk+eHC+88EL0
6tWrQyG6XC7HY489Fn/yJ3/S4srnUqkUvXv3jlGjRsWFF14Yf/RHfxRnnXVWnH/++fH22283v27Y
sGFx1VVXxYwZM+JnP/tZXH/99XHmmWd26PcGAAAAcDIToIEuoUePHrFw4cKYP39+h6+GPnz4cFx5
5ZXx9NNPt/m9759dFEXU1NREuVzu0CwAAAAAJzMBGuhSevbsGX/9138ds2bNipqamnbH6KIo4tCh
Q/GFL3whnn/+eR8uCAAAAFAFPoQQ6FIaGxvjT//0T6Nnz54xderUeP755+PAgQNRLpdbHZGLooii
KOLAgQNx/fXXx5gxY5KnBgAAAOBYXAENnBBOP/30uOCCC2LatGnxW7/1WzFmzJgYPHhw9OvXL959
993YtWtXvPHGG7Fq1apYtmxZvPzyy7F3715XPgMAAABUkQANAAAAAEAKt+AAAAAAACCFAA0AAAAA
QAoBGgAAAACAFAI0AAAAAAApBGgAAAAAAFII0AAAAAAApBCgAQAAAABIIUADAAAAAJBCgAYAAAAA
IIUADQAAAABACgEaAAAAAIAUAjQAAAAAACkEaAAAAAAAUgjQAAAAAACkEKABAAAAAEghQAMAAAAA
kEKABgAAAAAghQANAAAAAEAKARoAAAAAgBQCNAAAAAAAKQRoAAAAAABSCNAAAAAAAKQQoAEAAAAA
SCFAAwAAAACQQoAGAAAAACCFAA0AAAAAQAoBGgAAAACAFAI0AAAAAAApBGgAAAAAAFII0AAAAAAA
pBCgAQAAAABIIUADAAAAAJBCgAYAAAAAIIUADQAAAABACgEaAAAAAIAUAjQAAAAAACkEaAAAAAAA
UgjQAAAAAACkEKABAAAAAEghQAMAAAAAkKJnURTVngEAAAAAgG7IFdAAAAAAAKQQoAEAAAAASCFA
AwAAAACQQoAGAAAAACCFAA0AAAAAQAoBGgAAAACAFAI0AAAAAAApBGgAAAAAAFII0AAAAAAApBCg
AQAAAABIIUADAAAAAJBCgAYAAAAAIIUADQAAAABACgEaAAAAAIAUAjQAAAAAACkEaAAAAAAAUgjQ
AAAAAACkEKABAAAAAEghQAMAAAAAkEKABgAAAAAghQANAAAAAEAKARoAAAAAgBQCNAAAAAAAKQRo
AAAAAABSCNAAAAAAAKQQoAEAAAAASCFAAwAAAACQQoAGAAAAACCFAA0AAAAAQAoBGgAAAACAFAI0
AAAAAAApBGgAAAAAAFII0AAAAAAApBCgAQAAAABIIUADAAAAAJBCgAYAAAAAIIUADQAAAABACgEa
AAAAAIAUAjQAAAAAACkEaAAAAAAAUgjQAAAAAACkEKABAAAAAEghQAMAAAAAkEKABgAAAAAghQAN
AAAAAEAKARoAAAAAgBQCNAAAAAAAKQRoAAAAAABSCNAAAAAAAKQQoAEAAAAASCFAAwAAAACQQoAG
AAAAACCFAA0AAAAAQAoBGgAAAACAFAI0AAAAAAApBGgAAAAAAFII0AAAAAAApBCgAQAAAABIIUAD
AAAAAJBCgAYAAAAAIIUADQAAAABACgEaAAAAAIAUAjQAAAAAACkEaAAAAAAAUgjQAAAAAACkEKAB
AAAAAEghQAMAAAAAkEKABgAAAAAghQANAAAAAEAKARoAAAAAgBQCNAAAAAAAKQRoAAAAAABSCNAA
AAAAAKQQoAEAAAAASCFAAwAAAACQQoAGAAAAACCFAA0AAAAAQAoBGgAAAACAFAI0AAAAAAApBGgA
AAAAAFII0AAAAAAApBCgAQAAAABIIUADAAAAAJBCgAYAAAAAIIUADQAAAABACgEaAAAAAIAUAjQA
AAAAACkEaAAAAAAAUgjQAAAAAACkEKABAAAAAEghQAMAAAAAkEKABgAAAAAghQANAAAAAEAKARoA
AAAAgBQCNAAAAAAAKQRoAAAAAABSCNAAAAAAAKQQoAEAAAAASCFAAwAAAACQQoAGAAAAACCFAA0A
AAAAQAoBGgAAAACAFAI0AAAAAAApBGgAAAAAAFII0AAAAAAApBCgAQAAAABIIUADAAAAAJBCgAYA
AAAAIIUADQAAAABACgEaAAAAAIAUAjQAAAAAACkEaAAAAAAAUgjQAAAAAACkEKABAAAAAEghQAMA
AAAAkEKABgAAAAAghQANAAAAAEAKARoAAAAAgBQCNAAAAAAAKQRoAAAAAABSCNAAAAAAAKQQoAEA
AAAASCFAAwAAAACQQoAGAAAAACCFAA0AAAAAQAoBGgAAAACAFAI0AAAAAAApBGgAAAAAAFII0AAA
AAAApBCgAQAAAABIIUADAAAAAJBCgAYAAAAAIIUADQAAAABACgEaAAAAAIAUAjQAAAAAACkEaAAA
AAAAUgjQAAAAAACkEKABAAAAAEghQAMAAAAAkEKABgAAAAAghQANAAAAAEAKARoAAAAAgBQCNAAA
AAAAKQRoAAAAAABSCNAAAAAAAKQQoAEAAAAASCFAAwAAAACQQoAGAAAAACCFAA0AAAAAQAoBGgAA
AACAFAI0AAAAAAApBGgAAAAAAFII0AAAAAAApBCgAQAAAABIIUADAAAAAJBCgAYAAAAAIIUADQAA
AABACgEaAAAAAIAUAjQAAAAAACkEaAAAAAAAUgjQAAAAAACkEKABAAAAAEghQAMAAAAAkEKABgAA
AAAghQANAAAAAEAKARoAAAAAgBQCNAAAAAAAKQRoAAAAAABSCNAAAAAAAKQQoAEAAAAASCFAozt4
ewAAIABJREFUAwAAAACQQoAGAAAAACCFAA0AAAAAQAoBGgAAAACAFAI0AAAAAAApBGgAAAAAAFII
0AAAAAAApBCgAQAAAABIIUADAAAAAJBCgAYAAAAAIIUADQAAAABACgEaAAAAAIAUAjQAAAAAACkE
aAAAAAAAUgjQAAAAAACkEKABAAAAAEghQAMAAAAAkEKABgAAAAAghQANAAAAAEAKARoAAAAAgBQC
NAAAAAAAKQRoAAAAAABSCNAAAAAAAKQQoAEAAAAASCFAAwAAAACQQoAGAAAAACCFAA0AAAAAQAoB
GgAAAACAFAI0AAAAAAApBGgAAAAAAFII0AAAAAAApBCgAQAAAABIIUADAAAAAJBCgAYAAAAAIIUA
DQAAAABACgEaAAAAAIAUAjQAAAAAACkEaAAAAAAAUgjQAAAAAACkEKABAAAAAEghQAMAAAAAkEKA
BgAAAAAghQANAAAAAEAKARoAAAAAgBQCNAAAAAAAKQRoAAAAAABSCNAAAAAAAKQQoAEAAAAASCFA
AwAAAACQQoAGAAAAACCFAA0AAAAAQAoBGgAAAACAFAI0AAAAAAApBGgAAAAAAFII0AAAAAAApBCg
AQAAAABIIUADAAAAAJBCgAYAAAAAIIUADQAAAABACgEaAAAAAIAUAjQAAAAAACkEaAAAAAAAUgjQ
AAAAAACkEKABAAAAAEghQAMAAAAAkEKABgAAAAAghQANAAAAAEAKARoAAAAAgBQCNAAAAAAAKQRo
AAAAAABSCNAAAAAAAKQQoAEAAAAASCFAAwAAAACQQoAGAAAAACCFAA0AAAAAQAoBGgAAAACAFAI0
AAAAAAApBGgAAAAAAFII0AAAAAAApBCgAQAAAABIIUADAAAAAJBCgAYAAAAAIIUADQAAAABACgEa
AAAAAIAUAjQAAAAAACkEaAAAAAAAUgjQAAAAAACkEKABAAAAAEghQAMAAAAAkEKABgAAAAAghQAN
AAAAAEAKARoAAAAAgBQCNAAAAAAAKQRoAAAAAABSCNAAAAAAAKQQoAEAAAAASCFAAwAAAACQQoAG
AAAAACCFAA0AAAAAQAoBGgAAAACAFAI0AAAAAAApBGgAAAAAAFII0AAAAAAApBCgAQAAAABIIUAD
AAAAAJBCgAYAAAAAIIUADQAAAABACgEaAAAAAIAUAjQAAAAAACkEaAAAAAAAUgjQAAAAAACkEKAB
AAAAAEghQAMAAAAAkEKABgAAAAAghQANAAAAAEAKARoAAAAAgBQCNAAAAAAAKQRoAAAAAABSCNAA
AAAAAKQQoAEAAAAASCFAAwAAAACQQoAGAAAAACCFAA0AAAAAQAoBGgAAAACAFAI0AAAAAAApBGgA
AAAAAFII0AAAAAAApBCgAQAAAABIIUADAAAAAJBCgAYAAAAAIIUADQAAAABACgEaAAAAAIAUAjQA
AAAAACkEaAAAAAAAUgjQAAAAAACkEKABAAAAAEghQAMAAAAAkEKABgAAAAAghQANAAAAAEAKARoA
AAAAgBQCNAAAAAAAKQRoAAAAAABSCNAAAAAAAKQQoAEAAAAASCFAAwAAAACQQoAGAAAAACCFAA0A
AAAAQAoBGgAAAACAFAI0AAAAAAApBGgAAAAAAFII0AAAAAAApBCgAQAAAABIIUADAAAAAJBCgAYA
AAAAIIUADQAAAABACgEaAAAAAIAUAjQAAAAAACkEaAAAAAAAUgjQAAAAAACkEKABAAAAAEghQAMA
AAAAkEKABgAAAAAghQANAAAAAEAKARoAAAAAgBQCNAAAAAAAKQRoAAAAAABSCNAAAAAAAKQQoAEA
AAAASCFAAwAAAACQQoAGAAAAACCFAA0AAAAAQAoBGgAAAACAFAI0AAAAAAApBGgAAAAAAFII0AAA
AAAApBCgAQAAAABIIUADAAAAAJBCgAYAAAAAIIUADQAAAABACgEaAAAAAIAUAjQAAAAAACkEaAAA
AAAAUgjQAAAAAACkEKABAAAAAEghQAMAAAAAkEKABgAAAAAghQANAAAAAEAKARoAAAAAgBQCNAAA
AAAAKQRoAAAAAABSCNAAAAAAAKQQoAEAAAAASCFAAwAAAACQQoAGAAAAACCFAA0AAAAAQAoBGgAA
AACAFAI0AAAAAAApBGgAAAAAAFII0AAAAAAApBCgAQAAAABIIUADAAAAAJBCgAYAAAAAIIUADQAA
AABACgEaAAAAAIAUAjQAAAAAACkEaAAAAAAAUgjQAAAAAACkEKABAAAAAEghQAMAAAAAkEKABgAA
AAAghQANAAAAAEAKARoAAAAAgBQCNAAAAAAAKQRoAAAAAABSCNAAAAAAAKQQoAEAAAAASCFAAwAA
AACQQoAGAAAAACCFAA0AAAAAQAoBGgAAAACAFAI0AAD/j737DrOzrvP//5oS0gOpdEjohG6hyCpY
EERYEEURXXctv/Xar67f7+6yDXVl18ayKogKKEVZEBQEAoYaEhICIaQnhPTee8/0M/P7gyIqPXPP
mck8HtfldWFy5nO/ZwbOnHne9/ncAAAAhRCgAQAAAAAohAANAAAAAEAhBGgAAAAAAAohQAMAAAAA
UAgBGgAAAACAQgjQAAAAAAAUQoAGAAAAAKAQAjQAAAAAAIUQoAEAAAAAKIQADQAAAABAIQRoAAAA
AAAKIUADAAAAAFAIARoAAAAAgEII0AAAAAAAFEKABgAAAACgEAI0AAAAAACFEKABAAAAACiEAA0A
AAAAQCEEaAAAAAAACiFAAwAAAABQCAEaAAAAAIBCCNAAAAAAABRCgAYAAAAAoBACNAAAAAAAhRCg
AQAAAAAohAANAAAAAEAhBGgAAAAAAAohQAMAAAAAUAgBGgAAAACAQgjQAAAAAAAUQoAGAAAAAKAQ
AjQAAAAAAIUQoAEAAAAAKIQADQAAAABAIQRoAAAAAAAKIUADAAAAAFAIARoAAAAAgEII0AAAAAAA
FEKABgAAAACgEAI0AAAAAACFEKABAAAAACiEAA0AAAAAQCEEaAAAAAAACiFAAwAAAABQCAEaAAAA
AIBCCNAAAAAAABRCgAYAAAAAoBACNAAAAAAAhRCgAQAAAAAohAANAAAAAEAhBGgAAAAAAAohQAMA
AAAAUAgBGgAAAACAQgjQAAAAAAAUQoAGAAAAAKAQAjQAAAAAAIUQoAEAAAAAKIQADQAAAABAIQRo
AAAAAAAKIUADAAAAAFAIARoAAAAAgEII0AAAAAAAFEKABgAAAACgEAI0AAAAAACFEKABAAAAACiE
AA0AAAAAQCEEaAAAAAAACiFAAwAAAABQCAEaAAAAAIBCCNAAAAAAABRCgAYAAAAAoBACNAAAAAAA
hRCgAQAAAAAohAANAAAAAEAhBGgAAAAAAAohQAMAAAAAUAgBGgAAAACAQgjQAAAAAAAUQoAGAAAA
AKAQAjQAAAAAAIUQoAEAAAAAKIQADQAAAABAIQRoAAAAAAAKIUADAAAAAFAIARoAAAAAgEII0AAA
AAAAFEKABgAAAACgEAI0AAAAAACFEKABAAAAACiEAA0AAAAAQCEEaAAAAAAACiFAAwAAAABQCAEa
AAAAAIBCCNAAAAAAABRCgAYAAAAAoBACNAAAAAAAhRCgAQAAAAAohAANAAAAAEAhBGgAAAAAAAoh
QAMAAAAAUAgBGgAAAACAQgjQAAAAAAAUQoAGAAAAAKAQAjQAAAAAAIUQoAEAAAAAKIQADQAAAABA
IQRoAAAAAAAKIUADAAAAAFAIARoAAAAAgEII0AAAAAAAFEKABgAAAACgEAI0AAAAAACFEKABAAAA
ACiEAA0AAAAAQCEEaAAAAAAACiFAAwAAAABQCAEaAAAAAIBCCNAAAAAAABRCgAYAAAAAoBACNAAA
AAAAhRCgAQAAAAAohAANAAAAAEAhBGgAAAAAAAohQAMAAAAAUAgBGgAAAACAQgjQAAAAAAAUQoAG
AAAAAKAQAjQAAAAAAIUQoAEAAAAAKIQADQAAAABAIQRoAAAAAAAKIUADAAAAAFAIARoAAAAAgEII
0AAAAAAAFEKABgAAAACgEAI0AAAAAACFEKABAAAAACiEAA0AAAAAQCEEaAAAAAAACiFAAwAAAABQ
CAEaAAAAAIBCCNAAAAAAABRCgAYAAAAAoBACNAAAAAAAhRCgAQAAAAAohAANAAAAAEAhBGgAAAAA
AAohQAMAAAAAUAgBGgAAAACAQgjQAAAAAAAUQoAGAAAAAKAQAjQAAAAAAIUQoAEAAAAAKIQADQAA
AABAIQRoAAAAAAAKIUADAAAAAFAIARoAAAAAgEII0AAAAAAAFEKABgAAAACgEAI0AAAAAACFEKAB
AAAAACiEAA0AAAAAQCEEaAAAAAAACiFAAwAAAABQCAEaAAAAAIBCCNAAAAAAABRCgAYAAAAAoBAC
NAAAAAAAhRCgAQAAAAAohAANAAAAAEAhBGgAAAAAAAohQAMAAAAAUAgBGgAAAACAQgjQAAAAAAAU
QoAGAAAAAKAQAjQAAAAAAIUQoAEAAAAAKIQADQAAAABAIQRoAAAAAAAKIUADAAAAAFAIARoAAAAA
gEII0AAAAAAAFEKABgAAAACgEAI0AAAAAACFEKABAAAAACiEAA0AAAAAQCEEaAAAAAAACiFAAwAA
AABQCAEaAAAAAIBCCNAAAAAAABRCgAYAAAAAoBACNAAAAAAAhRCgAQAAAAAohAANAAAAAEAhBGgA
AAAAAAohQAMAAAAAUAgBGgAAAACAQgjQAAAAAAAUQoAGAAAAAKAQAjQAAAAAAIUQoAEAAAAAKIQA
DQAAAABAIQRoAAAAAAAKIUADAAAAAFAIARoAAAAAgEII0AAAAAAAFEKABgAAAACgEAI0AAAAAACF
EKABAAAAACiEAA0AAAAAQCEEaAAAAAAACiFAAwAAAABQCAEaAAAAAIBCCNAAAAAAABRCgAYAAAAA
oBACNAAAAAAAhRCgAQAAAAAohAANAAAAAEAhBGgAAAAAAAohQAMAAAAAUAgBGgAAAACAQgjQAAAA
AAAUQoAGAAAAAKAQAjQAAAAAAIUQoAEAAAAAKIQADQAAAABAIQRoAAAAAAAKIUADAAAAAFAIARoA
AAAAgEII0AAAAAAAFEKABgAAAACgEAI0AAAAAACFEKABAAAAACiEAA0AAAAAQCEEaAAAAAAACiFA
AwAAAABQCAEaAAAAAIBCCNAAAAAAABRCgAYAAAAAoBACNAAAAAAAhRCgAQAAAAAohAANAAAAAEAh
BGgAAAAAAAohQAMAAAAAUAgBGgAAAACAQgjQAAAAAAAUQoAGAAAAAKAQAjQAAAAAAIUQoAEAAAAA
KIQADQAAAABAIQRoAAAAAAAKIUADAAAAAFCI6nIPAHQuDaVSSi3NaXmDx1WkolWPW1lRka5VVa26
ZkfT3NKSxubmNLe80Ve/vCorKlJVUZGqyspW/rcAAAAAaGsCNNCm/v6JxzNs/tzUNDa+5mMqKirS
vUuX9OnaNV2rd/1pqiIV2adnzzx4wcezRyeO0M+uWZ0rnnk6q2p2lHuU1zWwe4/835PemQ8eeFB6
ddmj3OMAAAAAu0CABtrUmu3bs6m2NqXm5td93I6GhmzYubPVroBdWFWdUju/8rdId82dnb8fNSJb
6ure8Gtfbsu7ds1xHzo7PcVnAAAA6PAEaKBNNbe0pKWl5Q234Mibecxb0NRcasXVOpb/nTUz//bk
E1m/c2erfk2LUF1VlSc/9Zkc1LuP7TcAAABgNyBAA+zGbnpuer79zFNZs2NHu4/PvfbYI09e8tkc
M2BgqirkZwAAANgdCNAAu6kbpk3JVROfzfJt29p1fK5IsnfPXrnngoty4sBBqRCfAQAAYLchQANt
qjlp1zF0d3HdtCm5ZvLELNm6pV1/vSuSHLznnrnxw+fmPfvtX+5xAAAAgFYmQANtqtTSnJZOfDPA
tvCzqZNz7ZRJWbB5U7uPz4f365cfnvnBfOjgweUeBwAAAChAZbkHADqXN3UDQt6266dPzbVTJ2d+
B4jPQwcMzJXvfX/OO+Swco8DAAAAFMQV0AC7iZ9Pn5ofTZqQhe09PldU5LgBA3P5Ke/Jxw4/otzj
AAAAAAUSoAF2A7fMnJErJzyTpVu3tu/4nOTEQXvnX959aj511NHlHgcAAAAomAAN0MHdPmtmvvX0
k1m5fXv7js8VFTlx0N75p3ednEvEZwAAAOgUBGiADuzuuXPyj0+MzPramnKP8roqkpwwcFD++d2n
5NNHDS33OAAAAEAbEaABOqDG5uY8umRRvvjYQ9leX1/ucV5XRUVFjh0wMP968mmufAYAAIBORoAG
6GDqS6WMWrY0F973u5Ra2vOmGy9c+XxUv/751nv+Ih8//MhyjwMAAAC0MQEaoAOpK5UyZvmy/OV9
d3eI+HzIXnvl++89Mxccdni5xwGgk1m7YkWaS81prK9LY31DmluaX/67qqqqVFVXp6qqKl179EiP
3r3Ts3fvMk4LALD7EqABOoi6pqaMWbEsH7337pSam9/4A8psv96989MPnZ1zBh9S7lEA6CSam5uz
Ye3a7Kyry3Xf+GbqamuyasGCrFm6PA2v2LKq9157pkef3unTv3+GHHtc3nnmGXn/Oeekb//+ZZwe
AGD3JEADdAANpVJGr1iW8ztIfO7XrXtuP/f8nHngweUeBYBOorlUyvKlS/N3l16ah5999vUfvLY2
WbsmmT8/GT8++9x7T/76U5/Kv3/vu+nWrXu6duvWNkMDAHQCleUeAIDX15LksSWLc949d6WpA8Tn
rtXVeeQTnxKfAWgzLS0tWb5kyZuLz69izaZNufbGG3P2qafm1htuSHNzqYApAQA6JwEaoJ27b/7c
fGr4sHa/53OSVFVWZvyln8s7996n3KMA0IlMnzIlZ/3F6Xls4sS3vUZtU1Mmzl+Qf/vWt/J/Lrmk
FacDAOjcbMEB0I7dPmtm/t+ox1PT2FjuUd5QdVVVJn32b3JM/wGprKgo9zgAdBLPT5uWKy67LAvX
rkvzLp6sbW5uzpZt2/LQuGdaaToAAFwBDdBO/XLmjPzb2NHZWFdb7lHe0B5VVZn4mb/OMf0HpLrS
jxYA2sbi+fPzq5tvzuPjx+9yfH5JS5K169bl7NPfk8aGhlZZEwCgM1MJANqhX0yfmv8c91RWbd9e
7lFeV0VeuOHg05/+qxw/cJD4DECbWrRwYYbff3921tW16rqNjY0ZO2ly/uXLX86ObdtadW0AgM5G
KQBoZ66fPiVXTXw2y7ZtTXve9bkiyb69euXeCy/Ku/bZ17YbALS5rTt2ZPHqVa2+bkuSuoaGPPro
I2lwFTQAwC6xBzRAO3LdtCm5ZvLELNqyud3H50P69s3PPnh2zjjgoHKPA0AntHj+/Dw9Zkzqm0qF
rN+SZMmGDSk1NxeyPgBAZ+EKaIB24rppU/LjyROzYPOmdh+fj+w/ID8644M5e/CQco8DQCe1edOm
LF+ypNBj1DY2teufyQAAHYEADdAO3DB9aq6ZPDHz23t8rqjIcQMH5dunvzd/edjh5R4HgE5sx7Zt
2bBuXeHHGfnww6nZubPw4wAA7K4EaIAyu3HGtPxg4rMd4srnEwYOyuWnviefOOKoco8DQCdXV1OT
7Vu2FH6ch++5Jzva+U2BAQDaM3tAA5TRr2bOyHfHj2v/NxysqMiJg/bOZe86JZ868uhyjwMAbWbd
qlUpNTWVewwAgA5LgAYokzvnzMq/jx2TtTt3tO/4nLwYn0/OpUcPLfc48JasWbUq69asSV1NTTZu
WJ+6uvrs2bt3kqSyqioD9903x5xwQpmnBNqzqqqqVFRUlHsMoB2aM3NmGhoasmXjxmzcuDHdunVN
1y57JEl69O6dg4YMyX4HHljmKQHKT4AGaGPNLS25f+H8fHXkY9lcW9u+43NFRY4bMPDF+HxMuceB
N2XVihVZNH9+NmzenJkzZmTurFnZtnlzFi9YkB07d2TvgYOSJNVduuSwoUNz7sc+lv0GDMi7Tjst
Xbt1K/P0QHtTWWnXQuAFjY2NWTBnTpYsWpSdDQ15bPjw1NbWZsWiRVm6bGl69eyVnj16JEn6DRyY
d51+ek459dQcesghOfIYr6WBzkuABmhDDaVSRixdkkuH35+6dv523ookx/QfkK+f+p580rYbdBAL
587NXXfemft+d3dmzV+QnQ0Nf/aYxes3vPzPT02fnl/deWdOO+aY/MM3v5lDDj44Rx97bHr06tWW
YwPtmAANJEldbW0mPfNMbvrFLzLioYeyeseOtLT8yaUkr3iNkSQPjRmTvfv2zfkf+Ugu/eIXs/8+
++SIod5RCHQ+AjRAG6lrasro5cty4bDfpam5udzjvK6KJIf365//PP29uejwI8s9Drwp82bPzo++
853c+9BDWf8Wb0z2zPPP55lLLsnJRx+dK773vZzxoQ+J0NDOVVRWprIttsaw+wZ0ejt37MiTI0fm
O1//esY9//xb+ti1mzfnpjvuyD2//30+dvbZ+eb3v5/Bhx1W0KQA7ZMADdAG6kpNGbNiWc67966U
/vRKiXamIsnBe+6VH535wXz0kEPLPQ68KWtXrcrff+mLeXLCxF16d8GE2bNzxeWX54qWlpzx4Q+n
R8+erTgl0JoqKypSWVVV+HHa+Y9toGB1tbV5cuTIfOGzn8maHTvf9jqbt2/PPQ8/nOampvzwppvS
r3//VpwSoH3zfjKAgtWXShmzfFk+eu/d7T4+J8mgHj3zi7POEZ/pMDZv3JhvfO1reXb6jFbZ2mbC
7Nn51uWX56lRo9L4Klt4AACdQ0N9fZ4ZMybf+frXdyk+v2Trzp15YMyY3PiTn7TCdAAdhwANUKCm
5uY8vnRxzvndb1Nq59tuJEmfrl1zzwUX5azBQ8o9Crxp//SFL+Q3Dz2UrTt3/RfDl0ycMye/vOWW
zJw+vdXWBAA6lglPPZWvX3bZW9524/Vs2rw5V99wQ2pqalptTYD2ToAGKNCDixbmL+/7XbnHeFOq
Kisz+lOfyXv227/co8Bb8vCECdlRW9vq644e+XjmzprV6usCAB3DivXr80wrxueXbFy/PqceeWSa
GhtbfW2A9kiABijIb+bMymcfeiDNHWDbjeqqqkz67N/k+IGDUtEWN3SCVlAqlfK3H/94tm7eXMj6
a3fszP0PPJApzz5byPoAQPs1+pFHcsP//E8hazc1N2fRpk1p/78lALQOARqgALc+/1y++vhj2dEB
9o+tqqzMpM/+TY4dMDBV4jMdzM4dO9JS0EmelpaWNDQ0pKkV9pUGADqWxsbG1BXwDquXNDQ25sZr
r01dXV1hxwBoLwRogFZ244xpuXzs6GysK+4Fa2vp2aVLJn72b3JM/wGprvQjgY6lpbk5cxfMT1Op
VNgxVi1Zkg1r1hS2PtD+OTcLndOWrVuyquDXANu3bk1LB7hPDMCuUhsAWtH106bku+PHZdWOHeUe
5Q0N7N4jIy7+dE4ctLf4TIfUkmTR+g0pFRigl69ckXXr1hW2PtABeI88dErbauuydtu2wtYvlUp5
4N570tAB3jEJsKuqyz0A0LlUVVSmIhVp2Q1/m/vp1Mm5etKELN22tdyjvK6KJAf26ZNbzv5oTnPD
QTq4uqamQp9NGhoa0mgLDujUml2dCJ3OvNmzM/HZZ9NQ4EnulubmrFm9utAT6QDthQANtKnKiopU
VCQd4L58b8lPpk7KtVMmZdHWLeUe5XVVJDm0b99c+4Gz8sGDB5d7HHjbGhoa8tB99/mlDShcqVTa
/V64AK9ry6ZNWb92bbnHANhtCNBAm6p48X+7k59OnZxrp0zKgs2byz3K66qoqMjQ/v3z7dPPyEeG
HFrucWCXlJqaMvf55wu7ASHAS5qbm3fD920BALQdARpgF/x8+tRcM3lCFm5p/1c+HzdgYL5x2un5
2OFHlHscAAAAoJMQoAHeppufm57/njA+S9r7thsVFTlh4KD8y8mn5uIjjir3OAAAAEAnIkADvA23
zZqZK8Y9lZXbt7Xrt+VWJDlx0N657F0n59NHDS33OAAAAEAnI0ADvEW/nTs7l40elfU1O9t3fH7x
yufL3n1KLhWfAQAAgDIQoAHepKbm5jyyZFH+9tGHs62hvtzjvK6KJMcOGJh/PfnUXCI+AwAAAGUi
QAO8CfWlUkYuW5KL7r83jaVSucd5XRVJjuo/IN887XR7PgMAAABlJUADvIG6Uiljli/LX957d0ot
7XnTjRfi86F9++b77z0zFxx2eLnHAQAAADo5ARrgddQ1NWXMimU5r4PE5/179861HzgrHxlyaLnH
AQAAABCgAV5LQ6mU0cuX5bx772r38TlJ+nfvkf899/y8/8CDyz0KAAAAQBIBGuBVNbe0ZMTSJblw
2O86RHzuVl2dBz/+yZy8z77lHgUAAADgZQI0wKsYtmBePvvgA2lqbi73KG+ooqIi4y79XE4YOKjc
owAAAAD8EQEa4E/cMfv5/P2oEaltair3KG/KlL/6fI4dMDCVFRXlHgUAAADgj1SWewCA9uSXM2fk
n0aPyuba2nKP8oYqKioy5XNfyLEDBqa60tM5AAAA0P64AhrgRTfOmJbvjh+XtTt3pL3v+tx7jz0y
6pOX5viBg1LlymcAAACgnRKgAZJcP21KfjhpQpZt29ru4/OgHj1y1/kfy7vccLDdK5VKue/OO9Pc
3JyFs2dn0eJFqauvT5JsqatLbeNrb/NSXVmZgT17/NGfDTnwoFRXV+fgww/P2RdckH3226/Q+ekc
li5alGefeiq1O3dm6fz5L/95RUVFDj/22Fx4ySXp1r17GSdsG5PGj8+iefOyYe3aLJw3N3V19dl7
4MD06NUrBx12WHr26pWPXnRRucdsU3ffemtmT5+e9Rs3Zsu2rUmS2sbGbKmrf82P2adXz1S8eGJ0
/332zeBDD033nj1z6vvelyOPOaZN5ubNe/yhh7Jpw4ZMnvBsVq1c+fKf72xozLb61/7S3nOiAAAg
AElEQVQ+J3/4Xh+0/wHpusceOeCQQ/LBc8/NwYccUvTY7cLqlSszduTIbN+2LU+PGZPBBx748t8d
OnRozv/EJ9Jnr73afK6dO3bkwXvvTUtLS+bPnJmFixenqfTC641NtbWpbyq96sd1q65O3+7d0q1r
1xy43/5Jksqqqhx+7LH52Kc/nT322KPNPgcAdj8CNNDpXTdtSq6ZPDGLtmxu9/H54D575ucfPidn
HHhQuUfhVaxfuzYjH344i+bMybKVK7N2+/YsnD8/Lc3N2bp5c7Zu3ZrmF29sWV9qSmPptW9yWVlR
kR5duvzRn/Xu1SsVlZXps9deuXPYsOzXv18O2Hvv9OnVO30HDszJ731vjjvppEI/R3YPs2bMyKPD
f5/pz83MyvXrs2blyjQ1NWXbli1/9Li+/fvnjvvuS3V1dY4bMiSf/7u/y+DDDivT1MW457bb8uio
UZk1d262bt6cutrabNm8OU2lpvTo3iNdunRJ7z33TJc99sitd96Z0449Nl/7xjdSVVVV7tFb3fVX
XZU5c+dm9dataWpuzoLZs7Nxw4bU1dWloaEhSdLYXHrNgJUkPffYIy+9L6dHjx7ps+eeqe7SJYfd
d2/2HTQoBw8enLM/el7eddppbfAZ8UoN9fV58L77MvLRR9JcKmX9zposXrw49bW1Wbd2bWp27vzD
Y0ulNJRe+/uc/OF73atXr1RWVqb3nnvmzmHD0rtPnxw0aFAOGDgwJ55ySj503nkFf2ZtZ8JTT+Xu
3/wmC1etys4dO7Jq+fI0NDRk9apV6d2r18uP27Nfv9xx331551FH5Qtt8Ly5dtWqPHT//Zn4zLjU
NTRk4vQZSZItGzdmy7ZtScsLr3BrGxtTann1V7vVlZXpVl2dyqrK9Or5wudSWVGRvfr3zx333pt3
H3VUuu2xR/YfMiQfOOec7O0kOABvgQANdGrXTZuSH0+emAWbN7X7+Hx43375nzPen7MHd44rizqK
pYsWZdSjj2b6jOlZuX5DFsyZk43r12fzli3Z8WKweTuaW1r+7ON3bNqUJFm1YUPmLFiQ7tXV2bN3
73Tr2jU9evXKgcOH57ihQzN4n31ywODBueCSS3bpc2sLox97LLU1NVm1bFnqamqyYdPG1NS88R7s
pVJTnp8xI81vEEh21fb6htx9911ZMHfuLq+11557pk/v3kmSXn365JiTTmrzCDdj8uQ8MWJExj79
dKZOm5ZVa9ak7nVuuLpqw4Y8/+LnPr5//9TW1ubL//f/5tAjj2yrkQvz1KhRGTNqZIYPfzDPzZ2b
nXV1f/aYLTtrXviH1auTJDNmzsykp5/OtIULc9IRR+TzX/lK9uzbty3HblXbtm7NrT/7WVasWpn1
O2sy7oknsnbdumyrq0vza0SqN7LzFc9bOxoasu7FkxqLFy9Ol6qq7NW3b54Y90wOO/SQHLTPvnnv
mWfmvR/8YKt8Pvy5TRs3ZuTDD2X8uGeyfvv2zHruuSyYNzfNzS3Z2dDwtr/PyR++1y/9bMqGDZm7
cGGSpG/v3tmzZ8/s9+ijeWTEiAzZd9/sd+CB+dhnPrPLn1M5zJoxI0+MeCyPPfJonp44MRu3bv2z
x2x/xXPIqg0bMnvevEwZPz7T583Lu48/PhddfHGGnnhiq820aP78PPHoo5kx84UTibNnzszypUvT
8iqvH96Mpubmlz9uW+0fPpcV69dn5pw5mfLMM6muqsqe/frlngcfzPFHHpmLLr44x7bjE99rV6/O
lGefTX1dXVYuWZJSqZSVLz6fv5H169Zm3uzZhc7XkmT9zp254l//Jd277fo7jfbfd9+XT47ue+CB
ec+ZZ2af/fff5XUBWkNFS8suvOoAeIvOv/fuPLx44WtefVGULpWV2fq1f0r36j+cd7t++pRcPalj
xOeh/QfkP09/bz5xxFHlHoUkc2bOzLgxYzJ/8eIsWb48z02dmiVLl/5ReCmXPj17ZtBee6X/oEF5
/4c+lMMPOCDde/bMp7/4xXKP9rLmUimjR4zI+KefyhNjn0pdXV02rluXxoaGbN+xI3X1fx4CX8vW
19kKoLV0q65O1+pdv9q1R/ce6dnjhW1VunXvnmOPOy5nnXlm+g0YkAsvvXSX138jjw8fntt//euM
HTs2K9eued2rWF/LfgMG5C/OOCPnnH12PnTWWTlw8OACJi3eXb/8ZW7/7W8zaeLEbNi6NY1v40TG
kH32yccvuij/+PXLs+9+HesX/LWrVuWeO+7I1Dlz8sTDD2fDpo3ZVlffpj8Lu1RVZWDfvXL88Sfk
A2eckXefemrO/PCH39IaI4cPzzf+9V8zftasgqZ8wdnvfGd+OWxY9j3ggEKP01pWLluWsaNG5flZ
s7Jy/frMmDIl8+bOzfY32FKjKH169Migvn3Tb8CAvP/DH847jzkmF//1X5dllrdj7IgRue222zL6
yTFZvnLV6560ey379OuXiz/2sfztV76yy8F23qxZeXrM6Iwd+1TGT5iQJcuWvu6WXkXZu2/fnHb6
6TnlXe/KWR/+cN7Zjt7VsGLp0jz1xBN5+umnM+2559LY0JCN69alpaUlGzZtfNPrNDSVUvs2vt9v
VZ+uXdMat3Tp37dfKl+8MXnfAQNyzoc+lMEHHZRT3ve+HNOKJz8A3g5XQAOd0g0v7vncEbbdOG7g
wPz7ye8Rn9uBWTNmZNL48Rn95Jg8M+6ZLF2+vE1+MXkrtu3cmW07d2bBypWZ8fzzGbzvvunWvXvm
LFuWow86KB/7zGfStVu3ss1XW1OTe26/PbfecUemT5mcjTt27tIVeG2hrqnpbQWHP7W1rj7ZvPnl
/79k5cpMnzIlgwYNSlNjYw4YMiSnvu99u3yc1zLs/vsz7Pe/z9ZXvM3+rVq1YUPuuueezHzuufTZ
a68OGaDvvf32XH3NNZk2Z07qduGk0eI1a3LjzTdn4MCB+esvfzl779v+9+VfunBhRjz8cCY/91we
Gz48i1atKtssjaVSVm3YmHWjR2fa1Ck58cSTMn3q1LzjXe/K6e9//8sRhTdv6aJFmTBuXMY9/XSe
HDs28+bP36V34rSWbTU12VZTk6xcmRmzZ+fYww/PrMWLM3Tw4Fz0V3/VrrezGfv447nupz/No088
kc3bt7/tddZs2pTfDRuWvv37p/eee76tfbJnzZiRSc+Oz5NPjs24ceOyZNmysr4GWbt5c4YNH55x
Tz+dCZMm5X3ve19OPfnknHrGGWWbKUlmTZuW39xxR4Y/+GDmL1jQLv4beCNvtN/6m7X1lVd3r1z5
wtYwPXrk7Jkzc9Y55+To44/PkN1sGy2g4xCggTZVVVWZysrKlAp+2/zrufm56fnes89k+fZtZZvh
zTph4KD888mn5tNHDy33KJ3azGnTMmPq1IwcOTJPjR2bZave3hVQba22oSGzly5Nkkz/zncy9OCD
s2DVqhx9yCH50LnntvnWAdu3bcsDv/1t/vvKKzNz8eI2PXZ7tKO2NrOXLs3i1auz4/vfzzvecVJh
AfrpUaMycerUXYrPrzRr3rzc/ZvfZMjBB+cdJ5/cKmu2lR/98IeZMmtWGlrjpEJ9fW66+ebse8AB
Oe9jH0vf/v1bYcLWt2D27Ix7+uk8O3FiHnrggSxZs6bcI72sqbk5azZvyWOjR2fypEk5+ZRT8oU1
a3LuRRd1iptftoZF8+dn+uTJGTt2bEY/8UTmL1zYbqNbXUNDJj3/fKbOnp1jDzkkC9esyREHHpgP
n39+evXpU+7x/sy999yzy/H5Jas3bszdw4bl8KFD31KAfn769MyYOjWjRo3KU2OfzJIVK9vVa5B1
mzfnvuHDM3bs2Jx+2mk5+7nncvzQoTn9Ax9o81lmTZuWm264Ib+9556s2rChzY/f3qxYvz5JsvXe
e/P8c8/lc1/6kgANlI0ADbSpbtVdUlVRkcYyHf/2WTPz9bFjsramdSJMkU4YNCiXveuUfOboY8o9
Sqc29vHHc/vtt2fUiBFZtnbtG96Uqb1qbm7OzMWLM/M//iPHDhmSuYsX5/ijj86pf/EXGbD33oUf
v2bnzjw9enSuEp//TF1DQ6bOm5cNmzbl8eHDc+Y556S6uvVeoj375JO55gc/yNw5c1ptzSR5cPjw
7L/vvtnnxb1d27umpqaMfuSRTJs/v1Xi80vmr1iRm265JUcdd1ze3c4C9IplyzJ9+vQ89MADGf7A
A1m2bl25R3pNzS0tWb99ex56/PGsWrokm7ZsyQknnZRjTjghPXr2LPd47dbYJ0Zl2D33ZuSIEZm/
eFFqyrAVw9tRam7O9AULMv3f/z3HH3poFq5YkaFHHJHT3vve9BswoNzjJUkmP/NMJk6b1irx+SWz
583LsGH35ZihQ3PSu9/9ho9/etSo3HbbbS+8BlmzJvXt+DXIhq1bc/8jj2T02LE5633vS3V1dU4p
8F09f2rF0qW547bbxOdXsWrjxmzdvj0HPj4ip5xySg4/9thyjwR0QlVXXHHFFeUeAug8HlqyMHM2
bmzziFeR5Ii+/fK1USOyse6Nb3BWbscNHJR/efep+exQLxDLobm5OXOffz6Txo/PVd/+dn4/YkTW
bdnS5nuXF2Xdli0Z9cQTmfbss2lqaUl9TU169OhR6NVna1atyg3XXJOHx44t7BgdWUuSHXV1mTtt
Wk4+7bT0Hziw1d6W/t1/+9c88PjjrXb180saSqU01tXl4AMOyNDjj2/VtYtQW1OTz3/qU1m2Zk1a
+xYoS1esyAnHHZcjjzii3Vy1O3/WrNz161/nR1dfnQcfe6zVv/9FWrNpU54ZPTrLli1L7x49su/+
+7/q13XxvHkZ9fjjL1/lV5TD998/F1xySXq3oyt0lyxcmKfHjct/f+c7uef++7Ny/fo0NjeXe6y3
Ze3mzRnx+OOZMWFC+r+4tU97OOnwvW99K6PGjNmlrXpezfJFi9Ond+984KyzXvdxE556Kt/55jfz
+8cey5rNmzvMa5D6xsasWL06a5YsyaGHHdZmJyhHPvRQbr/jjsxetKhNjtfRNJZK2b5hY3pWVWXo
CSekezv4bwzoXGyuBrSpqorKsuzrWGppyece/n22vIWbm5VDRZKhAwbk8lNOy2eGuvK5HJqamjJv
9uz84Mor8+XP/01Gjh+f2jLduKlos5cuzeX/8R/5ype/nLtvvz1rC9wPdvv27ZkyeXJh6+8OSs3N
GT9rVobfc0/qalvvRNnCFStS04rrvdLceXMz8/nnC1m7NTU1NWXRggV5dvbslAqKdA/dPyxzC74Z
3pu1aN68XH/NNfnxT36Sma185Xtb2VBTk/sefjj/+c1v5JEHHsiWTZvKNktFRUVa4f5grWbWtGm5
4Sc/yZe++MU8/tRT7Wo7hl0xc/Hi/PB//ie/ve22rCnj/uRJsnL58kydM6dVr35+yY6Ghqxcuzbr
16591b8vlUp5ctTIfPOf/zmjnn02O+va92vXV7Nt5848OnZsvv31r+e5KVPa5JgLFy7MihUr2uRY
HdXadesyZcLELJrbMX8uAB2bLTgA2omKJIf37Zf/es/78vEjjiz3OJ1SfV1dZk6blp9fd11u/vWv
yz1Om5m3fHl++tOfpr6+Ppd+4fPZ74DWv1ppe01Npsyf3+rr7o52bN+ellaMpBt21hT2rpPt9Q2t
dvOkItXs2JFf33RTq1/5/EpTJkzIiuXLcnJOL+wYb2TNqlVZuXp1brn22twzfHjWljHatpap8xfk
yu98J0nykQsuSJ+99mrzGaqqqpKKMifolpasWrEi69atzXf//fI88tRT2VHQiaVymrl4cf7jm9/I
lu3bc9EnP5n999+/LFee//7uu7O6wJi5YO7cTB4/PudccMEf/XlTY2Mmjh+fz118cZZv3tLub9L7
enbU1uaxcePS/A//kB9cf30OO+qoQi9CWbByZeHvhujoKpKkVEpzO90jHti9uQIaoB2oSDJ4zz3z
gzM/KD6XSX1dXaZNnJh//PKXc+Ntt5V7nDY3b8WKfOf738uPr7oq61r5BmWNDQ3Zsnlzq665O5s+
YUIaW+mXw00bN6ap4Ksja2tqsmNb+76pa2NjY+ZMm1boMZqaW9Jcxla0cf36/OInP8n5H/1orvvf
/90t4vNLpi1YkO9/+9t58N57s70M/65VlOGdW6/U3NycNatX55qrrsrF556bYSNH7pbx+SUba2rz
9SuuyP/527/NqEcfzc4dO9p8hsVz5hR63MbGxjT8ycm7hvr6TJ4wIZ8877ws27S5Q8fnl9TW1+fR
cePy/774xSyeP7+wm5BvWLeu3f8cag+qU5Fs3Zq6FSvLPQrQCQnQAO3A3j175YazPpLzD3Vn6nJo
bGjItIkT8y9f/WqenDGj3OOUzda6+vz8FzfmyiuuaNVgvHL58jx4zz2ttt7ubu6C+WlspWh85y23
ZGPBN557fsaMPPXEE4UeY5e1tLTa1/S1bKipyc4yXVW2bevW/OyHP8xPb7wxq1/jbf0d3fSFC3PV
97+f4b+7OzUdaD/rXdXc3Jx1a9bk6iuvzA+vuy4L1q1PUwfd6/mteuKpp/Kjq6/O4w8/nLo23oai
qakpzQV+nTetW5cVr7ghb2NDQ6ZOmpRPnHtuVmzblo6fnv+goakpj06YkK9+7nNZtXx5IV/X39x8
c551j4k31KWiIj1ratLFleJAGQjQAGW2Z9euuev8C/PhwUPKPUqnVCqVMmncuPxzJ4/PL9laX5+b
f/WrfOufL0tTY2O5x+mUqiqr0lobzs6eOjW1NTWts9hraC6VCt3aojU0NjVl9ry55R6jEPV1dbn6
u9/N1ddfn/UbN5Z7nEJNW7Ag3/vOd3PfHXcUfmV/e9BcKmX1ihW5+sorc9VPflJoEG2vnnzmmVz1
gx/ksd//Po1t+DNp4ZIl2dlGJzpKpdIfxefdUXNzcx6ZMCHX/ehH2VzA89TBhx+eAfvs0+rr7o5a
klS00k2OAd4KARqgjKqrqjLqk5fmvQXsucubM+HJJ/OvX/taxorPL9tWX5+xEybmgbvvLvcondIx
Rx2VLtVdyj3Gm7Zu1aosmTev3GN0So2Njfnvb34zV/30p9mym4arPzVz8eLcfOutGfXIIy/+Sfs+
+bErFs2fny9dfHGu+slPyj1KWY2bMCHfvfLKPDxsWLlHKcSsadNy+d///W4bn1/pN7fflm1bt5Z7
jE6rvqUlO3r1St2gQeUeBeiEBGiAMqmqrMykz/5NThi0d7lH6bRmTpuWm26+OeOef77co7Q7C+fP
z4hHHm6VtQ4aMiSf/NznWmUt4A9KTU2549e3p74D3AiyNU2fNjVTJk1KqVRKU1Mxe8qW2/PTpuX/
felLeXzy5HKP0i5Mnj49v90NA/TkceNy2Ve+ktHTp5d7lDaxbMvW/MOL+0G3po9ceGGOPfHEVl1z
d1RKS3Y2NKS2k/3MANoHARqgDKqrqjL5rz6fY/oPSFVFK73XnrdsyvTp+e1996XUCd/W/Ea219dn
/JSpuf+3v93ltSorK9OrR/fs16d3K0y2+zv+5JOzxx57lHsM2rmNGzbkfe94RxauXdfpnsO21NTm
zl//Or+67rpyj1KIxQsW5JYbb8zIiRPTVNBN2zqaUqmUxx58MJf93d+Ve5RWM/f553PLLbdkzJQp
hd2cr71pbmnJo+PH56YbbsjKZctabd3q6uoM7NUzfbp2bbU1d1c9B/RP/8GDyz0G0AkJ0ABtrHt1
l0z4zF/nmP4DUl3pabhcRj/ySG7/xS+ys+D9cTuqlpaWbFi/PjNb6eq7Ht175Igh9jl/PZUVFTlo
rz3zha9+NT17i/W8tnWrV+fyr3wl0+bP7zQ3pHul5paWzFmyJKOefTYr164p9zitbtbcufnVHXek
rkw3tWyvNm3blgceejDXfve75R6lVUydMSN3/O53qe9k91uoa2jIsN/dnZUrVrTquvvtvU8G9OvX
qmvubnp2756hxx2XY085pdyjAJ2Q8gHQRiqSDOzRI0986tKcMHCQ+FxGI4cPzw+vuirPTJ1a7lHa
tW3btmXBooWtstZBQ4bk8u9+L/v27tUq6+2OuuyxRz75qUuyz777ptLzA69h4/r1uePWW3P3ww+n
sZNcNflqGpqasn7btmzY0TY3imsro0eMyPe++Y1s2rKl3KO8rGt1dfbv0zt79+xZ1jmaW1qydNXq
/O9dd+XBe+8t6yy7avm6dZk6b162dNL9kBesXJWddXWtuuYnPve5XHjhha6Cfh1nXXBBvvRP/5Tu
PXqUexSgE6ou9wAAnUFFkgN698mt556fU/bdr9zjdHrz5s3N1GnTsqO2tqxz9OnaNT3/ZKuF+lJT
NtWUd66XlJqbU9dKvyB26949p7///bnuppvzd1/8QtbsZtFoV3Xt0iVnnHRS/s9ll2UPvzzzOlav
WZNrr78+m7dvL/coZdfc0pLm3SjCT3z66dxw7Y8z+bnnynL8Pbt1zTtPPCmDDzkkRxx9dI5/5zuT
vHDPim7VVSk1t6SuqemPPuZnV16ZrZs3Z8aiRdm2s/jn9YampsyaNy833HRTPnrRRYUfryid/er2
hlIpo0eMyBGHH579D2ydG3Hvs99++eo//mO21tXl5l/+slXW3J0cNGhQ3n3iidn/4IPLPQrQSQnQ
AAWrSHJY33655v0fyvsPPKjc43R6ox95JA89+FA2tPHd5gf06JED99svQw4/PO8766zss99+6Vpd
lS6VVX/0uFJLS2pf8Xbc+rq6XPff/50kmTp/fhr+5Jf/jqRHjx455/zzc/3Nt+Sq//qvTJwzp9Pv
b7pHVVUOGjQwHzz7nHzhC1/IkMMOK/dItGPLFi3KLT/9aRa34t6praUiyaBeL1whe8B++6e66oXn
tnUb1qfmxZN9Oxoas7OTh7fX8uyTT+ZnP/5xRox5MvVteGPF/j26590nn5Kzzz8/gw8+OPvsvXf2
2muv9BswIIP22ecNP37QXnulvq4u67ZsyV233ppF8+ZlyZo1Wbt5c2Ez19bVZdLkybnx6qvz//3D
PxR2HIr14LBh+fDZZ7dagE6SIYcdln+87LIM7Ncvd995ZxauWtVqa3dUfbp2zYnHH5eLPnFxzrvw
wnKPA3RiAjRAgSqSHD1gQL73F2fm3EMOLfc4JFk8f34WLlyY+jYIn5WVlTnh0ENz8GGH5bzzPpr9
99s/A/beO0ccfXT67LXXm1qjsbEx+/XvnyRZtm5dmpqacv+dd+apiRMLv9qsW7duGTRwYOuu2b17
zv/4x9O7R48sWbMmt/3851mwYEHWbd/eabYT6FZdnd5d90i/fv1zxgc/mHPOOSdHDR2ao487rtyj
0Y6tXb069/3ud/ltO9l6oE/Pnjlsv/3St3//fPLzn09Fkt4vXr3fr+9eqXzx5Nq27dvS0PDCSbX6
pqbUl0pZvmRJRo8Ykeeeey5b6+vL9Sm0KxMmT85DI0dmUxtd2d6/R4+cfOqpOe/883LiSe/IMSec
kD3f5M+lV3rnaae9/M+DDzggG9auzbB77vn/2bvv+KjKtP/jnzM1vVdIID1AQqghIfQqIkWwN0Rd
61p27W5Vd5/97aPrNhsWXNvqrquiKC5FBAy9hRoIkEZ675m0mfn9ofBghZA5c2bC9X699g+z5L6+
MJmZzHXuc92sXv1fKusbVLvgUF9fz7JXXiFuyBBmXHyxKjXcgYfBQPygQQxJSQHA18+P8ZMn/+Cf
37N9O0cOHKC05CSV9Q1YNLyofSQ/ny/Wf05MfLxDm9DDhg3jrrvvJiMjg527drHyvfcoq6qi0cEj
P1xZgIcHRr2OYanDmXPxxWSMz2Ro6nAiBshdmEII7UgDWgghVKIoCsNDw/hVRhYLExK1jiO+Vl5X
p+rOLPjqMLkwP18ysiaw9IYbiIyKYmR6OmYPj16vZTQamTlv3je+NjQujkNHj/LflSspLiigoraW
GhXmSJqMRvx9/Ry+rl6vZ8bXf6fBERGUlZXS0NZ++jC140eOUH6Ww4lsViulhYUcKirCpuIhbD4m
E0kJCQyIiurzWjEJCQyOjcWs1+NlMuLr50/aqFEMSU11QFLR3xXm5/P+v/5FeW2tZhlC/P1Jio0l
efhw0seNIyo0FB8/P6b1sgFYXVnJpKws8gsKKKuqYuvGjeTs3XtBNYjOtHvrVjZ+8QV1TpoHnBob
y09uv50x6emMGjcObx/HzOYfmZ4OQHhkJBMmTWLTpk18+tlnlKnwM9vV08ORggL+sexFps+Zg6Io
Dq/hqnxMJhLj48mcNImhQ4YwIDycQTExAHh5e5MyYsQPfm/exImczM+nurqK+pYWdm3fwfrPP6e8
rs5Z8U9r7+5m1cqVTJgw0aENaIDomBiiY2LIzMpiTFoatQ31tHR+dTHEbreTvX49drv9R9dobmyk
oLCQ0poah2Y7kwIEeXmSnpGJwWjs83qZkydjNpvxNZsw6HQMiollVHo6IWFhfQ8rhBB9JA1oIYRQ
gQKMCA3jkXGZXJE8ROs44mu7t2xh27Zt1Ks4fsPDZGJEcjLX33ADo9PTyZw82eEHyk2aOZNJM2cy
IiWFkwUFVDU0kJ2dzebsbIc2182enoSEhztsve/z7eY6QH5eHhVlZT/6fV2dnax4911yT55UtQHt
aTRw0cyZzF24sM9rDY6PJ1pmL4rzUFNZydbsbPbn5mpSPzwwkAkTJzJp8mQSBg8mfuhQhvbhwklY
RASzv37uNzU0sCMzk107d7J2/Xq+3LbNUbHdQv6xY7zz9tts3rJF9VpGo5EpWVnceO21XHb99aod
RDZ8zBiGjxnDiDFj8PHy4t3331flwklnVxebtm5l25dfkjFxInq9/uzf5MZ8TCaSEhOZPGkSWRMm
kD5+PDHxvbu7LnnYMJKHDTv934dycsjMzGTbjh1sXL9e1Wbr9zmcl0dlTbVq60cMHMhl11//ja/Z
bDYmpKef9XeHvMOHeeedd1T/N/H38OC+++7Dx9e3z2uNmzgR07fOFhFCCFchDYdkrwoAACAASURB
VGghhHAwRVEYGRbOg+kZXD1k2Nm/QTjN+tX/Zd+ePaqt72k2MyY1lfvuvZfLlyxRrc4pWdOmkTVt
GgBTpkxh7erV7Nizh22bN1PRx91MPp6ejBo+nAkzZjgiaq/EJycTn5z8o3/G0t7Orm3bnLLrLTYh
gYnTp6teR4gfcjQ3l08+/ogWJ4+r8DIaCPYP4JKLL+b2u+9m5LhxDq/hHxjI7PnzmTRjBqPHjiXt
889Zt3IlJ0pLsap4cclV7N22jezNm6lW8c4cnaIQ7OvDiFGjeezRR5k6axY6JzRrh40YwS133ond
bufd99/v8/vSt9nsdqqbmln2178wcuxYvLy9Hbq+q/Axm0hISGTi+EwmTJjIxGnTiHLQxczUUaNI
HTWKmbm5DAgO5u1//9upd1m0dnZx/PgJaqqqCFX5gvcpOp2OrKlTz/rnTGYzAWvXOiHRV43joK/H
rQkhRH8lDWghhHCgUzufHxw7jmul+exyKmrrqG9W5xZno15Hcmws9959t1Oaz982Mj2dkenpHDlw
gA/+/W92HzjAzm3bzvsD/5DkZG65+WbGZGY6OKkQojfqamrYuX07Ofv3O7Wup9HAxbNmkz56NHMW
LGDE1+MVVKvn5cXFCxdy0bx5vBITw7Mvvsix4mK63fjg1bPJ3bePTRs3UnqWOz76ysfLixkTJ3LL
T+9m+pw5qtb6tqFpadx+zz3YbDb+9cEHVNbXO3T97u5u1qz7nAN79zImIwNjP9v9OTAkhLkXXcS0
GTOYcfHF53Qw5PlIGjaM2+65B7vNxtvvvefwiwU/JvfAAU4WFjqtAS2EEEIb0oAWQggHURSF4SGh
PDwuk2uk+exyyktLKamqwtKtTjPD2+xBxuhRXLF0qSrrn6uhaWn8Ki2N4vx8XnvhBXbl5pKzc2ev
PvR7e3iQmZnJJZdfrmJSIcS5OJiTw6pPP6Wpw3m7nz0MBi6aNo1fPv44o1RuPH+bTq/n9gcewNrT
wwuvvsrxoiK6+mkT+sN33+WjTz5xeFP2TCajkSEJCdx0513MnDtXtTo/JiklhZ/efz/dXZ289s93
HHrwnR2obmvj1eefI2nYsH61izQiKIil117LPY88QrgTDo+LT07mrvvvp6uzk5fffNNpBxS2tbTQ
eYHOfxdCiAuJY4dSCiHEBUoBhgWH8KvMCdJ8dlGb1q4lPy9PtfUjBwwga+Ik1dbvrcHx8TzxzDO8
9eab3HLddUyfNo3woKCzzqP29vAgY9Qopk2Y4KSkQogfk5+fT05OjtPqBfn5MXvyZH731FNObz6f
6a5HHuHOm28mKSYGk6H/7ZkpPH6cw0eO0KDimQQmo5Fh8fHcfMMNp2duayVhyBDufuhhpk+aqMr6
q1atosNiUWVtZ1OA0IAAbrr6ah74zW+c0nw+JSYhgXseeYRZUyY7rWZxQQHVFRVOqyeEEEIb0oAW
Qog+UoD4wEB+N2GyHDjowkoLC2lSaZeZTlFISUtjyZ13qrJ+XwSHhvL7v/+dNWvWcPNVV5ExbhyD
o6MJDggg0NcXo8GAUa/H19OT8JAQJqSnc8/dd7P4W4f2CCGcr7WlhYraWhqdtDvQrNdz2Zw5PPvq
q6SOGOmUmj/mp489xu39tAn97iuvsGX7dtq7u1VZ32QwMDQujttvuYXbH3hAlRq9NSQlhT/+/Vki
wsIcvnZlaxsVFRX0uPlueZ1OR3BAAEuvuIJf/u//EqjBju74pCSeWfYSkU4aiVFeVUVdU6NTagkh
hNBO//pNTgghNBDt58/fps9ibmzvTiIX/YefhweR/v5ax/hRBqORP7zwAgDvvfkme7ZsoaO9nT3H
jmHr6iI+aiDDhqcxc9480rOyNE4rhADYtXUrX65f77R6SVED+cUf/sCg2Fin1Tybux97DEVRWLZ8
OXlFRf1mJnR7ZyfdVqtq60cEBXH1okXc8eCDqtU4H5Hh4dx355089sQTDl/7jWXL+OXvf094ZKTD
13YGBfD19GTJokX8vxdfRO+EgyJ/SEhwMPfffTcP/frXqteqt1iorm+gw2LBw9NT9XpCCCG0IQ1o
IYTog1AvL/4x5xKmD3LMaeRCPTabDZvNpsra/v7+RDvxFtm+unLJEq7U4KBEIcS56+rqYu/u3ezZ
tdMp9cxGI9csuRH/gACn1OuNnz76KF2dnTz38ssUlJdrHafPWpub2X74sGqzn/U6HV5eXnj5+Kiy
fl8Eh4Zy5ZIl/OrJJ7Ha7Q5de8X77/PTBx5w2wa02WRiwqiRPPPaa1pHISAwkGtvvplHf/Mbhz9O
32d7djY5EyYwfsoU1WsJIYTQhozgEEKI8+RtMrFy0RXSfHYTxaUlNDQ1qbO43Y7NCR/QhBAXji0b
NrDm88+pb1d/rq1Op2Pu+Exuv/deTW75PxcJKSmERUaiaB3EAf7n0Uc5tHevauvHRERwxy23cO8v
f6lajb4w6vXEBgc5fN3S5mY6urqwu+n7cWx8PKuyN2sd4zSDTkdciHNeD+zye5QQQvR70oAWQojz
oNfpyL76ejIi3WfXq1BPfWMjxSUlWscQQvQjpYWFlBcVqV5HpygMCvDn9ZWfuGzzGeCSxYu57rLL
iHOju01+yJf791PV0KB1DM34+vlxzY1LVVn77VdfpaKsTJW11RTo68vM0aO1jvENXt7e3HDzLWc9
vNgRSgoKqDh5UvU6QgghtCMNaCGE6CWjXs+eG25ieEhov9iJJRzBjt2uzngPIcSFqaKykqraGtXr
mEwmrrr6Gjw9PVEU131X0+l03HLffcxesEDrKH3yzmuvUVFaqtr6/h5mLlu8mNvuv1+1Gn3lHxDA
HT/7GTGBAQ7/Peqj//yH6spKB6+qvtjExNPnNLgKb29v7nzgAae8LthVGpEmhBDCdUgDWgghekGv
07HzuhtJCQ7B4IQdIcJxogcMJFClgwLburqpaWtXZW0hxIWprr2depVfV/SKQkxoKA8/+SQGo1HV
Wo7g6eXFiKQk4t14F/SBHTtoaW5Wbf3Q4BBiBg3C08tLtRp9pSgKPj4+pCYnO3x3bWdnB1YVD3dU
Q4i/P5PS0vDx89M6yjcoOh1e3l4M8vdDp3ITuqqmhpq6WlVrCCGE0JZ0T4QQ4hwoQIDZzM7rbmR4
aJg0n92QwWBQ7TZSm93OgZwcXn7mGVXWF0JcWLZ9+SUH9+1TfSaqyWhkaFwcQcHBLr37+UyXX389
cxct0jrGecs7fpz2dvUuLIQPGMCguDjV1ncUg9HIqPFZKA5+X65qbaPTzRrQySkpPPzEE1rH+AEK
Rr1e9So9PT1Ye9zrcRNCCNE70kERQoizUIBwb28+vexKRodHoHeTD+nim6JiY/EPcvyhR6cUl5Xx
5r//zZpPPlGthhDiwpC94QsO5OSoXsdoNpMycqTqdRwpODSUUSkpbrsL+mR9PR3d3aqtP2LsWLKm
TVNtfUcxe3iw9K67MDi4udlltfL5qlWUqzjmxJFC/P3JGD6cAYMGaR3lexkMBuYtWozJZNI6ihBC
CDcnDWghhPgRChAbEMCbc+czYUCU1nFEH3h6e6v6Aaqru5vco0d546VlrPv0U9XqCCH6v6bGRtpa
W1StYdDpGBwexpI77lC1jhq8zGa8PT21jtFrLz71FGXl5artbB8cHk5qUhKBKl5sdRS9Xk/04MFE
+Pk6fLxDdWUlHRaLQ9dUi9loxN/bW+sYP0gBIgcMcPhOdSGEEBceeScRQogfoACJQUH8bdosZg2O
1TqO6KMxGRlEDR6sao2WtjbWbd7MH/74R5b/7W+q1hJC9F8tnV20d/eoWsPXx4fpU6aSOHSoqnXU
kDF5MhOmT9c6Rq/t37ULi4rjN3y9vPBz4dnP36YA3iaTww8iLCsuxtLW5uBV1RGfnMyl11yjdQwh
hBBCdQatAwghhCtSFIWU4BAez5rEvPgEreMIB4iOiSEqIhxPgwFLjzqNnR6bjdqmZrbs2EFVeTn7
8/NJi4vj+ttvx8MNd+sJIZzvYE4O+YWFdKk8x9ZkNjM4JkbVGmqJSUggNSUFX7OJls4ureOcs/LK
SnpUev8BCAgOJiA4WLX1HU5RGBgRyfGqaqwO/Hc5fiyP5qYmh62nppDwcNLGjtU6huZau7poU3E0
jRBCCO1JA1oIIb5FAdJCw/hFxnguS0rWOo5woJQhQ4mOiuJYUZGqdbp7ejhSWMjRZ58ledAgjpaU
MDwhgeiYGEZnZhIQGKhqfSGE+yo8cYLa6mrV6/j4+jJh6lTV66glyM+PiOBgWsortI5yzgoqK+jo
Uq9hnjpqFMNHj1ZtfUdTFIWQ4GCHHxDc2NRElxs0MwN9fYkOC9M6xo/S6fVMnD4d45//jEXFsSYd
PT10qnhxRgghhPakAS2EEGdQFIVRYeE8MHYcVyY75rbkxvp68vPyGDN+vEPWE+dvcGwsYeHhqjeg
T7EDR0+e5Oif/0xSdDSDYmNJHz+elKQkfDw9GT5mDHFJSU7JIoRwD411dbS3tqpaw6DTERkSwriJ
E1WtoyZvLy/8fP0A92lAN3V0qjb/2dNoICkxkUGx7jUyLCIqCp2DDyJs6eyiW+U7CBzB39ubgSEh
Wsf4UXq9nsxJkzAYpG0ghBCib+SdRAghvqbA6ebztUNTHLJmbXMzm3L2cnj3Lkx+fgxPccy64vxE
x8QQPXAgZoOezh7nfjg9VlLCsZISPv/yS+IGDCDA25us6dMZPXYsgT4+hISGEh0by+C4OKfmEkK4
lsITJ6ivrVW1hqfZzGAX33l5Np4+Pvj6+2sd45wdzMmhW8Xdz94mEx5u2CSMio1F7+AGdHNnp+oj
bIQQQgjRO+73W4oQQqhAURRGhIbxYHoG1wwZ5pA1a9vb2FhUwPrKCnRhYazcvROd2URKQqJD1he9
lzJiBJMnTWLnzp3kl5ZqlqOgvByAvceP4/OPfxAZHERMbBxp6emMy8zE18MDX19fzB4epE+YoFlO
IYTz1TXU06ryAWo+Pj4MccPDB88Um5hI6ujRbNy5U+soZ2W323n/rbdUPYAQoOjECTavX69qDUey
Wa0czzuKVZrFQgghRL8nDWghxAVPAVKDQ3h03HiuGuKYD+S17W1sKC5iU10tHgnx2Ht6qG5p5T9b
NmMyGEgYHIOiOPrcd3Euxk+cSMaWLZSsWOESO6Rau7o4XlHJ8YpK1m3divn554gMCCAqcgC+/v78
9NFHAQgPDESn0+Hr7090TIwcaiiEOG8enp5Eu/ndFvFJSYxOH4v5Veff0XI+Co8epVvFucRdPVY+
/eQTtmZnq1bD0ex2O4Uni+no6HD42pXl5bS2tODj6+vwtR3FZDbj4+endQwhhBDCKaQBLYS4oClA
UlAwv8mayOVJQxyyZr3FwobiIr6srMDT1xcUBQwGbAYD9XYbb6xfx80XXczgAQPRO/jgHXF2I8aO
ZdqUKWzbvJnCykqt43xHZ4+Voto6imrrAPjvvHkATEpLQ6/TET90KPOvuILIiAi8PDzw8fUlJCxM
PsQK0U90Wa1YVZoTfIrJbCYsIkLVGs7gZTAS4OFBVau6O8Ydoc3Sjl3Fx7W5s5PckhIoKVGthjvZ
smED4zMzGZqaqnWUH+QfGEjkoEFaxxBCCCGcQhrQQogLlgLEBQTw9JTpzI9PcMiaTR0drCsqYEt1
FR6nms9f0xkMGIODaTabeXXVJ9w6bwGDIiIdPvtQnN2YceOYNHUqlStWYOns1DrOOck+cACAjfv2
sfzddwn19iIuKpqhqanMXriQMenpmI1GfPz8CA4N1TitEOJ8NVg6aFNxVjBAWEQEF196qao1nMFg
0GMymgDXb0DnFxbS09OjdQwhhBBCCE1IA1oIcUFSgEgfX56feREXxTjmNuS27m4+OZ7HjrpaPHx8
vtF8PkWn12P09aV50GBe+fQTbp03X5rQGhg1bhw3XHcd5UVFfLlnD10q3hatlpq2dmry8tiRl8fr
H3xAYlQUiVFRjJ86laV33YWHyYTeYCAwOFjrqEIIoYoAP38GRkZS0tCgdRQhhBBCCPEjpAEthLgg
BXp48K95C5kUFe2Q9TqtVv5z5DB7Gxt+sPl8ik6nwxwSTKuHmVdWfcKtl8xncOQAdDKOw6lmzpuH
0WTiiV/+kuycHHpcYB50XxwvLeV4aSmfbd/OC6+8QvqQIcQlJvLbP/8Zo+Grt3tvF56FKYQQQggh
hBCif5JuhxDigmPU61l7xTUOaz4DvJGzl72NDZi9vX+0+XyKTqfD6ONDc/QgXvl0JYVlparOhhTf
b8rs2fzP008zPiVF6ygOVVFXx8otW/jr668TPXAgS+fP57bLL6e7uxubzaZ1PCGEEEIIIYQQFxBp
QAshLihGvZ6d193IyNAwh625bO9ujnRaMHl59er7dDod5uAg2hITeWP9Oo4VFToskzh34yZN4uln
n2XKiBFaR1FFq8XCR5s3858vviAoKIirZ8+muqJC61hCCI14GQ1E+vhoHeOCU9TYRI9cABRCCCHE
BUoa0EKIC4Zep2PX9UtJDQlF76BxF8/v3M5xSzt6sxnlHHY+f5tOr8fg40NjWDj/3pzN4ePHHJJL
nDu9Xs/ozEz+97nn+m0Tusdqpbunh9bWVj7JzmbkmDFcM3cux3JztY4mhDjDqg8/JD8vT9UaiqJD
p+v9+5XoG7nLybkuWbyYhORkrWMIIYQQ4mvSgBZCXBA8DQZ2X7+UlOAQDA5qPr+wZxeFPd0oJtN5
NZ9P0en1GIKDqI8I56OcPew/esQh+cS5M5pMjEpP52/Ll3PX0qVE+flpHUk1HV1dVFRU8MnGjcyd
P5/rL72U3Vu2aB1LCAFY2tvp6enROoYQbs/D0xOj0ah1DCGEEEJ8TRrQQoh+L9jTk41XXUdaaJjj
ms+7dlDQ2QFGI4oD1tQbDOj9/Kjx8eWzA/vJyT3sgJSiN0xmM8PS0njs8cd5f9Uqpo8ejUGv1zqW
atosFvILCvh47Vr+9/e/Z/umTVpHEuKCN33OHAbHxWkdQwi3NjoxkWB/f61jCCGEEOIMBq0DCCGE
WhQgys+PNy+ez7jIAQ5bd9ne3RR0dYLJ5JDm8yk6gwF7YCDVej3rjuVhs9sYkzLcYeuLszMajUQN
HsyA6Gj+vGwZ1Y2N/O33v2fjzp20dXRoHU8VrRYL67KzqW9sZNasmVyyaDHDR43SOpYQF6SgkBA8
PD1VrdHR3U1tu0XVGkJo6d6HH2ZoaqrWMYQQQghxBmlACyH6JQWIDwzkuRmzmRo9yCFrdlutvJaz
h2OdHejOc+bz2ehNRqwB/lTYrKzPy8Nuh7Gp0oR2Np1Ox4j0dACCfX05WVHBWy+/zIYtW2hoadE4
neM1tbWxZfcuThQXU1pVza233caIMWO0jiWEUIHVbqdTxnyIfmre7NlkTZqEn+yAFkIIIVyKNKCF
EP2OoigMCQrmD5OmcFGMY25lbu/u5t+5hzjc3obJy0uV5vMpeoMBa0AAFUoTGwvyAWlCa2l0Ziaj
gejwcC4rKGDl+++zc9s2KhvqsXT3nyZOZ4+VkxUVfPjxxwDcdvvtpI0erXEqIYToH0K8vWhtacEm
hxGqIsTLi0efeIKJ48czMCpK6zhCCCGE+BZpQAsh+hUFSA0J5TfjJ3BpQpJD1mzq6GDlsTxymhox
e3mBis3nU/QmE9bAQMoaGvjieB4gTWitjcnKYkxWFkMSEsg7kkt9Swu7d+wk+4svqGqop7WzS+uI
DlFRVSVNaCGEW2izWKhraNA6xjnxNZnQKYpqDeiBISEkxMXhGxCgyvquymg0MnH6dAI8PLhqyRK8
fXy0jiSEEEKI7yENaCFEv6EoCiNDw3h43HguTxrikDUbOiysKSxgZ30tHj4+Tmk+n6I3GLD6+1Nh
t7Mh/zg6ncLoYTLTUGujMzMZnZkJQO7+/UyekEVtQyPHTpxgw5o11NTX09zZqXHKvqmoquLTTz8l
OjJCGtBCCJdlsVhobmnWOoZL8DDomTltKtPmXKx1FKcy6PVkTJqkdQwhhBBCnIU0oIUQ/YICjAwL
56H0DK4eMtQha9ZZ2vmiuIitNdVObz6fojeZsAYFUd7YyNrDh9EpOkYOHeb0HOL7DRsxgmEjRgBQ
UljI2OHDqaytoaqhkQN791JdXk5tXR2NHRbc7a7ryuoq1q1bx+QpUxk/bZrWcYToE5vd7jYXhryM
Rkx6PV1Wq2o1WpubObx/Pylfv34J99fU0kJweAQTpk7VOooQQgghxHdIA1oI4fYURWFkWDgPjB3H
NUMc05ytbW9j48livqys0Kz5fMqpndCVNhufHTqIwWAgNdEx40WE40THxnL7/fcD0Nbaysa1ayk+
fpySsjJq29s5cvgw1WVl1NXX09Jhodtq0zjxj+vssbJ7/wFee/VVaUALt2ez26lrt2gd45xEBgUR
4O1NdbN6O3trqqtZu3Kl2zegu202t5nFHxgQgK6sHGzqvPZ39vSoetFCCCGEEKIvpAEthHBrCpAW
EsrD6Rlc7ajmc1sbG4oL+bK6SvPm8yl6oxElOIQaswcf7duL4uFBSvQgrWOJH+Dt48Mlixd/42uf
f/YZR/fvp6ioiIqmJoqLi6ksK6PDYqHVYqGprU2jtD+sqa2NXYcOcXDPHoaPGaN1HCEuCKHBwXh7
eYGKDeiO9nbKi4tVW98ZGurrKTp50m12tqeljWDXseN09ajTMG/p7OJkWRm11dWEhIWpUkMIIYQQ
4nxJA1oI4bYUYFhIKL/InMCVyY6Z+Vzb1srn+fl8WVWBV2CgSzSfT9Hpdej8/Wj08uTt3TtZajKR
GBqGTqfTOpo4BzPnzmXm3Lmn/3vXli3syM6mobaW0upqCisraayv52RBAV09PTS0tGiY9v8U5efz
lz/+kdf+8x+towghHMRqtdLqghe9euPE0aPs371b6xjnLH7oUAxGI1jU24mfe/AguQcOMHnmTNVq
CCGEEEKcD2lACyHckgIkBgXxuwmTWJSY7LB186qr2V9bjdnPD8WFms9nUoxGuqOieGH7Vu7Omkhs
cAgGaUK7nfQJE0ifMOEbXzuwezfvLl9OY2srOw4fpqaykrbWVtotFjpV2jV3Nk1tbezIzaW6spKw
iAhNMgjRFz09PVRXVmod45x5eHpiMJlUrdFusZB/8qSqNdTW1dVFZ0eH1jGEEEIIIcQ5kAa0EMLt
KMAgP3+emTKDefEJDl17QmwcZi8vPijIp8tqRafXO3R9R1F0OkxRUTy7bQv3Zk0kJjAIg4tmFecu
bexY0saOBaC+ro73Xn+dwzk55J04TmlzCxWlpTS3tWFTaYboD6mtrubNl17iwd/+1ql1Rd+ZPTxc
9mKaszTU1fHO8uVaxzhnQ0aMIDIqiuMqNog7rVYqmpporK8nIChItTpqqi4vpzg/X+sY5ywgOFj1
O5Y6LBYsKu6wFkIIIYQ4X7JlTgjhdsK8vXltziUObz6fMjY8gqsTEqGrC7uTG329ZR44kGe3ZFNU
X4fVxbOK3gkKDuaOBx7g2bffZu32HeTm5nLrVVcRHxODj7c3HiYTeiftfG9saODjDz90Si3hWENG
jMDT21vrGJrqsFg4um+f1jHO2bSLLiI5JUX1OrU1Nfzz1VdVr6OWmro6ytxkZ7uiKCy57Tb8fH1R
83LQvr172bd3r4oVhBBCCCHOjzSghRBuxcdkYsXCy5g+aLCqdUaEhnHL0BS62tux2+2q1uorU1QU
z2/aSGFNNTYXzyr65qlXXuFYfj4P3norl0+fzuDISKfMAO+yWilV8UC086EoylfzVIXm7Ha7a79O
2u1ud4FOURTVn9uWtjYOuNEM5TNZrVYa2tupa2/XOkqvDAoIwKji3UqNHR3UtbVh1WhkkxBCCCHE
D5EGtBDCbRj1er68+noyBwx0Sr2hwSHcO2IULU1NTqnXF/qYwby2bg0nSku0jiKc4Nd/+hOvf/op
zzzzDGNHjtQ6jiY8PD25++GHMRhkmpjWaupqKS0v1zrGD2pub2fNrl1ax+iVUQkJJAwYoGqNprY2
1rnZv8sp27Oz2fzFF1rH6LWhSUl4eHioWmPP9u1sWLtW1RpCCCGEEL0lDWghhFvQ63Tsun4pw0NC
Vb199UwKEOcfwMNj0l2+Ca0oCh2xsbybvYkjBe4zE1OcH51ej16vZ+6iRaz94gteePpphgwapGrN
5qYmXvn731Wt0VvO2P0tzo0d19wBXVlezjvLl7v2Du3v46S53U0u+Lw+Fzm7d7N7x3atY/Ra2rhx
eHh6qlrjQE4O27KzVa0hxIVgdEYG02bP1jqGEEL0G/LJTQjh8ox6PbuvX0pKcAgGJzecdIpCjH8A
D40e6/JNaL3ZTGNEBB/s3MGh48e0jiOcwGQy4e/vzw233cYNNy4hUMWddZ0dHezZvFm19V1VXbuF
5s5OrWOI89TS1MSBnTu1jtFr0XFxhKm8Axrc93ld19pKdXOL1jF6TW8woKj8e0xPTw89Pd2q1hDi
QmAwGDCaTFrHEEKIfkMa0EIIl+ZjMrHjuhsZHhrm9ObzKfqvm9APjvqqCe2yO+kUBZ2PDzV+fnyy
dy/7jh7ROpFwEh8/PzLGZzEmPV29InY7nR0d6q3vomxuOD/4TIuvvZbA4GBVa7R2dlFvsaha43w1
NDfzZU6O1jF6bfLMmQwfPVr1OpbOTtZud6+dxLu2biVn1y63PPPg8htuYEh0NCYV50C3dHayffce
vly/XrUaQgjHsANlTc1u+XomhBC9JQ1oIYRLUoAIbx/WXH41I0PD0DvpduQfolcU4gICuH/UGHra
2rC5aENKp9ejDwqkOjCANUdy2Zt7WOtIwknSs7KYM2cOASrPF3U1A/x80Wn8+uDKgkNDMap8WKPV
bufY0Ty2bNigap3eOnHkCMueeYZmNzuoDsDXz4+0pCRiIiJUrWOz2aisqeHxn/2M7q4uVWs5ytbs
L8lx08MTQ0JDmTtvHsEqXhSy2u0cPHCAjevWqVZDiAuFt8lEkMpjczqthRr1bAAAIABJREFUVlXX
F0IIVyENaCGEy1GAwf7+vD13PlkDBqK4SHNJpygkBQbxk5Q09F1d2Fz0F0a90Yji70elh5n1eUfZ
feiQ1pGEE/j5+xMfG0tUeLgq6/f09FB0sliVtc+XAngYDKrPhT+0bx+H9+9XuYp7a2ttpa6mRusY
31BaUcEnbnwYm5eHB95OuKDU2dXF8nffpbvb9cc2fPbBB3z80UdU1NVpHeW8hYaGYlL5tv7apiay
t21j26ZNqtYRor/TKwpGvfotk1Uffkhba6vqdYQQQkvSgBZCuBQFSAwM4rkZFzFjcIzWcb5XakgI
1yQm42mzYXXVJrTBgBIQQLmnJxsL89l96KDWkYQThEZEMCguTpW1bXY7LRfoh6O62loa3LjhFeTp
oeot/wAVZWUc3L9P1Rq9cTw3l/fefJNaF5/d/2MmzZxJ5pQpqtex2WyU1dTwwlNP0dbi2nOVv8jO
Zs+Bg3S76HvvuZg8axZxUQNVfU52W63k5uay+tNPVKshhHCcwhMn3OIioBBC9IU0oIUQLkMBhoWE
8sfJ07gkLt4ha7Z2dfHP/fv4oKgQqwPnq40KC2dhTBy+dlx3J7TJhBIYQJnBwMYTx9lzWHZC93dd
nZ10qDSLV6/TMTAyUpW1XV1RQT5FhYVaxzhvXiaT6mNKquvqyN66jb0ucOBfWUkJH77/Ph99+qnW
UfokNjGRjPR0okJDVa9lt9t58dVXefmvf6Wxvl71eufjX2+8wfr1691ypMqZ4pOSGJaQgI/Kt/XX
NDSw9vPP+fS991StI4Tou5KCAqzSgBZC9HMGrQMIIQSAoiikhYTyWEYWixKTHLJmU2cnq04cY3td
DeauDhYMGuzQWdLpEZH02GysKyuhyWpFp/IOw/OhNxiwBvhT1tjIF/knABiTkqpxKu3k5eZSXVFB
aclJykpK8PL0IsDfHw9PT+KGDGHk2LFaR+wTS1sbzQ0Nqqyt1+sJCgxSZe3zpeh0jM3IIH/VZ1g7
O1WrU1VRSU1VpWrrqy01LY0dBw7SoWJjsctq5fCRI3z20QpGjxunWp1zcfTQIT768AO3HtNwSqCv
L8F+fpQ6YbxJQXk5zy9bxoJrriEgyLWe6wdzcnjzzTfJPdI/Dte94oYlbD14iHoVR/t0W60cyjvG
y6+8woDBgxmdkaFaLWeoLC9n365dlJeUUN9Qj8FgICwkFIPRyJVLl2odT/RTYeHhJCQlUbVX3cNs
D+3fT6eKv8cIIYQrkAa0EEJzCjAyLJyH0zO5ashQh6xZ32Hh86JCttfVYvbzQ6fSlNjxAwZis9vZ
UFFGvdWK3hWb0CYT1qAgyhsbWX/0KDqdjlFDh2kdy+mO5eby+muvsX/fPkpLTlJeWoqXpxf+fn6n
G9AZWVkMi4tjzqJFWscV52jEqNF8uHYdHSp+cLN0d3GioJCi/Hxi4h1zd4YzJQ8dho+fH9Uq72yt
rq3ly82bObx/PykjRqha64ecOHKEVR9/zOGjRzWp72jJqamkjR3L/vx8p9TLLy/nsxUruP6mmwgM
CXFKzbM5tG8fL734IjmHDtHloncc9daU2bOJe+45Dqv8d2q1WNi+dy/vvf222zagS4uL2btrF9u3
bmXrtm3faECHBodgMpmoa2ggbdQoxo4fj9ls1jqy6EdCwsKIiYtni8oN6OOlpezavp1ZQUF4eXur
WksIIbQiDWghhKYURWFkWDgPjB3H1Q5qPtdZ2tlw8iSbqyoxe3uDoqh6SNmEgVHYgU0V5dS5ahPa
YMDq50eFzcaaI7kY9HqGJyVrHctpdm/ZwrvvvssHH39McWnp6a/XtVso+XqX5O7cXFZ++inpqakU
VVURGxHB9EsuwWg0ahW715ra2qhpbFRlbZ1eT2hEhCprny+dTseIsWMxqPwYtXf3sGXLFsZv2OCe
DeiUFHx8fFSv02W1cvjYcT549x1NGtAnjhzh9Vde4YMVK2jp7HJ6fTUMHz2aGbNmsXrNGtWe29/2
4vPP42k2c+nVVxMSFuaUmj/kyMGDLHvhBf6zYgXVtbWaZnG01CHJbN+xnbJqdXe3NzY1sXrNGjLf
+zeXXnmVqrUc6VBODgcOHmTP3r1s3rCBI3lHv/O8rmpuQQF+++tfkTlxIg88+BAZEybgofJ4E3Hh
CAkNdcr7fkNHB28uf5WRY8cyODZW9XpCCKEFaUALITTzVfM5jIfSM7hmiGN25Na2t7Ox5CRfVlWc
bj47w8SBUcBXTeh6Vx3HYTJhCwqisqmJlXv2oNfpGZaQoHUs1RWeOMHzf/sbH69eTcNZDtjq6Ooi
e+9etv70p4xJTqa0tpa46GgMOh0j0tPxCwhwUureO1lQwLbt2ymuqlJlfaPRyCAXa74qisL0OXMI
9vWlqbERmwPnvH/biYICPl+3jvTx40lOSVGtjhoyJ01iQEQ4ubm59Nhsqtaqra1l7dp1XLJgIWOy
slStdaaD+3J4/aWX+c+HH1JSXe20us4wYvhwZk2fzjsffuiUekeKi/nrX/4CisKlV15JSHi4U+p+
27EjR3j+2Wd59/33qVdptJCWLrl0EVt37KS6rl7VQxW7rVZyC/L5xcMPYzKZmXvpparV6qvCEyc4
kZdHXXMTqz9eyeq1a6k6y2NvB2ra2vlkzVoURcdzSUlEDxrknMCi3xs4aBCjxozB02DA0tOjaq0v
szezf88eQsPCZBe0EKJfkga0EEITOkVheEgoj4wbz1XJjtv5vLHkJJsqy/FwYvP5lIkDo9ApCp+X
lbrsTGidwYDdz49qq5X3d2zjaoOepJj+vdNi9YoVbNy27azN5zNZbTZ2HjnCzltvZWxyMiajkRvu
uIPhKSkMGz6cwOBgFRP3XmlxMW8tX86qjz5SrYbeYCDGRS9YxIaHUVpRQYeKB/i0dXWxdv16wsPC
+PljjxExYIBqtdQQ5OmJ2WCgp0vdncFdViv7jx7lD48/zm//8AfSVJ6rXllWxsmiIl589u+8/9FH
tPaTnc9nGjluHAsuv5z/rlvXq9exvjhcVMRf//xnLBYLk2fMYHBcHAGBgU6pbbfbydmxg9defZW3
3nuPZif9nZ0tPSuLiePHczj3MOW16s4r77baOHayhPvuvBOrXk9kcDAjxo7FaDKpWvdcFeXnU1Jc
xMcrPmLNqlWcKCmh4zyafStXr+baTZu4ZOFCfPz8VEgqLkRmg54AT08sKr8W1ba3s3z5cpJTUkge
6pjPRkII4Up0WgcQQlxYPA0GfI0mRoSF8dsJkxzWfK7vsPDFyWK+rKrQpPl8StaAgcwaGIUvClYX
nVWpNxoxBAdTFxHOW+s/p6CkxGWz9lVleTm7du6kqanpvNfYnZfH1kOHuPPuu7nrllt456232LNz
J7UussuyvKSE15ct49XXXqOgokKVGoqiEBQQwLzLLlNl/b5KSUl1ytzPiro6Pvrvf3n3zTeprnSv
QwmDQ0Lw8PBwSq1Wi4U12dn85qGHOHrwIHaVdqYX5+fz9uuvc9+dd/D+iv7ZfD4lKS6OWZMnO7Xm
4aIiHn/icX7x4IN89vHH1DjhZ95qtXIoJ4dH772XV954o982n0+ZMWcOw4enYdCp/5HMardzorKS
hQsWcP+dd7Jr61Y6OzpUr/tDbDYbJUVF7Nq2lb8/8ww/uWEJz774IocKC8+r+XzKn/7nfygqKHBg
UnGh8/T0JCjYOQezrly9mjXr1pF35AjtbW1OqSmEEM6if/zxxx/XOoQQ4sJR0d6Gh8nIQ2MzuDgm
ziFrNnV2srYw/xszn79NAaZHDkDvhMZ0tK8f3no9BQ31dAOKEz5Y9pai06EYjbQbjRzas5uEAQPw
8/ZG54JZ++L1F1/kjffec9jha1UNDXy2Zg3Z69ZhMhjw8fOjqb4eu82GlxNm7J6psaGB8tJSXn3u
Of7x1lsUq9gc8jAaGREfxw0/uVW1Gn3R3NzM+k2baHXCh7W6hgZO5Odj1ukYHBODr7+/6jUdQUFh
V04OlSqNaPm27p4eisrKOL53L8NGj6ajtRVff3+HvMbU19ZSUFjIX37/e1594w3yik+6zOF0l156
KSNHjnT4upFRUXj4+PDJxx/TpfJt4GeydPdwvKiIQ3v2YNTpiBg4EL1ej9nBFzO6OjspLiwk7+hR
Hr3rLjbk5NDjIo8pQHJ0NPOvuMLhu2oHxcTQWF3N0SO5NDQ3O3TtH3OyqorjOTkMTkjAbrPh6eXl
lPMOuru6qK6ooKS4mMKiIl5+9ll+96tfsXbzZmpbWrA64GJVeV0dc+fOZXBMDAbD+d/s+6833iD/
5ElVxxYNjIhg0sSJDElNVa2Gozz11FNYLBZVa0ybNo0pU6aoWuN8KCjU19ezbdcup9RbvXo1J/Pz
CQsOJiwiwuGvt0IIoZX+1WkQQri8m1OG88qMi5ga5Zj5fK1dXXxWcIIttTVOnfl8NukRkSyOS8DY
04NN5Zmr50un12MMDqI1MYFXPv2EkqrKfrcT+vjBg6rsIDlSXMzPHn2UiRnjuHLuXJ5/5hlOFhdT
XVFBQ526t1K3trRQUVbGu6+/ztIrruAvzz2navMZwMfbm4xxGarW6IsrlywhMDBQ1cNGz5RfVMQf
nnqKJx95hOLiYmqd1NTtizkLFxIbG4vixNfIzu5uPtu2jdFjxnD7tdeyb+9eKsvLaairo/scx6XY
bDaaGhtpamyk9ORJCgsLeeX555k1YwYvvv021f1wNvAPiY6MZHpmpia1j5WW8uT//J47ltzAx//5
D6UnT1JRVkZrH3Yod1gsVFdUUFFWxvatW7nlyiuZMGkS6/fuxeqi75tquPuhh7jquusx9aFZej6y
DxzgorlzufGyy9iwbh0VZWVUV1Q4/D2zs7OTupoaSoqL2bVzJ0889hizJ04gc/x4/vbyyxTXNzh8
fv/qjz+m7ORJh64pLlyxCQnMvGSuU+5UOGXl6tU8ev/9fPzvf1NRWkqrEy9QCSGEWmQGtBDCbXVa
e/gg7wh7Ghowe3m6TPP5lNFh4Rh1Ol7LPYTi5eXUxs+50ul0GH18aB40iJc/Wcmt8+YzOHJAv9kJ
bbWp21Bv6uhkX1ER+55+mmXLlzNu6FBi4uP5zZ//DHw16/zUDiyDwYDZw+Oc/23tdvs3bo/u6OjA
arPxzvLlvPXacg7lF6h+IA589TMSEx/Pk3//u+q1+iI2NJTC/HwsKs6BPlNdUxMvvfsub69YwaLp
0/nrm29+1UD6+nne28fbGQYGBuDv6UFju7q72L7Put27WZeRwdSRIxmbkcHVN99MbELC6YsGOp0O
nU6H3W7/xoWwxoYG3njpJex2O++8/g8K6+odskvSHY1MT+e+X/2K/2Zn0+3EXdCnNHV0snbrNrbt
2UOIlxcDoqK44eZbuHLJEhRFQf/1uQcGg+E773c9PT2nR7HYbDasNhtbv/iCV/76V2qbmth66JDT
/z6uZERSEqnx8eQcO6bayJofsvXwYS659FLGJiczICSEa265hVkLFqDX6dDr9ShnvI8pivK9uzE7
Ozq+kbu7u/urxxw7B/bm8I8XXmD12rVUO2mkQE9PD/YL6CKGUJ+32Ux0UCCFKs9rP9P+/Hx+/vOf
kfjMMyy94w6uWrr09OusoigYjUbZHS2EcCvSgBZCuCWb3c7bhw5yoKUZs7eX1nF+0PCQUO5ITePv
+3PwctEDcXQ6HeaQYFo9zLyy6lNunXsJsVHRWsdyiLwTJ2hX+ZbRUyrr61m5ZQts2cLf33wTvaIQ
GxTI8GEp6HQ6hqen85N77yU8MvI733tmq+bUR/ja6mreWLbs9Ndff+VlTlTXqHo78PcJ8vVlqgoj
BRztsquv5kBBASVlZU6t29bRwduffca7YWEsmDDhdMM5ZfRolt51F9ExMd/486cfa0VBOeN/zjD9
ojlsz9nH7v37nVLv+2zct4+N+/bxp5deIszbG1/zV4eghYWGMiAikvqGBk6WlgDQ2WOlVHZ9fUNo
QABTR41inZNuBf8+LZ1dtHR2UdjQyO6HHuLp3z2JwWAgdegwAEZnZaH/1m7egiNHqKupAaCyuoq8
4pPUtrc7PburuvKmm6itr+eJxx+nurVVkwy78/IgL++r9zEgMSqKtPh4AkNCSBj21WMbFBLCTXfd
9Z3v/efy5dSccSfI5k2bOHLoIA0dHdRrcMEr78ABmhsbnV5X9F/RgwZzyaWLeO7VV51at67dQt2x
Y2y//36e+tOfGJWYCICvnx+TLrqIJbff/p3v0fL3DCGE+DHSgBZCuKWX9+4hz9KO0Q2u/CcGBnH/
qDE8vXe3y86LPbUTunVQNP9Yu4brp88k6VuNM9E7Vrud/PoGCr/+ML9y61aeev757+zUD/TwINDL
8/R/t3d1Udnaht1up+eMXY5n7iAU33XDbbfx0fvvU1tV5ZSd4d9mtdlON27gq8f76WXLvvGh79Rj
HRwYSNSAgfgHBjLl4ou5cskSp2RccPnlfLnhC44dPUpzZ6dTav6YmrY2ar5uQhY1NsHxEwD/dzu+
/Lx/R+rIkfy/Z//OkYsuorRJ++Z8Z08PBQ1fNfpO1GYDX/3sf5vdbv/GjlRXHU2lpdvuvReL3c6D
Dz2kdRQA8svLKSgv/+rMiJUrga92Xf7ssce+82e//f5ks1q/eh7Lc1j0EzHx8dywdCkfvfeeZhdG
CysqTo9cU3Q63lmzhnsefvgbf2aQvx8GvZ7E2Di8vLyIGzqUK2+8kVQ32EgghOj/pAEthHA7y3L2
cKKrA72H2S2u6OsUhRj/AB4anc7Te3e5dhM6MIgmg4F/bcnmsp5uUhIStY7l1ux2++lxAVab7Xvn
3nZYLFSdsVPLZrc7fB5mXyQOG8avn3lG6xhnZTAYmL/oUg4VFFBQXKxJhjPn1n7f433qsVYqKtHn
HUOn0/HOf//Lb558kktnzOCPL72kaj69wcCUadPZums3O3NyVK11LuxwukF1oY7V6C1FpyNiwEAW
XX4Fzy5frnUcgNONxzNf60TvGYxGsjIyWDBnDitXr9Y6zv9dJPjW49nV1aVBGiG0pSgKkQMHsmDx
Yl54/XVNMpz5O+Wp5+W3n4/HLRYUReF4VfVX43Oys3nx7bcZmZjIvffdx/yrrnJ2bCGEOM11BhMK
IcQ5eH73Tk5YLGA0ukXz+RS9ohDj789Do9NpaWpy2V1BOoMeg58fdUFBrNi1kwN5R7WO1CfxMbF4
ms1ax/hRNrudHpvt9P9cqfkcGhDAhOHD8XPRiybfduUNSxiTkoKn0TWvr596rLutVjq6umjv6KCx
qYkThYW88cEH3H/TTSx/7jm6VWzwzJo3j+GjRqm2vqvSKwpRLjoGqbfCIyO5/Z573GI0jtqiQkMZ
ER+vdQyHGTV2LDfdeOPp2+zF+UkYNsxlL/YL9xUZFcWSn/yEAX6+Wkf5Qdavf8/o7O6mo6uL1vZ2
amtryd69mz89/TQr/vlPrSMKIS5g0oAWQriNF/fupqi7C4zfPeDIHegVhRg/Px4cNRZLa6vLHpCj
0+vRBwZQGxzEZ4cOknMkV+tI5y1l1Ci8fV33g4IrCw8K4rrLLuNnv/iF1lHOmV9AALMumk109CCt
o/SK1WajuqGBt1as4LUXX1B1h6G3jw9pSUnERESoVsMVeXl7s/iKy7WO4RAGg4GkoUN55sUXmTpy
pFu+HzrCoLAwJo8bR+LQoVpHcRgPT0+mX3wxj/3qV9KE7oP5V1zxnfn7QvSVwWBgcGws8xcs1DpK
r3V2d7Pr0CEef/IJXnCDu9qEEP2TNKCFEG5h2d7dFHR2YDcYUHTu+9Kl1+mIDwjgp2kjsXd0uOwc
TL3RiN7fnyovT9blHmbv4cNaRzovi6+7jiExMZgNeq2juBVvk4kZkydz7yOPMHDwYK3j9MqCK65k
3syZhAcGah2lV2w2G3VNTew7cYL/94tf0NzUpFqty6+5hkULF+Ln4ncHOIq3hwfjU1IIDQ3TOorD
GE0mho8Zw1PPPUdUgD+6C6wJ7Ws2sXD+fK69+WbMbnAWRG/4+fsze/58aUKfp9FJScTGxPS7nwvh
GoKCg7n17rvJSknROkqvWTo7OZKfz9tvv837b76pdRwhxAXIfbs4QogLQo/Nxiv79nLM0o7dYHTr
5vMpiqIwNCiYG4cMw9jdjdVq1TrS99IZDCgBAVT4ePNFwQl2HzqodaReGxgdzazZswgNCdU6iluJ
iYlh5uzZxLph8yM8MpLb77uPGVOn4GU0ah2nV+xAe1c3/3jnHdra2lSrM2DQIKZMn87QYf1n5+gP
8fH0ZPbEifzyySe1juJwRqORkenpLFywEJPJpHUcpxoyZChTpk8nys0ukJ0r/8BALlqwgMd+/Wtp
QvfSA489RkxcnNYxRD9lMptJHTGC3z39NOE+3t8+V9rldVttHDh6lHUbN2odRQhxAXL/To4Qot9q
7+7mrYMHONzags5sRtG52W95Z5EWGsYV8Yl42+zYXLQJrTeZUAICKDPo2XjiOHsOH9I6Uq9dft31
pCYnyy7ocxQRFMTcWbOYOXeu1lHOW9KwYfz84UeYd/EcvN2wMVdeV8f61atpaW5WrUbGxIksWrCQ
weHhqtVwBYNjYnj0N79hVGam1lFUYTAauf1nP+OqxYvx9vLSOo5TRIeFcen8+WRNmeK0moMSEjA4
+YKWX0AAFy1YwKO//GW/mnOtpktmzWLitGn49pN578I1mT08mDRjBs8uewlPD0+t4/RaW0cHJwoK
OHrggNZRhBAXGGlACyFcUnNnJx8ey2NfcyMGD49+O+NyTHgE82Ni8VMU121Cf70TusxsZkO+++2E
jk9K4ucPPkjW2LGYDa55OJ2riAwO5spFi1hyyy1Eu/nOwrGZmcxfsID42Fito5yXo4cO0dnZqdr6
EQMGcPk113DZ4sX4mt2vSX8uwkJCmHvRRYybNEnrKKpRFIXUkSP5+QMPcPnChfj388ZbdFgYS667
jiuuuYbIgQOdVjc4LAyDBu8ffv7+XLJ4MY/98pekxcXRP38TcozU2Fjuu+8+QkPd546niIEDL8hD
Yb+Pj8mEl8l97loymkxcfu21zJ8zB083HPfS2tJCZWmp1jGEEBcYaUALIVxOY0cHq/JPsLO+FpOn
Z79tPp8yLiKS2QOjCdDpXHYch95kQgkKpMxkYsPxY+zNda+Z0LPnzePBRx5lwrh0PKQJ/b2GJCZy
04038pM77yS1n3wgnjBlKldefTVJbrh7sLK0lB4VDyMEiE9OZultt7Jo0WJV62jBz9ubqZmZ3LBk
CfDVbdMZkyap+n7iYzZh1mtzp8WIMWO49777WHjJJQT6+2uSQW3RYWFcf8013PiTn5A4bBjw1YWU
ZCfMYh03YQJmT212Onr7+rLw6qt55LHHSI2LQ98PRpE5kkGvZ9bUqTz66KNMmDoVTwfdCTA0NQU/
lZ9LIWFhxCclqVrDUQI8PFSdNR8WGEiIm712KYrCz++/n7mzZ7vdHShd7e00VddoHUMIcYGRT+FC
CJdSZ7HwxckittVWY/bywu2Gq52n8QMGYge+KC+j3mpFr1ET48foDQas/n6U222syzuKTqdj5BD3
mSE799JLsdls+L70Etnbt1Ov4ngDdzMkMZGblizhqmuvZXA/mp0Zm5DAtddfT0RkJCs++oiNX3xB
m8pNXUepLCmhu7tb9TrDR47ivocewtLdzX8/+YRWN/n3+TH+3t5My8ritttvP7270Gw2kzFxoqp1
BwaH4OftrWqNHzM6I4N77rkHu93Opg0bqKytpctFL2r2VlRoKDdccw0333EH8UOGnP56eGQkw4cP
x8dkUu1n19/DzLgJWXhq1IAG8PD05KqbbsLW08PBggLWfvIJRwsK6OgHz9fzpVMUIoODuf6WW7ho
2jQmzZjh0F3qw1KH4+u3iqq6OoeteSazQY+n0X0+igd6elCi06l2t56vjw8+3j6qrK2mjIkTud9q
RVEUtm7OpqaxiW43eN3tbLfQVF2tdQwhxAXGfd71hBD9Xq2lnU0lJ8muqsSs4Yd4rWQNGIjNbmdT
RTl1rtqENpmwBgVR2dTMf/fvx6DTk+omu3cA5i1eTGBAAD7PPcfWbdtosViobWrSOpZmvE0mBg0a
xNIlS7j6uusY5KbjKn5MbEICtyQkkJaWRoCXJ59v3ERVfb3WsVzK6NGjefKJJ/DW63n/o4/cugkd
ERbGzMmTWbJkCTPmzfvG/6cAfmYzzR0d2FWoHRwYiJfGu+DGjh/PPTYbI1JSWLVqFXsOHqRZxQMt
nWFASAjXXXUVP/npT7/3YFQfT08GBgeTV1Hh8NoKEOzlhc4Fhl/o9Xquv+MOAEYkJvLs88+z78iR
C64JbdDpCPbzY1hqKrOnT+fRJ55QpU7CkCH4+PqqsjZAgLcPkYFBqq3vaInJyeSWlblFc9XZsqZM
wWazMSYtjX+++w55hUUu+++kAAZFwUOvxyh3BAohnExedYQQLqHWYmFTSQmbKiow+1x4zedTJg6M
QgE2VJTRYLWic8UmtMGA1c+Xyp4eVuzZhd6gZ2ic+4w4mDB9Ojrl/7N392FR1fn/x18zZxju7wUE
tDAU0MK0NNPMMl3zLlMry9bKdFOzsrYb291vu/Xb2pvcdrM2tdp1KzdXt23TrVYz86Y1101rzTDL
exSFQEkQGGBgmN8fxiyDomgcZgaej+viujiHzzm8Z5gzwGs+8/5YdOnFF+vzL77QO++/r+J2GEJn
pKerX+9euvrqwRo2erQ6BXjP5zPp27+/fvbkU4p75hn9dflyFR075uuSTuvS/v0V1oovxGVdeKEe
e/JJ1blcWr1+vQpMmvVnlmCboaSERI0ePVrTpk/XxZdeetIYi8WihPAwlVVXy+1u+Qg6IjpawX7Q
C7TvFVeo7xVXqEePHnr1tde0/t//VtHRo74u65x0jIvTpJtu0swf/lDnNfHujPDQUCV26GBOAG21
6oL0dJ/0fz6dW++6S+66Oq37z3+05eOPtXf/flVUVfm6LFMFGYaTL72xAAAgAElEQVTiY6KVlZml
Ky+/XIOHDdPga6817fv1HzRIqR07avv27aqtq2vx80dFRiouNrbFz2uW26dN19otn6iyypy2DV26
dQvov0MGDh6sgYMHKzo2Vq+99qq279qtispKX5d1EpvFolirofTERKVf2MPX5QBoZ4wnnnjiCV8X
AaB9K650aH1env5V9LWCw82ZPWaRdE1yiowAaOlxXlSUbLIov6xMVXV1svhhv0erYcgSGqKKIJv2
5OSoc1ycYqKiA6Zfd+cuXdT/6quVdv75qquultVul6O0VJXtYCZZQkyMLuvXTz+YPFkPzJ6tgYMH
KyomxtdltYr4hARlZGXJ5XDIFhoqR0mJHCYu9HeuQm02vfbXvyopOblVv29cfLwGXHmlHEePavfe
vQETaEWHh+uyXr004YYbdOukSacMnyXJVVen7Z99pi/27GnxfvuxkZEaP368rhoyRDF+Eip1695d
XdPTVXb8uAoOH5azulouE4J3MyTFxqrfgAEaM3So7nv0UXVKS2tybNnx49qza5dyDxxo0edwi6TI
0BD99PEnlN27t9+F0D379NGYsWMVHxamQwcPqqSkRHV1daoLkJ9xcwUZhjrExqrXRRfp+lEjNe3u
uzV5xgx16drV9O/9yUcbtGv3nhb/PRERGqqePXpo2LXXKqMVepi3hG5ZWXpj8WIdKS5WXQsH8tHh
4br3/vs15oYbWvS8vtC3f3/FRUTKMAy5XC45KirkrK31dVmemc8RFqvOj4rSyGuH68ZZ9/m6LADt
DAE0AJ8qqa7SmtxcbSgsONHz2SSBFEBLUufIKAVbLTpQWqJqt1tWPwyhLVarLDabKgxDOz7bqvSO
HRUVEWHqIjUtrWNqqoZfd52uHDBAFcXFclmtqqqoaHNvabZICg0KUnJysm4dM0bz/vAHXTl4sMIj
Aq/f4ncV16GDvjdqlEZce63Ki4rkMgxVlZeryo+C6Eu6ddWkKVN98vOJiIxUn/79VXLokHbu2aPQ
4GBV19aaMmP4u7Ibhjp0iNfQgVfqxz/9qW6dOlVJKSlNjg8KCtL1Eybob0uX6ptvvmmxoM5uGBp/
7bWaMWuWunX3r774yamp6typk8IMQzXOalVVV6vG6fTbINpqtapDdLQmT5ig+QsXasTYsYo8w8Jk
CR07KrNHDxUeOKBtX37ZYrUE2+0aM2SIHvvlL2UPDm6x87a0C3v3VoTdrhBJLletKioq5Ha7Az6I
DjIMxcfGKDsrU2NHjdJ9P/yh7pg+Xee3YqsowzD01VdfqeDrr+VqwdD1sl699OCDD2r0hAktds7W
cPzwYW3fsUPlDkeLtTEKMgwNHThQ48aNU+c20gase8+eGnvDDeqSnKwqh0M1LpeqKyt9GkTbLRbF
WA0lGjZ179ZNg8ePVWYbWXAaQOAggAbgM8erq/Tevr3aeLTQ9J7PgRZAS1KnyChF2mza/U2xaiW/
nAltsVplDQlRZUSEtm/apG6pqYoMC/fLwPx04hMSNGrcOF0/erSO5uaqorZWhsUiw2KR212nurrA
+0feYrHIbhiyBwUpKTFRl2dfpBnTp+uBxx5TZFSUr8vzuYjISF07Zoxuv+02Hd27V7sPHJDNMFTr
cvksbLVIigoP18MPP6LLBgxQkN3ukzpCw8J05dChKt63Txd37679eXmyWq0+vW8aCw8JUa/MTN06
YYJmPfKIevXt2+xjo4KDtWHjRjkcjhapJSM1Vb9+/nld3KdPi5yvpXVMSdHgYcPUf8AVCpFUWVam
SqdTtTU1fhNSGlarYqOilJGRoXFDhuiX8+Yp9CxelI5PSFBqWpqWLl7cIiGPYRjq1q2b1m78t1+2
wmrswl69NOamm9QpqaNcZWWyWi2qqT1xvdb6aS/aUwkyDMVERyslNVVZaedr7KjRmv1//6dJP/iB
T9ozXNCtm+oqKrRn1y4dPXasRULXELtdU6dN09S7726Bs7WuAddco0/+9aH25x1ssTC1S1KSfvL4
4xo6cmSLnM+fdOveXTfcfLN6Zmbq8L59Kjx6VDbDUI0Pguhwq1VpQUHqFhGlrEt66dKRI5UawC1P
AAQmAmgAPlFZU6N3vvpSHxcfVVArrHodiAG0JKVERCo+OFjbiwpVZxh+2eLCYrXKGhQkR5Bd27ds
PhFChwfWTOh6EVFRGn3jjbpr2jRF2+1KCgtTiGHIYg+Wy+WS2+WS25Tly1qOxWJRsN2uxLg49Tj/
PGVe0EWzZs3SnPnzdUm/frIFBfm6RL9is9l07dixKvjqK2Wed57KnU656upOPFe4W++nbbVaFR8b
qwnDhunHv/zlWYVvZgiy2zV83DgNHzdORbt3q1unTiosLlbNt7OhfRFE26xWhYeHKz4+XkP79dOz
L76oGydNUnxCwlmdp+cll2jT6tUqPHLkO83urq/nzsmTNfh731PUGWbq+lqHxEQNHjZMQ669ViHu
Oh0rKlR5tVN1tbU+C6INq1UR4eHqcv75un3sWL3xzjsadv3157QIb7XDobwdO3SwsPCcb5NFkt1m
U+dOnfR/Dz2kXn76okJTMnr00LiJE3XFwIGKDQlRqGHom4oK1dXWel5g8zcNr+uuycmadMvN+t3c
5/Tgj36soSNGqGNqqk/r692vn4oLCrRn5045qqvPuf2E1WJRaGioLsvO1vWjRyvzootauNLW4aqt
1b4DB3X8+HHVfofnT8NiUXhYmG684QaNGDVKHRITW7hS/3F+errSzj9frmPHlJKUpGMOhyySDElq
pXcrRFsNZUfFaOhVgzRy+jRdcs01pn9PAGjM4vaXqSwA2o3aujr9bfvn+qTkmCxhYa0SqlolPdW7
j4ICbGZuvR3FR/Xi9s9lDw/3yxBakurq6lRTXq6I3Xv0g5Gj1CW1k9/Wei6efPhhrVq5QvsKi3Ss
vFwul+tEv826Op9G0hadCJ2t3852jgkP06UXXqjJ02do/MSJPqwscL2xaJH+tWqVtufkaHdBgY6V
l6u2tvbEz/rb8LWlfuYWnWgNkZiYqP978EHNePDBFjpzy/t/P/yh9u7cqc1ffaUD+flyuVxyfXsN
mMVqschisSgoKEjdEhN06x2TNf2BBxQbH/+dz/2TmTP12ptv6sixY2d1O6wWi4LsdnVNTNAtt35f
0x54QIkdO37nelrb0aIivTR3rpa+/mcdKCmV89tZ0S3ZaqAxi0682GIYhgybTZ0SE3XHhAn6vzlz
WuT8xUeO6OW5c/WXPy/S7qIjqj6L1joWi0VRoaG6tHuWbv/BXbpjxowWqcnXdn7xhX7xyCNyVFVp
1ZYtqv62t7vL5Wr1Fx7qr+f6x4DdbldabIwm3n5Hi13XZvnziy/qt7/7nbbv3XvW14hhtapzfJxG
Dh+hqffco0v69TOpytbzuyee0PyFC7U/P/+sfwcYVqsuSEzQuPE3aNr99ys9I8OkKv1TYUGBXp0/
X5/95z/asWunco+VqPLbBQvr/85oyWvTsFp1QXiEpk2erNsf/KEST9NTHwDMRAANoNX987P/atPx
UlWGhrZaq4ZAD6Ddbrf2lBzTM//9xK8XjKurq1P10WJF5+VpyvCRSj/vPF+X1GIazvr8w+9+pw/e
fVdfFxXqqwMHdbSF3sp/LhLCwxQVHKxL+l6mabNm6ZrhwyWdCFPa0gsAranxDN/XX3pJ7/z1rzpS
fFSH8vNV7nSqsLyiRb5Xh+ho3TZunJ5ZuNDvf2YN75cXn3lG61as0Be5ufrywAFTvl+wzVCnqCgF
h4TozukzNOtHP1JQUFCL3Udut1uLFy7U+hUr9P7GjcorKjrjMYbFovQO8bpz+gzdN3u2QsMDr+VQ
Q54XVNxuPf+rX+mVl1/SzvwCOU2aKRsfFqrMzp3V65JLNeKGGzRy3LgWf9y73W5VV1Xp+V//Wk/M
maPKZi6mmdKhg6ZNmqSf/va3fn8tnq36gLD8+HFNHTtWkpTz5Q7tL/7GtJ91Y+F2uzpGhCssNFQ9
L8pWv8GDdc8jj0gKjN9XbrdbSxYu1K9/9Svl7Nt3VscOzM7W03Pn6vKrrw6I29ocbrdbz//iF3p+
wQLty88/q2OH9e2rea+9pgsyMwP6+fM7aRQyTx07VuXHj2vnnt1yVFbq6/IKVbTQeiSXZmbq8Z//
XKNvvFFqI48/AIGJABpAqzrw0Uda9eUO7U5MUF1yx1brrRjoAbQkudxu5R4v1W8+3XLGRZl8qc7l
Um15uWIOHdbEgVcq64J0X5fU4pzV1aqpqZHbXSeX68QM6H27d2vJn/6k3Tk5qnY6tWPXTh0sPd6i
37dzdJR6dOumi/tepvCoKI0cO1bdumfJIotsNpvswcGy2Wwt+j3R8Oft9sx4d7vdOlJYqFcXLNAX
n3ziGbtj107VNurveMThULBhKOrbhcziY+N0UXa2Bo8apesnTJA9KMjnLTfOVnVVlWdW+Kcff6xl
f/mLDuzerbKKcn21b5/yj5ed9TmjgoMVHxaqqMgoXXTRRbpi6FB9f8qUE/3M7XYFh4S0+O1wVlfL
VVur53/1K21av16SVHjkiHYfylOxo1JhQUFKighXaEiILupxofpedZWmzZql4OBg2YOD29Q/8tVV
VXJ+24LmjUWL9HV+vtZ/sFq5+/ap2FGp4+ewUGdyZKS6X3CBIiMidPvMmRoycqQMq1WGzSZbUJCC
TGoJ5Ha75ayuVmVVlV6ZP19lx49r5+efa/v2HJWVl5+oLSlJCfEdlJCSomFjxujaMWNkDwpSSGio
KTX5A7fbLUfFiRfP6mdAv7FokTa8/77KSkqUl39Yx0pKdKyySiXNDO5PpUNYmCKD7Uro0EE9e/XW
9667Ttded50nfDWsVtmCgvx6ccdTqXE6VVVVpTUrVujVF16QJFU4HPpy7x4dPl4mq8Wi82NO/H3W
PSNTF192mULCwnTDxInKvPDCNvf7ubqqStVOp/76yiv659/+Jkk6Vlqinbm5KiyvkN0wlBoVKcMw
dFFWd/Xq318/uP9+xURHKzQ0NCD6q7cWR/3ioY3eabX+/ff13rJl+jovT5J0rLRUeYcPeR3rqqvT
wdLjSouNUf1vpK5duqhnn766ZcoUZXbvrtDQUFqwAfA5AmgArWr7qve0+usCHUruKMXGMgP6LLnc
buWWlug3//3E/0Po4m/U4ZtvNLZvP2W3g7dX1tTUqKK8XLVOp+rcbtXU1Kj2FG9LfefNN1Vw6H//
PBTk5cntdiul0Wzx2Ph43XTbbV77bFargr79p91qsSgsPJx/KHyozuU60QezwSwlZ02N1KhBR22d
+0S/R+uJfw2t1hNvPQ8JDVWYyQuwtobq6mo5ysvl+jaQrqmt9Tz2a2pq9Or8+Z6Z0zs//1ypaWmK
aLQQZu++fdVv4EAZVousFquCvg2cIyIjW+U2HC8tlfPbwK3W5VLNtz2ELZYT151kkT0oSMGhoe1i
Ec+Kb3+eVVVVqq2tkavuxGy9nK1btenDD73GHdyzR9179fI6fuKUKYqMijrxnGWzyWq1KiIqyifh
bvnx4ycelzU1qnE6Vec+8di0Wg3ZDENWw1BoWFjAvQjUUirKy1VVWSl3XZ1qXS7V1bk8P++vtm/X
vz74wGt8jdOpLz/7TBf17eu11sOYCRPUMSVF0olWG4bV4nmua2v3b1VlpcqPn3iBufHv+yDjxN+Z
NluD39UREW0ufG6ooqxMld++E6zh7wCLJJvxv+dPe3CwIqOj29QLd2arrKxUZUWF6r59p0JdXZ1q
Xd4vcrvdJ9ob1j/2pP89/sIjIkx7oQ8AzhYBNIBW9c91a/Sx06mK6ChZbLZW+yO0rQTQUn0IXarf
fLpZEX78h7yrplZ1ZceVVFKqkdk9dXFWd1+X5BdKjh1TTYPAssbplFuS3W73GmfYbIrz436YQLO4
3TrSoLVFVWWl7Hb7STPfwsLDFR5h/oK0+G4qHQ6Vl/1vdntdXZ2c1dUnBctxHTqc00KC8C9VVVUq
Ky312ud2u1XlcCi00YtnMbGxCmr0ewwAAKBe230pFoBfKg4JkdNmyGqzSX4anPo7w2JRWnS0Hrqk
r174fKtsYWF+2UPPCLLJEhWlolqX3tueI1ddnS7pcaGvy/K5mNhYX5cAtB6LRQlJSb6uAi2krc1k
xemFhIQoxITWNwAAoP3xv8QCQJtWa7XIbbUSPn9HhsWibrGxmnZhT1mdTs9b8/yN1WaTJSZGX0dG
aM3uXfpke46vSwIAAAAAAK2IABoAAtiFHTro+90yFeKqk8tPQ2jDHiRLTIzy7UFat3s3ITQAAAAA
AO0IATSAVlVjtco/Y9LA1SsxSeMuSFeE2+23M6GNb2dC54cG68P9+wihAQAAAABoJwigAbSqWotF
dbTfaHF9kjpq1HlpirZY/DeEtttliY3VoSCb1u7epU+/2O7rkgAAAAAAgMlYhBBAq3ITPpumX3KK
XG631uYf1jculwzD8HVJJzFsNrmio1XgdmvN7l2yWq3q3b2Hr8sCAAAAAAAmYQY0ALQhA1JSdXVy
iuKthh/3hLbLEhengrBQrdq+XZ/v/MrXJQEAAAAAAJMwAxoA2piBqZ0kSesL8v17JnRUlL6udend
z7fJMAxd2LWbr8sCAAAAAAAtjAAaANqggamdZLVYtObwIZW4XLL6YwgdFCRLfJyKgoL0902bFGSz
qdv5abLQpgUAAAAAgDaDFhwA0EYNSEnV91I7KdrtlttP23FYbTYZUZE62iFOr69fp/2HD6murs7X
ZQEAAAAAgBZCAA0AbdjlKakadd75iqqr8+sQOig+XqXnddYf//mu8vLz/bZ/NQAAAAAAODsE0ABa
lUUWuSW53e7W/fD1DfehS5NTNbZLusKdNZKfzi62GoZsERE6ft55enXZ31WUn686QmgAAAAAAAIe
PaABtKoQw1CYYchibd3XvwyLRe25s3DPpI4yLFYt3fmlbFGRvi7nlNw2myI6dpSzokL/WfaWht56
qyI7JPi6LAAAAAAA8B1Y3G53e54YCAAAAAAAAAAwCS04AAAAAAAAAACmIIAGAAAAAAAAAJiCABoA
AAAAAAAAYAoCaAAAAAAAAACAKQigAQAAAAAAAACmIIAGAAAAAAAAAJiCABoAAAAAAAAAYAoCaAAA
AAAAAACAKQigAQAAAAAAAACmIIAGAAAAAAAAAJiCABoAAAAAAAAAYAoCaAAAAAAAAACAKQigAQAA
AAAAAACmIIAGAAAAAAAAAJiCABoAAAAAAAAAYAoCaAAAAAAAAACAKQigAQAAAAAAAACmIIAGAAAA
AAAAAJiCABoAAAAAAAAAYAoCaAAAAAAAAACAKQigAQAAAAAAAACmIIAGAAAAAAAAAJiCABoAAAAA
AAAAYAoCaAAAAAAAAACAKQigAQAAAAAAAACmIIAGAAAAAAAAAJiCABoAAAAAAAAAYAoCaAAAAAAA
AACAKQigAQAAAAAAAACmIIAGAAAAAAAAAJiCABoAAAAAAAAAYAoCaAAAAAAAAACAKQigAQAAAAAA
AACmIIAGAAAAAAAAAJiCABoAAAAAAAAAYAoCaAAAAAAAAACAKQigAQAAAAAAAACmIIAGAAAAAAAA
AJiCABoAAAAAAAAAYAoCaAAAAAAAAACAKQigAQAAAAAAAACmIIAGAAAAAAAAAJiCABoAAAAAAAAA
YAoCaAAAAAAAAACAKQigAQAAAAAAAACmIIAGAAAAAAAAAJiCABoAAAAAAAAAYAoCaAAAAAAAAACA
KQigAQAAAAAAAACmIIAGAAAAAAAAAJiCABoAAAAAAAAAYAoCaAAAAAAAAACAKQigAQAAAAAAAACm
IIAGAAAAAAAAAJiCABoAAAAAAAAAYAoCaAAAAAAAAACAKQigAQAAAAAAAACmIIAGAAAAAAAAAJiC
ABoAAAAAAAAAYAoCaAAAAAAAAACAKQigAQAAAAAAAACmIIAGAAAAAAAAAJiCABoAAAAAAAAAYAoC
aAAAAAAAAACAKQigAQAAAAAAAACmIIAGAAAAAAAAAJiCABoAAAAAAAAAYAoCaAAAAAAAAACAKQig
AQAAAAAAAACmIIAGAAAAAAAAAJiCABoAAAAAAAAAYAoCaAAAAAAAAACAKQigAQAAAAAAAACmIIAG
AAAAAAAAAJiCABoAAAAAAAAAYAoCaAAAAAAAAACAKQigAQAAAAAAAACmIIAGAAAAAAAAAJiCABoA
AAAAAAAAYAoCaAAAAAAAAACAKQigAQAAAAAAAACmIIAGAAAAAAAAAJiCABoAAAAAAAAAYAoCaAAA
AAAAAACAKQigAQAAAAAAAACmIIAGAAAAAAAAAJiCABoAAAAAAAAAYAoCaAAAAAAAAACAKQigAQAA
AAAAAACmIIAGAAAAAAAAAJiCABoAAAAAAAAAYAoCaAAAAAAAAACAKQigAQAAAAAAAACmIIAGAAAA
AAAAAJiCABoAAAAAAAAAYAoCaAAAAAAAAACAKQigAQAAAAAAAACmIIAGAAAAAAAAAJiCABoAAAAA
AAAAYAoCaAAAAAAAAACAKQigAQAAAAAAAACmIIAGAAAAAAAAAJiCABoAAAAAAAAAYAoCaAAAAAAA
AACAKQigAQAAAAAAAACmIIAGAAAAAAAAAJiCABoAAAAAAAAAYAoCaAAAAAAAAACAKQigAQAAAAAA
AACmIIAGAAAAAAAAAJiCABoAAAAAAAAAYAoCaAAAAAAAAACAKQigAQAAAAAAAACmIIAGAAAAAAAA
AJiCABoAAAAAAAAAYAoCaAAAAAAAAACAKQigAQAAAAAAAACmIIAGAAAAAAAAAJiCABoAAAAAAAAA
YAoCaAAAAAAAAACAKQigAQAAAAAAAACmIIAGAAAAAAAAAJiCABoAAAAAAAAAYAoCaAAAAAAAAACA
KQigAQAAAAAAAACmIIAGAAAAAAAAAJiCABoAAAAAAAAAYAoCaAAAAAAAAACAKQigAQAAAAAAAACm
IIAGAAAAAAAAAJiCABoAAAAAAAAAYAoCaAAAAAAAAACAKQigAQAAAAAAAACmIIAGAAAAAAAAAJiC
ABoAAAAAAAAAYAoCaAAAAAAAAACAKQigAQAAAAAAAACmIIAGAAAAAAAAAJiCABoAAAAAAAAAYAoC
aAAAAAAAAACAKQigAQAAAAAAAACmIIAGAAAAAAAAAJiCABoAAAAAAAAAYAoCaAAAAAAAAACAKQig
AQAAAAAAAACmIIAGAAAAAAAAAJiCABoAAAAAAAAAYAoCaAAAAAAAAACAKQigAQAAAAAAAACmIIAG
AAAAAAAAAJiCABoAAAAAAAAAYAoCaAAAAAAAAACAKQigAQAAAAAAAACmIIAGAAAAAAAAAJiCABoA
AAAAAAAAYAoCaAAAAAAAAACAKQigAQAAAAAAAACmIIAGAAAAAAAAAJiCABoAAAAAAAAAYAoCaAAA
AAAAAACAKQigAQAAAAAAAACmIIAGAAAAAAAAAJiCABoAAAAAAAAAYAoCaAAAAAAAAACAKQigAQAA
AAAAAACmIIAGAAAAAAAAAJiCABoAAAAAAAAAYAoCaAAAAAAAAACAKQigAQAAAAAAAACmIIAGAAAA
AAAAAJiCABoAAAAAAAAAYAoCaAAAAAAAAACAKQig4XMrV66UxWLxfLz44ovndJ7p06d7nScnJ6eF
KwUAAAAAAABwNgigAQAAAAAAAACmIIAGAAAAAAAAAJiCABoAAAAAAAAAYAoCaAAAAAAAAACAKQig
AQAAAAAAAACmIIAGAAAAAAAAAJiCABrtXk1Njd5//309/PDDGjhwoDp16qS4uDj17NlTt99+u15+
+WV9/fXX53x+t9utDRs26JFHHlH//v3VoUMHdenSRYMGDdKPfvQjrV69WrW1tc0618qVK2WxWDwf
//rXvyRJubm5+sUvfqErr7xScXFxslgsWrNmzUnH9+/f33Ps9OnTPftLS0u1dOlSTZo0SZdccoli
YmLUo0cPTZw4Ua+88orKy8vP6bZXV1frww8/1GOPPabhw4crMzNTMTExuvDCCzVhwgTNnTtXubm5
zT5fXl6e1+3/y1/+4vnaxx9/rCeeeEJDhgxRly5dlJKSosGDB+uhhx7Spk2b5Ha7Tzpf/e3+/ve/
r8suu0xxcXHKzMzU9ddfr2effVaHDh06p9stSZWVlXrrrbd01113KTs7WzExMcrKytLw4cP19NNP
a+vWred8bgAAAAAAgIDhBnxsxYoVbkmejwULFpzTeaZNm+Z1ns8///yMx2zevNndt29fr+NO9RES
EuKeM2eOu6qq6qxq+vLLL90jRow44/mvvvpq92effXbG8zW+r9asWeN+55133PHx8Sed84MPPjjp
+Msvv9zz9e9///tut9vtfu+999wZGRmnrS8jI6NZ9TW0Zs2aZt23ktw//elP3Q6H44znPHjwoNdx
f/zjH935+fnuSZMmnfF73H333e7y8nLPud5++213cnLyGX/ur7zyylndbrfb7V65cqW7R48eZ6xp
6tSp7qKiorM+PwAAAAAAQKBgBjTarZUrV2rQoEHasmXLGcdWVVVp9uzZuvPOO1VZWdms869evVqX
X365Vq5cecax69ev15AhQ7Rhw4ZmnbveBx98oJtuuknFxcVndZwkVVRUaPHixRo+fLh27dp12rG7
du3SiBEjlJ+f36xzP/vssxoyZEiz7ltJevLJJzV16lRVV1c3a3y9bdu2aeTIkXr99dfPOHbBggW6
//77PfWNGTNGBQUFpz2mqqpKd955p/761782qx632605c+ZoxIgR2rFjxxnHL1y4UCNHjvxOM60B
AAAAAAD8mc3XBQC+sHfvXk2cOFFVVVWefePGjdPkyZPVuXNnhYeHKz8/X8uXL9dzzz3nGbNkyRJl
Zmbq8ccfP+35N2/erLFjx8rhcHj23XfffRozZow6d+6s2tpa7dmzR6+++qqWL18uSSouLtbEiRO1
efNmpaSkNOt2/OpXv/J8Hh0drd69eys1NVWlpaUKDw8/7cx5wogAACAASURBVLEffvih53t36dJF
M2bMUJ8+fRQeHq7i4mKtX79ev//97z33UUFBgebMmaO5c+ee9ryvvPKKHnzwQc92UFCQZs6cqfHj
xys1NVWhoaHKz8/X6tWr9dRTT3nuoyVLlmjgwIGaOXNms267JP3+97+XJIWEhOiuu+7S4MGDlZSU
pNraWu3cuVMLFy7Uxx9/7Bm/cOFChYSEaN68eZKkhIQE3XPPPRowYICioqJUVlamnJwcvfjii16h
/H333afhw4crOjr6tPW8+OKLevTRRz3bCQkJeuihh3TVVVcpPj5e5eXl2rZtm55//nlPC45PPvlE
06dP1z/+8Q/ZbDwlAwAAAACANsbXU7ABX7TgePjhh73GvvTSS02OXb16tTssLMwzNigoyH348OEm
x5eVlXm1X0hKSnJ/9NFHpxxbV1fnnjt37kmtIprS+L7St20iXnrpJXdJSUmTx9Vr2IKj/uPmm292
f/PNN6cc/+GHH7qDgoI8YyMjI0/7fY4cOeKOjo72jE9NTT1t645NmzZ53bdJSUmnbXPSuAWHJHeP
Hj3cO3bsOOX4qqqqkx4X9R9XXHGF++DBg6c8rri42D1o0CCv8YsXL26yLrfb7d62bZvXfTVw4MAm
z19eXu6+/fbbvc7/+uuvn/b8AAAAAAAAgYgWHGiXli1b5vn84osv1l133dXk2KFDh+rnP/+5Z7um
psaz+N+p/OlPf/Jqv7Bo0SJdccUVpxxrsVg0a9YsTZkyxbPvj3/8Y7NbXUjSu+++q2nTpp1xdu6p
XH/99Xr11VcVGxt7yq8PGjRI9957r2e7rKxM27dvb/J869atU2lpqWf7qaee0sUXX9zk+Msvv1wP
PPCAZ7uwsFD//e9/z+YmaOnSperevfspvxYcHKynn35aCQkJXvsjIyP1+uuvq3Pnzqc8Li4uzmt2
uSRt3LjxtHU88cQTqqmpkSQlJydryZIlTZ4/PDxcL7zwglfd8+bNO+VCiQAAAAAAAIGMABrtjsvl
0t69ez3bWVlZslgspz1m2LBhSk1N9XwUFhaeclx1dbVXi4qbbrpJw4YNO+25LRaL7rnnHs92TU2N
1qxZ05ybolmzZmnIkCHNGttYWFiYnnnmGYWEhJx23NChQ722G953jXXp0kUvv/yy5+NMt12Srrrq
Kq/tgwcPnvGYejNmzFB2dvZpx8TExOiGG27w2nf33XcrLS3ttMdddtllio+P92zn5OQ0OfaLL77w
elHjJz/5iTp16nTa80dGRnp6UkvSpk2b9NVXX532GAAAAAAAgEBDw1G0O4ZhKDs72xMobt68WQ6H
Q2FhYU0ek52d3ayF4rZs2aL9+/d7tm+99dZm1dSzZ08lJCToyJEjkqStW7fqtttuO+NxgwYNatb5
T6Vz587q2rXrGcclJyd7bR8/frzJsX369FGfPn3Oqo7GM7dLSkqafWxcXFyzxnXr1s1r+8orrzzj
MTabTVlZWZ6Zz6f7+a9atcpr+/rrr29WXQMGDPDa/uKLL5qczX22nE7nWS/qCAAAAABofwzDOG0m
AnxXBNBol2688UZPAL1//35NmzZNTz311BlnxZ7Jli1bvLZ79erVrONsNpuys7O1du1aSdK2bdu+
Ux0tKTg42Gu74cKKLaHx7HMz2lA0/kXacGbz6URERHg+P13w/uGHH3o+z8zMbLL1RmONZ0k3XPjw
uzp69KgKCgpa7HwAAAAAgLbNbrcrODhYoaGhstlsioiIUGRkpK/LQhtAAI1z4nK5VFJSorKysu8c
2vrCjBkz9NZbb3mC3sWLF2vx4sUaP368RowYoT59+qhHjx6y2+1ndd6dO3d6bXfp0uWc6isqKjqn
4/xNaWmp1q5dqy1btmjr1q06ePCgCgsLVVxc7OvSWozb7fZ64WHnzp1nbOnSlLOZ/Q0AAAAAQEty
Op1yOp0qKyvz2h8WFuYJo2NiYnxUHQIZATSarT50rv+ol5KSctZBra8lJiZq+fLlmjFjhlf7hLfe
ektvvfWWpBOzZK+77jqNHDlSw4YNa9Yif19//XWL1BfoM1fLysq0YMECPfXUUyf94mprqqqqWuzn
1XABRwAAAAAA/IHD4ZDD4VBRUZEMw1BMTIznA2gOAmicVlOhc0NlZWXNbmngT9LS0vTuu+/qzTff
1Pz587VhwwavrxcXF+vVV1/Vq6++qvj4eM2ePVv33HOPwsPDmzxnS7WnqKysbJHz+EJBQYEmTJig
jz76yGt/SEiIsrOzdf755yssLEw224mnnyNHjuidd97xRaktoiX7LNfW1rbYuTp06MBbpQAAAAAA
[...]
NTfLtiyl01PavesF3bn1Fu3b81LZ7/3Ot76sc867UJ2dPUetpVpqpe8BAAAAAIC7ZvME0EGWy85o
x/YbtO22azUxNlT2cam2Lm3cfKUuuuQqJZsqvx9a2LjZ/64E0JbtqFCsjSDu8Ucf0oF9u8tuf9e7
f0dvvOQyxWJH3qzros1v0lsv/2X95xf+RTtffHbe739kx30aGzt0TCHowMBefenz/6IXnnvq2H+A
Rbpz6y0Lzkf+xXf8mi598zvU0NB4xLYzX3u+trz1nbrpu9fp+zeXXzF+0/Vf04bzL1Y0unC73Pq9
/ym7WjqZbNJv/M7VOmfDhTKMV949trtniU5Ye7IuvPhS/eCWb5cNsQv5vLZv+6He9ou/smAd1VQo
WrJsRxGTO+ICAAAAABAWJctQvsi5flBlM9PavvU67dh+o8ZHB+Zd+SzNzXw+e9Nl2rT5SiWbUjIM
Ljocli8aKlmGoi7ciNCV/6v5Qu3MwX3w/vIrmH/r9z6gLW9557zh82ErVq7R+z/411qyZFnZxxwt
UHYcR/fdu1Uf/vPf9zR8zmUz2nrbTWW3/+p73qfL3/5r84bPhzU1tejKd/+u3v5Lv172MQcPHlgw
1JekiYmxsmNAIpGorv6Tj+vc8y46Inz+adFoVG+57Epd8c73lH3MvXff5srNIN1US/0PAAAAAACO
X7ZA+BxEjuO8HD4/fP/NGj64S1Zp/vGpff1rdfamy3TOpsvU2t5D+DwPt14HLgXQtbH6OZfL6rEf
PzjvtnPPu0gXXHTJMe2nrb1Tl7/jqrLbBw/sW/D7v/m1L+rfr/k75bKZso9JpdqOqZaFPPP045qd
nZ532zkbLtAbLrnsmPf15re9SyedclrZ7S++8PSC3//s04+X3XbFL71Hp/zcq4+5lje95R1asnT5
vNuGhwc1OjJ8zPuqhlrpfwAAAAAA4I5ckTAyaGzb1uzMpB7c9h3t2H6jhgZ2znvDQWkufD7zvC06
a8MWZj4vwK3XgSt7KRRrY0XqyKGDZUdAvOGSty24+vZnnXr6a8pum0pPLPi9u3e9sOD201/9Wn30
bz97zLWU8+Lz5UPht1x25aJ+3kgkokvedEXZ7XsXmM0sSS+9+Ny8X08mm3Tx6990zHVIUjye0IWv
v7Ts9rHR2gqga6X/AQAAAACAO3KsgA4U27aUnhzR4ztu07bbrtXQ4Etlw+fuvpUvh899y9ZWudJg
cet14MoM6GKNzH/u7OrVhz76SY2NjWh0dFgjw0M6OLhfw8ODWnPCyYvaVyrVpqamlnlXGM/OzL/q
+Fi8412/oUvf/A5FIpGK93HYzp3zz6k+cd16rVp94qL3t3bd+rLbpqbGF/zes87ZqKX9KzQ6OqxD
wwc1OLhP+/a8pNecdZ6aWxY/wH3VqvK/ALILrCz3Q630PwAAAAAAcEe+RAAdFLZtKz05qmce36Zb
r79GE2ND8858NgxTqbaul8dusPL56Nx6HbgTQJdqYwVoMtk076gHx3EWtRr4aBoakov+nt7epfqt
935Qp6x/lSQd9xxjx3F0YN+eebe9+jXnVrTP9vZOpVJtSqcnj9g2ObFwAH3K+le9/LMdViwWy65I
P5pksrnstkjElbZ1Ta30PwAAAAAAcEeBADoQHMdRZnZKTz12l269/hqNjw7O+zjDMJVsSmnj5iu1
afOVam3vqXKlweTW68CVJK9k1XYAV0n4PD09VXa+cqp1cfObz9t4sd591fsW/X0LMQxDn/n8tzQz
k9Z0ekoz02ml0xOamprUiSeWX8l8NO0dXfMG0Pl8btH7isViisViFdWRz2fLbmtoLH9TRT/Uev8D
AAAAAIDFIYAOhlx2Rju236Btt12ribGhso9LtXVp4+YrddElVynZtPhP6tcrAmiPLTRfednyVce0
j1gsrne/5/d18eYtrq7A/r/9x9Te3qn29k7X9lkqc2fQpuYW157jWAwdHCi7rau7t4qVHF0Y+x8A
AAAAgHpWsgiga102M63tW6/Tju03anx0YN6xG9LczOezN12mTZuvVLIpJcPgBpPHyq3XgSsBtGU5
buymZhSLRd1y0zfLbl974ilH3ceq1Sfqt9/7Qa1cYJZxrXEcRxPjo/NuS6XcW719LHXseOjeebct
WbpcHR3dVavlWISt/wEAAAAAqHcE0LXLcRzlsjPavvU6PXz/zRo+uEtWmQWVff1rdeZ5W3TOpssY
u1GBmgqgbTs8AZzjOPrmdV/UC889Ne/2V51xtnr7+hfcx5mvPV+bLnyjkskmL0r0zOTkuDKZ2Xm3
9S1ZVrU6Hn7oXj3x+MPzbrvw9Zd6spr8eISp/wEAAAAAgMSHnWuTbdvKzE5px/YbtGP7jRo+uEul
MvcfOxw+n7VhCzccrJBbrwN3AmgnHAGc4zi66YbrdNv3ry/7mLdd/itH3c8bL73czbKq5sC+3WW3
LVlanQD60Uce1L9/9u/n3dbd3acLL7qkKnUsRlj6HwAAAAAAzLGc2lr8Bsm2LaUnR/XUY3dp223X
anx0oOzK5+6+lS+Hz33LgjOdoNa49TpwJYB2QhDAlUolfeNrXzhq+Lzu5FOrWFV1PfvMT8puW71m
nWfPa1mW9u7Zqbu2fk933/n9eR8TTyT0u+/7MzW31N6g+DD0PwAAAAAA+D+c6tcW27aVnhzVM49v
063XX6OJsaF5Zz4bhqlUW5fO3nSZztl0GSufj5NbrwOXAmg39uKf6ekpfenz/6JHdtxX9jGvfs05
etsV765iVdVVLBZ0371b593W3tF1zDdePJqvfvlzKhTykiTLtjQzndZLO5/T5MTYgt/3B3/8YZ28
/nRXanBb0PsfAAAAAAC8Euf683NsW6VSQYZhKhqNSdUYk+o4ys5O6anH7tKt11+j8dHBeR9mGKYa
m1q0cfOV2rT5SmY+u6CmAuggGxs9pE//80e066Xnyz5m9Zp1+q3f/YBisVgVK6uux378I42NHpp3
2wUX/YIiEXda5aEf3VP2RofzaWvv1O+89090+qtf68rzAwAAAAAAoDLjY4N6+L6b1NHVr1ef/UbF
E42eP2ehkNOjP/qB7r71vzUxNlT2cS2tndpw4dt10SVXKdlUe5+gr2eupIqGEcwrQ5MTY/qnv/sL
7d+3q+xjTjr5NP3RBz6q1tb2KlZWXcViUbfc+I2y288594IqVvN/Vqw6QVf/ycfV3d3ny/Mfqxq7
JyIAAAAAADhOQc26vGLblkaG9ugH11+jnc89rJaWDk1PjWrj5ncp0dDk2fNmM9PafsfX9fD2GzUy
vHfesRvS3Mznsze9TRtf/y4lm1IyDNOzmuqJW5mXK0fDCGACZ1mW/vOLn1owfD7jzA26+k8/Eerw
WZIe2H5H2RXg52y4QCtWnVDliuaMj43o4Ye2K5OZ9eX5j1UQ+x8AAAAAAJTHqf7/KRbzOnjgRf3g
+mv07BPbNTF6UIP7X9CO+27S9ju+oXxu1vX7YzmOMxc+b71OD993k4YGX1KpWJj3sX39a/935vPl
auvoI3x2UU0F0GYAX5UP3HenHn3kgbLbX3fhL+gPr/6wmptbqlhV9Y2MDOm6az9fdvulW95exWpe
aWY6reu+8u/66F++Ty++8IxvdRxNEPsfAAAAAACUFzFY/ixJhXxWA3uf0923/ree/PGdmkmPy3Hs
uVB6/wvace939aN7rld2Nl12dfJi2bat2ZlJPbjtO9qx/UYNDexcMHw+87wtOmvDFm446AG3Xgfu
BNBmsAI4y7L0g+99p+z2s87eqF//7fcrHk9UsarqKxaL+vIXP63Z2el5t1948aVau259las60sCB
vfqbj1694E0i/RS0/gcAAAAAAAuLsIhWkpSZndJLzz+iHdtvVDYz84qVznMro3fq7lu/oice2arp
/w2nj4fj2JpJj+mJR7bqntuuXXDlc1fPcp254U06a8MW9S1be1zPi/m59TpwZQZ0JGJIRTf2VB17
d+/Uvj0vzbutuSWl9/zmH4X6hoOHXf/t/9ZPHt8x77amphZddsW7XX/O3/jt98uyrJf/O5uZ1dTU
hF54/mk9/uhDsqzSvN9XLBb0mU/+tf7sQ/+o9ae+2vW6jkckQgANAAAAAECYRCOOVOR837JKskpF
Nbe0a3J8+IhRG6VSQSNDu3XrDZ+TGYno5NM2qqW1s6IxGLY9Fz4/+8R9uv3Gf9fooX2y7SMDbcMw
lWrr0lkb36KzN71NPUtWV/zzYWHRiDsroF0JoKMBuyy00Nzn113wRrW1d1axGn/cfcf3F7zx4Luv
eq+6untdf94zztxQdtv42Iju3HqLbrz+a/Nut6ySPveZv9Hf/dN/KNXa5nptlQpa/wMAAAAAgIW5
FbwFXWf3Mm248AqZkahuv+HfNDszecQqZ9u2dejgbt3yrU/KKpX0qte+QY1NqUXdM8txHGVmp/TE
j+/Qrddfo/HRwXkfZximkk0pbdx8pTaHa85hAAAgAElEQVRtvlKt7T3H9fNhYW69DlxJzoIWwI2O
Hiq77bRXnVXFSvzx8EPb9aUv/EvZ7edtfL3Of93PV7GiOR2d3Xr7L/26PvSxT6mpaf7Z25MTY/r+
zd+qcmULC1r/AwAAAACAhcWjBNCHNac6df5F79AbL3uv2jrKL1YcHx3Q7Td9Xg/ff5MK+cyiniOX
ndGO7Tfohzd9QRNjQ2Ufl2rr0oWXXKWLLrlKqbauRT0HFs+t14EryVksGqwALpudLbutta29ipVU
3+OPPqRrPvXxstuXrVitX/v1P5Bp+ndMT1n/Kv3B1R8uu/2OrbeUnVvth6D1PwAAAAAAWBgB9P8x
DEMNyRads+ltuuiSq9TXf8K8j7NtW2OH9uv+O7+p7Xd8Q/lc+fztp2Uz09q+9To9cNe3NT46UHaO
dHffypdXPiebUhWN+cDi1FYAHYu4sZuqKRXLD6xONjVXsZLqemTHffrkP/5V2TnLbe2d+sOrP6zm
llSVKzvSaaefqYs3b5l3Wy6b0bNP/6TKFZUXtP4HAAAAAAALSxBAv4JhGGpp7dJrNmzRuRdcof6V
J8/7uFKpoKGBl/TwfTe9HEL/7NzowxzHeTl8fvj+mzV8cJes0vyZXV//Wp296TKds+kytbb3ED5X
iVuvA1eOVjwWnoPu58pfL23fdrs+9U8fLhs+NzQm9f4PfEz9/SurXFl552/aXHbbvgXmeFdbmPof
AAAAAABIDXEC6Pl0dvfrjHMv0WvPf0vZELpYzOvg/he0497v6kf3XK/sbHreudGzM5N6cNt3tGP7
jRoa2KlSsTDv/vr61+rM87borA1b1N1XO7lVPXDrdeDKTQgT8WCtAL3qN/9IV/3mH/ldRlU4jqNb
bvqmvnXdf5R9TCQS1R++/8Nau259FSs7ulVrTiy77eDA/ipWsrCg9T8AAAAAAFhYQ2z+MRCQevpW
6YxzL5VkqFQsanjwpSMeUyzmdfDATt1961cUjzfq5864UC2pThmmKdu2lJ4c1VOP3aVtt12r8dGB
siufu/tWvhw+9y1b6/FPhp/l1uvApQDald3AZYVCXl/7yr/pzh/eUvYx8URCf3T1R/WqM852/fkt
y1IkUnk429DQqNbWdk1NTRyxbXamdmZA0/8AAAAAAIRLIyugF9TTt0pnnf9mGYahbbd9RZPjw0es
ci6VChoZ2q0fXP8ZGaap9a96nZpa2jU9NaZnHt+mW6+/RhNjQ/POfDYMU6m2rpfHbrDy2R9uvQ5c
Sc4ipqF4LKJC0XJjd3DB5OS4vvC5f9ATjz9c9jHJZJOu/pOP65Sfe7Urz5nJzOrA/j3as/tF7Xzh
GT35k0f0t//8H2pv76x4n5Y9f08Vynwso9risYgipuF3GQAAAAAAwEXRiKNEzFG+yDl/OZ3dy7Th
witkmKZuv/HflJmZf9TG6KH9+v53Pi3HsbX2lLP1/FMP6Nbrr9H46OC8+zUMU41NLS/fcLC1vaca
Pw5+RiLmKBqpoQBakhoSBNC1Yt+el/TZT39CAwN7yz6mvaNLf/yBj2ntiacc9/P95LEd+v7N39LT
Tz02by2VBtC5bEYz0+l5tzXVyM0iGxKM3wAAAAAAIIyaErbyRc77F9Kc6tD5F79T+VxG993xdU1N
HJr3ceOjA9p68xf1o3uu1/TUmCbGhsrus6W1UxsufLsuuuQqJZtSXpWOo2hKuDeGxrUAujERU3qm
Nlal1rNHdtynL3zuH5TJzJZ9zJq1J+l9f/Qh9fb1u/Kc+Xx23vBZkh5+aHvF4z327N5ZdltnZ3dF
+3RbYyLmdwkAAAAAAMADTQ22xmcIoBdiGKYaky3atPlKxWIJPbjtOxoe3HXE42zb1sjwXo2NDMi2
S/OO3ZDmZj6fvelt2vj6dynZlJJhmF7/CCijqaEGA+hkQzDn4BYKecVicRlGsD9SYVmWbrnxG/rO
N/9rwcedfe4F+s3fvVpNTS2uPffS/vJzeO7ddrsuefMV6l/gMeU8cN+dZbctX7Fm0fvzQlD7HgAA
AAAALKzFxQAuzAzDVGt7j846/81yHEeP3H+TBvY9f8TjSsWCpPKLV/v61+rM87bonE2Xqa2jz8OK
cSzc7H/3AujG4KwELRaLumvrLbpz6y0aOLBXTU0t2vi6zXrTW9+pzs7gzZWZmZnWl//j0/rRA3cv
+LjL3/5reuvlv6xo1N3QtH/ZSi1ZulwHB/cfsc2ySvr6tZ/XH3/gY4rF4se8z+effVJ3bi1/88QT
162vqFa3BanvAQAAAADAsWtpJIBejM7uZXrNuZdIciTdPG8IXc7h8PmsDVu44WCNcLP/XVvHnohH
FIvW/rL4YrGof7/mb3Xtlz+rgQNzM5JnZ6d1+6036OMffr+GhwZ8rnBxDuzbrb/52NULhs+pVJs+
8Gd/o198x6+5Hj5LkmEYuvDiS8puf/zRh3Ttf31WhUL+mPa3Z9eLuubTHy+7fe269epfvmrRdbot
FjWViPNRHAAAAAAAwqgxbisedecmbPWiZ8lqvebcS3XW+W9R79Jj+/R6d9/Kl8PnvmVrPa4QxyIe
ddQYr8EV0JLUlIxrMp1zc5euu3fbbXrowXvm3TZy6KC+8p/X6IN/8XeBGMlxYN9ufeyv/nDBec/t
HV364//3UfUu6df09NRxPV8kElUy2TTvtvNf9/O64fqvKZfNzLv9rju+p+GhAV3xzvdo3cmnzvuY
2dlpbb/nh/rW17+kQr58WP3mt/5STRyfpuSxr+gGAAAAAADB05q0NJJm/OZi9CxZrdee/xYZhqFt
t12rqYlD8858NgxTqbYunb3pMp2z6TJWPteQ1qTl6v5cfQU1J2O1H0DffduC23/y+A4NDQ1oyZJl
VaqoclNTEwuGz5I0MT6qj/zl+1x5vo2v+3n93h/8+bzb2ts79c4rf1Nf+c/PlP3+p596TE8/9ZhW
rT5Rp7/qLLV1dCkWi2l2Zlp797ykxx79UdkA+7DTX/1anXHmhuP6OdzSnGT8BgAAAAAAYdaatDWS
9ruK4OnsWa4NF75dhmHqhzd/QZmZqVeE0IZhKtmU0sbNV2rT5ivV2h68kbhh1pp0d/yMqwF0S1Nt
rwh1HEc7X3z2qI+bHB8NRABday7evEVPP/moHtlx34KP27P7Re3Z/eKi959Ktemq3/hDRSK1Mfai
1vsdAAAAAAAcn/Ymd1eC1pOW1k5t3PwuOXK07davaHJ86OVtqbYubdx8pS665Colm1I+Von5uN33
rg5tbkxEFY/VRjg4H8Mw1N2z5KiPa2ycf8wEFhaNRvVbv/dBnXTKaa7vO55I6I8/+DH19vW7vu9K
xGMRNSb4CA4AAAAAAGHW1GCrIcYc6EoYhqnGZIs2XHCFLnjjr6p3ydxM6O6+lS+vfE42pWQYtX9P
uXrSEHPU1ODuCmjXj3CqubZXhZ573oULbu/tXVoTN7gLqubmFv2/P/2Ezjp7o2v77Ozq0V98+F90
0snuB9uVqvU+BwAAAAAA7uhoZhV0pebmPHfrrPPfrNdueqvOOOcXXp753NreQ/hcg7zodw8C6ITb
u3TVGy+9fMFV0L9y1XsVizHb93g0NbXoD6/+iH71Pe9TQ2PyuPZ13saL9ZFPfEYnrlvvUnXuqPU+
BwAAAAAA7uhoKfldQuB19SzXmRvepAt/4SqdtWELNxysYV70u+szBFpbEjJNQ7Zdmx9PaG/v1J9+
6B/0lS/9q5584scvf727u0/vfs/v6zVnnedjdeERiUT0xksv12vP2aQ7t96iu7Z+T+n05DF//xln
btAlb/pFrT/1DBmG4WGli2eahlpbCKABAAAAAKgHnS2WTFOy3Z1KUHf6+teqr3+t32VgAaY51+9u
M9KTM64nxXsGpjQ+lXN7t65yHEeDg/s0MTaqhsakVqxco3icUNEruWxGL774rF547int2/uSBg7s
1cTEmIqFglrb2tXd3aeVq07QqjXrdPL609Xbu9TvksvqaG3Qqv5WT59jJM0q/HrQnSq6ur+WVubX
AwAAIPimp2Zd3R/nV/XB7fOrn/XsgYSGp7gXFMKtt7WkU5blXd+vJ6+ctpaGmg+gDcNQf/9K9fez
5L8aGhqTOu30M3Xa6We+4uuO49TcCuejaWtp8LsEAAAAAABQRV0piwAaodeV8mbeuSeTvttSCUUj
DBHH0QUtfI5GTLWlWCkPAAAAAEA96U6VFIvU5rhZwA2xiKPulDfzzj1LidtbWSWK8KGvAQAAAACo
Tz2t3IwQ4eVlf3sWQHcQ1CGE6GsAAAAAAOpTbxsBNMLLy/72bHhNU2NMzcmYZjLeDoEHqqU5GVNT
IzevcNvo6CE9/9xTZbevX3+62ju6qlgRAAAAAATToeGD2r9/j0zT1Oo1J6qtrcPvkkIl1WirNWlp
KhPxuxTAVa1JS6lG27P9ezo9vbOtkQAaodHZ1uh3CaG09fab9e+f/cd5t7W1deib199Z5YoAAAAA
IFhmZ6b1xS98Ujf8z3Uvfy0ajerdV/2efuVXf0exWNzH6sJlSXuJABqhs6Td29X9nt4psLOtUbEo
NyNE8MWiJgG0R+7dtrXstrde/i4lk01VrAYAAAAAgiWfz+kjH/rjV4TPklQqlfTlL12jT/3zx2Tb
3q1srDd9bSXFo9yMEOERjzrq83i8jOfpcFd70uunADxHH3tjcGC/nn7qsbLbN//8lipWAwAAAADB
84NbrteOh7aX3f69m7+jhx68t4oVhV9/B5/2R3hUo589D6C7OxplGIbXTwN4xjAMdXew+tkLjz+2
o+y28ze9XitXnVDFagAAAAAgeO7YestRH3Pf9juqUEn9WNpRkknUhRAwjbl+9vx5vH6CaMRUTwer
RxFcPR1JRSOMkvHCA/fdVXbbljdfUcVKAAAAACCYdu168aiPGRoarEIl9SMWcdTfySpoBF9/Z1Gx
iPcjZaqSqvV0JsUiaASRYcz1L9yXTk/pgfvvnnfbkqXL9NpzNla5IgAAAAAInuXLVx31MV1dPVWo
pL4s7yySdSHQDGOuj6uhKgF0LGqqt5MbiSF4ejubuJGmR554/GGVSvN/zONtl1+peDxR5YoAAAAA
IHhefwz3zjl/48VVqKS+xKNO1cI7wAvLO4tVu6Fm1ZK13q4mRSJcGkJwRCKGeru4cOKVHQ/dV3bb
Ra+/pIqVAAAAAEBwbXnL23Xa6a8pu/2i11+q8ze9vooV1Y8VXUVFqzC+AHBbNOJoRVf1LqBULYCO
mIb6upqr9XTAcevralaEuwp4olDIa9tdt8277Y2XvE19ff1VrggAAAAAgqmpqVmf+PvP6aLXX3rE
tsuv+BX92V/+rSKRiA+VhV804mhlFUM8wC0rq3zxJFq1Z5LU25nU+GRW2bz3d1cEjkdjIqpeZj97
5rlnntTk5Pi82y659PIqVwMAAAAAwdbe3qmPfeLTuurX36u9e3bJNE2dsPYk9S9b6Xdpobe8q6ih
yahm84zvRDA0JWwtr/KFk6oG0JK0pLtZuw5MVvtpgUVZ0s1qfS89/PD98359zQnr9KozXlvlagAA
AAAgHFavWafVa9b5XUbdWdVT1NP7uY8RgmFVT/VX7Vf98kxbKqH2VEO1nxY4Zu2pBrWl+MPhFcdx
dM/dt8+77bJf/GU+GgYAAAAACJTuVEk9rXzaH7Wvp7Wk7lT1e9WXzwcs7W2WYTBbF7XHMAwt7WX1
s5d273pRe3bvPOLr8XhCr7vwDT5UBAAAAADA8VnTUxC3kUItM425PvXluf140kQson5CPtSg/t5m
JWKswPXSY48+NO/Xt7zl7Wpv76xyNQAAAAAAHL+GuKM1vf6Ee8CxWNNbUEO8ejce/Gm+TUjv6Uiq
tZkxB6gdrc0J9XRw40Gvbb9367xff8MvvLXKlQAAAAAA4J5lnUV1tlh+lwEcobPF0rLO6s9+PszX
W3Qu62uRyecTUANM09Cyvha/ywi9kZFhPfrIj474+mmnv0anrD/dh4oAAAAAAHDP2r6CTF/TNuCV
THOuL32twc8nT8QjWk7ohxqwvK9FiTijN7z2k8d2zPv1t172LubCAwAAAAACrzFua92SvN9lAC9b
tySvxrjtaw2+X5PpbGtUV3uj32WgjnW1N6qzjR6shgfu33bE11KtbTp/48U+VAMAAAAAgPv62kpa
2l7yuwxAS9tL6mvzvxejfhcgSSuWpJTJlZTJ+jeLBPUp2RjTiiUpv8uoC47j6NTTztD6nxm10bek
X03NfBICAAAAABAe65bmNZ0zNZ31fe0n6lRLo611S2tjNb6Rnpzx5/aHPyObL+n53eOy7ZooB3XA
NA2dtLpDjYmauA7zCiPpmN8loAq6U+5edGtpbXJ1fwAAAIAfpqdmXd0f51f1we3zKzfM5kz9eHej
bH+nH6AOmaZ05uqsmhpqo/lq5jJMYyKqlUtZiYrqWbk0VZPhMwAAAAAACL6mBlun9NfGClTUl1P6
8zUTPks1FEBLUnuqQf09zX6XgTrQ39Os9lSD32UAAAAAAIAQ606VtKa34HcZqCNregvqTvk/9/mn
1VQALUm9XU3q7kj6XQZCrLsjqd4uRhUAAAAAAADvregqqr+j9kaEIHz6O4pa0VV7vVZzAbQkLe9r
YXUqPNGeatDyPm54BwAAAAAAqufEJQX1tNbWqlSES09rSScuqc3V9jUZQEvS6mWtSjXH/S4DIZJq
jmv1sla/ywAAAAAAAHVo/bK8Opotv8tACHU0W1q/rHbnjddsAC1Ja5a3qTlJCI3j15yMa83yNr/L
AAAAAAAAdezUFTm1JQmh4Z62pKVTV+T8LmNBNR1Am4ahE1a0qTkZ87sUBFhzMqYTVrTJNAy/SwEA
AAAAAHXMNKRTV+TVSggNF7QmLZ26Ii+zxiOvmg6gJSliGjphRTsroVGR5mRcJ6xoV6TWX4kAAAAA
AKAuRCOOTluRZyU0jktb0tJpK/KKRhy/Szmqmg+gpbkQeu3KNmZCY1FSzXGtXdkWyPA5gCVjkbw4
xo5T+390AAAAgIV48Z6W86vwC+IxjkYcnb4qx0xoVKSj2dLpq3KBCJ+lgATQ0tw4jrUr2tWeavC7
FARAe6pBa1e0B3bshmkG4xcIKufFMXZs+gYAAADB5sV7Ws6vwi+ox9g0pNNX5tTTWvK7FARIT2tJ
p6/MBerCS2AC6MNWL2tVd0fS7zJQw7o7klq9rNXvMo5LJKB/PHHsvDjGtm27vk8AAACgmrx4T8v5
VfgF/RivX5ZXf0fR7zIQAP0dRa1flve7jEULXAAtScv7WtTf0+x3GahB/T3NWt7X4ncZxy0a8D+e
ODovjrFlEUADAAAg2Lx4T8v5VfiF4RifuKSgNb0Fv8tADVvTW9CJS4LZI1G/C6hUb1eT4vGI9g6m
ZfOx87pnmoZWLk2FZkRLLCAzfFA5L44xATQAAACCzov3tJxfhV9YjvGKrqIa446eHUiID7jiMNOU
TunPqzsV3FEtgQ2gpbk5vw2JqPYOppXJ8lGFepVsjGnl0pQaE4Fu51eIRR0ZhsQ95cLJMOaOsdus
kiXHmds/AAAAEDSOM/ee1m2cX4WbV+dXfulOlZSM23puMKHpbCAHF8BFLY22Tl6aV1NDsK9IBL6T
GxNRnby6Q13tjX6XAh90tTfq5NUdoQqfD4tHg/3LBeV5eWxLpeBeEQUAAEB98/K9LOdX4RXGY9vU
YOvMNVktbef8rp4tbS/pzDXZwIfPUggC6MNWLElp5dKUzCDdAhIVOzxyY8WSlN+leKYhFp4ruHgl
L49tqcgbFAAAAASTl+9lOb8KrzAf23VL8zq5Py8zNOkdjoVpSif357VuafBuNlhOqJaNdrY1qjkZ
14GhaU3NhOcg4ZVamxNa1teiRDzidymeikdtRUxTls1FlTCJmI63K6CLlmzblsk7FAAAAASIbdsq
Fd0fv3EY51fh5PX5VS3oayupNWlr51BcY9PhzkEgdbZYWttXUGM8XH1tpCdnQnmp6NB4RgPDM3IY
8hQahmGov7dZPR1Jv0upmlzB1HSOPzBh0tJgqcHjPySxeFQNjQlPnwMAAABwUy6bV7Hg7af5OL8K
n2qcX9WSA2Mx7RqOyybqCh3TkNb0FrSsM5z3uAttAC1J+aKlweEZTaRzfpeC49SeatDS3mYlYvX3
ZmFiNqqSxVX6MIhGHLU3VWdERlNzo8wIq6ABAABQ+2zL1uxMtirPxflVeFTz/KqW5AqGdh2K69BU
qIYa1LWe1pLW9BTUEA9tRBvuAPqwyXReB0dmlM3X3y+moGtMRLWku1ltqfpdzVkomZrK1F/wHkat
SatqHw+LxiJqTDZU5bkAAACA45HN5Dwdv/HTOL8Kj2qeX9WikXRUew7FNJtn4VFQNSVsreopqjsV
/ryyLgLow4bHMhoanZFl1c2PHFiRiKG+rmb1dtbPuI2FzOQiyhb4oxJkjXH7/7d3b79xXPcBx39z
2eVNFLWkKbe5tIDlogHsxxSIAevR9l8g+KEt0CsaK4wfiqJ/RFH0IXWcOr4laYvG0F9g+1EGHKB5
aRsZNiLZaO2ksS5cihJvuzszfWCUJiYt2SIP98LPB1hAmCV0DsTFiOc7wzNxYvpofqi+Y3qmHa12
60jHBACAz6Pf68f2Vu9Ix7S+Gn/DWF+Nqg+vt+K/r7fc2T9GyqKJ332gH19+YDK329jPsQrQERFV
3cTH1zfi4xsbYXvo0ZNlEQ8uzcWDD8xFkTt5/jq/Kja+hvmrYbMnZqKwFQcAACOoqurYPKKtNz7J
+mp8HdetN+5mUGXxP9db8eGNltY1wrIs4stL/fidB/pRFsfrG3XsAvQd/UEdV29sxtXVTQ8qHAFZ
lsXpxdk4vTQbrVIs209VZ7G2UXrYwJjJs4hTc4Mo8uF84/I8j9kT05FlfrgGAGB0NE0Tm7e3o66H
s4WC9dV4Gvb6atT1Bll8eKMVP7vR8tkeIXkW8cWlfnx5qR/t8nh+Y45tgL5jUNVxbXUrrnc3oz84
vnsHDUurzOOBzmwsL85E6S7Ne+pXWdzcLF3RHBNZFrEwO4jWkK9sFuXuftAaNAAAo6Bpdvd9rgbD
3ULB+mq8jMr6ahz0qyx+vlrGz1Zb0RtYCA5Lu2zii4v9+MKiz+2xD9C/7sbaVtxY24rbm8dnD5Zh
OTHbiqVTM7F0ambYUxk7/SqL9U1X6kddnkWcHKEfjnYj9JQ7oQEAGKqmaWJrc2fo8fkO66vxMGrr
q3Hyi7Uy/rdbevjmEVqYreK3O4P4rVO2irlDgN7HxlY/Vm9uR/fmdgwqd0UflrLIo7MwHYsL0zE3
48FoB1HVWaxvFfYsG1Fl0cTJmWrkfi0sz/OYnp2yJzQAAENRVXVsb+4MbduNT2N9NdpGdX01bta3
8vh4rYyrN8vo+6wfulbRxOmFQTx4ahAnZ0brHDcKBOh7WFvfibVb27F2aydql0Q/tzzP4tT8VJya
n45TJ6eGPZ2J4+nNo2ccnsY8PdOOVttFIAAAjk6/14/trd6wp3FX1lejZxzWV+Po2noZ19eLuHar
jBG7HjRW8jxieX4QD5ysYvmku53vRoD+jJqIuHlrJ9Zv78T67V70+k6An6bdKuLkiXacPDEVC/NT
4bpaWr1BHhs7uav1Q1YWTcxN1dEux+N/77JVxNRUO3J3QwMAkFBd1bGz04vBmKyhra9Gw7itr8ZV
ExE3bhWxequM1dtFbPd97u9lutXE4okqFucHsTRfaV6fkQB9n7Z2BnFroxe3N/uxsdk71g8wbJV5
zM2248RsK+bn2jEzVQ57SsfSdi+PzV4eVe30d5SKvInZdh3T7fE8B7TaZbSnWpHnQjQAAIenruvo
7fSj3xvPuwKtr4Zj3NdX425jO4/uRhE3N/O4uVl4gGHsPkhwYbaKhdk6OnNVzE37bN4PAfqQ7PSq
2Nzqx+b2ILZ2+rG9U03kXdLtVhHTU0XMTLVidrqM2ZlWTLVtZD9KeoM8tvtZ9Aa5pzknkmUR7bKO
6VYzMVfky1YRZauMsizDcwoBALgfTRMxGAxi0B+MzR3P92J9ld4krq8mxVYvj1tbedzazmNje/e3
A3Ym+C7pqdbunfdz03XMT9cxP1PHjIshh0KATqiqm9jpDWKnV0WvX0e/X0V/UMeg2n1VVRN13UTd
NNE0zVD+M8uyiCzLIs+yyPMsiiKLssijLPJolXm0WkW0W3lMtYuYapdR5JN7oplE/UEW/SqLQZ1F
VWdR15mnO39OeRaR500UeRNl3kSraKJVTvY/YlEWURR5FEUeeZ5HlmeRqdIAAPyapmmiqZuo6zqq
6pevwWRE509jfXVwx3F9NWkGVRZbvSy2+3ls97LYGWTR++VrUO2+qjqiarJomhjqhZvd5hVRZE0U
+e7WLmXRRLvcfU2VTUy3m5hu1THT3n2PNARoAAAAAACSsOknAAAAAABJCNAAAAAAACQhQAMAAAAA
kIQADQAAAABAEgI0AAAAAABJCNAAAAAAACQhQAMAAAAAkIQADQAAAABAEgI0AAAAAABJCNAAAAAA
ACQhQAMAAAAAkIQADQAAAABAEgI0AAAAAABJCNAAAAAAACQhQAMAAAAAkIQADQAAAABAEgI0AAAA
AABJCNAAAAAAACQhQAMAAAAAkIQADQAAAABAEgI0AAAAAABJCNAAAAAAACQhQAMAAAAAkIQADQAA
AABAEgI0AAAAAABJCNAAAAAAACQhQAMAAAAAkIQADQAAAABAEgI0AAAAAABJCNAAAAAAACQhQAMA
AAAAkIQADQAAAABAEgI0AAAAAABJCNAAAAAAACQhQAMAAAAAkIQADQAAAABAEgI0AAAAAABJCNAA
AAAAACQhQAMAAAAAkIQADQAAAABAEgI0AAAAAABJCNAAAAAAACQhQAMAAAAAkIQADQAAAABAEgI0
AAAAAABJCNAAAAAAACQhQAMAAAAAkIQADQAAAABAEgI0AAAAAABJCNAAAAAAACQhQAMAAAAAkIQA
DQAAAABAEgI0AAAAAABJCNAAAASlIYAAAAlmSURBVAAAACQhQAMAAAAAkIQADQAAAABAEgI0AAAA
AABJCNAAAAAAACQhQAMAAAAAkIQADQAAAABAEgI0AAAAAABJCNAAAAAAACQhQAMAAAAAkIQADQAA
AABAEgI0AAAAAABJCNAAAAAAACQhQAMAAAAAkIQADQAAAABAEgI0AAAAAABJCNAAAAAAACQhQAMA
AAAAkIQADQAAAABAEgI0AAAAAABJCNAAAAAAACQhQAMAAAAAkIQADQAAAABAEgI0AAAAAABJCNAA
AAAAACQhQAMAAAAAkIQADQAAAABAEgI0AAAAAABJCNAAAAAAACQhQAMAAAAAkIQADQAAAABAEgI0
AAAAAABJCNAAAAAAACQhQAMAAAAAkIQADQAAAABAEgI0AAAAAABJCNAAAAAAACQhQAMAAAAAkIQA
DQAAAABAEgI0AAAAAABJCNAAAAAAACQhQAMAAAAAkIQADQAAAABAEgI0AAAAAABJCNAAAAAAACQh
QAMAAAAAkIQADQAAAABAEgI0AAAAAABJCNAAAAAAACQhQAMAAAAAkIQADQAAAABAEgI0AAAAAABJ
CNAAAAAAACQhQAMAAAAAkIQADQAAAABAEgI0AAAAAABJCNAAAAAAACRRDnsCAAAAAMD+Vrur8eMf
//ue42ceOhNnzjy85/iVK5fjyvtX9hz/6lf/IBY7i3uOv/Hm6/uO++QTTx35XJhMAjQAAAAAjKju
6uq+kfjJJ57aP/q+f2Xfrz/z0JkDB+jUc2Ey2YIDAAAAAIAkBGgAAAAAAJIQoAEAAAAASEKA5q4+
+OD9uHz5p0c23uXLP40PPnj/yMYDAAAAANLJ1tduN8OeBKPpo48+iuf/6bmo6zr+4s/+Mh5++PeS
jnf58k/jpVdejDzP4/zXV+JLX/pS0vEAAAAARt3W1lb8/Oc/23O8s7i474P8Vrur0V1d3XP8C1/4
YszMzOw5fuXK5X3H3e+hgqnnwmQSoNnXxx9/HM89/63Y2tqKiIiyLJNG6DvxeTAYRETEzMxMrJx/
Nh588MEk4wEAAAAA6dmCgz2uX78W33nh27+KzxERg8EgXnrlxSTbcXwyPkfsXlH7zgvfjus3rh/6
eAAAAADA0RCg2aPVaker1dpzfDAYxIsvfzfefe/dQxvr3ffejRdf/u5vxOf/n0crWmV5aGMBAAAA
AEdLgGaPhYWFWDn/bHQ6nT3vVVUVr37v5UOJ0O++9268+r2Xo6qqfedw/usrsbBw6sDjAAAAAADD
IUCzr9QR+l7x+dPGBgAAAADGh4cQclfdbjeee/5bcfPmzT3vFUURf/onfx5f+f2vfK6/U3wGAAAA
+GyuXLkc33nh+T3Hn3ziqXjyiaf2HH/jzdfjjTdf33P8mb86H2fOPLzn+N/87V/vO+7f/90/HPlc
mEzugOauOp1OrJx/NhYWFva8dz93Ql9651K88upL4jMAAAAAHAMCNPd0rwj9yqsvxaV3Lt3z77n0
zqX4/g9ejbqu97wnPgMAAADA5BGg+UzuFqHruo7v/+DVu0Zo8RkAAAAAjh8Bms/sfiP03eLz/In5
OP/MivgMAAAAABNIgOZz6XQ6cf6ZlZg/Mb/nvf0i9H/+13/cNT6vrDwbS4tLSecMAAAAAAxHtr52
uxn2JBg/N1ZvxHPPfStu3b615708z+OP/vCPIyLiX/71n8VnAAAAADimBGju270idESIzwAAAABw
jNmCg/u2tLgUKyvPfup2HOIzAAAAABxvAjQHcrcI/UniMwAAAAAcLwI0B7a0uBTnn/lGzM3NferX
zM3NxflnviE+AwAAAMAxYg9oDs21a1fjuef/MTY2Nn7j+NzcXKyc/2YsL58e0swAAAAAjofV7mp0
u90jHbPT6cRiZ/FIx2R8CNAcqk9GaPEZAAAA4Oi88ebr8cabrx/pmE8+8VQ8+cRTRzom48MWHByq
5eXTsXL+mzE3Nyc+AwAAAMAxVw57AkyeOxH6zp8BAAAAgONJgCYJ4RkAAAAAsAUHAAAAAABJuAMa
AAAAACbEmYfOHPkDAc88dOZIx2O8ZOtrt5thTwIAAAAAgMljCw4AAAAAAJIQoAEAAAAASEKABgAA
AAAgCQEaAAAAAIAkBGgAAAAAAJIQoAEAAAAASEKABgAAAAAgCQEaAAAAAIAkBGgAAAAAAJIQoAEA
AAAASEKABgAAAAAgCQEaAAAAAIAkBGgAAAAAAJIQoAEAAAAASEKABgAAAAAgCQEaAAAAAIAkBGgA
AAAAAJIQoAEAAAAASEKABgAAAAAgiXLYEwAAJke3242Lb12MS5d+EteuXY2qqoc9JQA+g6LIY3n5
dDzyyKNx9vGz0el0hj0lAGBCZOtrt5thTwIAGH9v/+jtuHDhNdEZYMwVRR7nzj0dj33tsWFPBQCY
AO6ABgAO7O0fvR0//OG/DXsaAByCqqp/dU4XoQGAg7IHNABwIN1uNy5ceG3Y0wDgkF248Fp0u91h
TwMAGHMCNABwIBffumjbDYAJVFV1XHzr4rCnAQCMOQEaADiQS5d+MuwpAJCIczwAcFACNABwINeu
XR32FABIxDkeADgoARoAAAAAgCQEaADgQJaXTw97CgAk4hwPAByUAA0AHMgjjzw67CkAkIhzPABw
UAI0AHAgZx8/G0XhRwqASVMUeZx9/OywpwEAjDmrRQDgQDqdTpw79/SwpwHAITt37unodDrDngYA
MObKYU8AABh/j33tsYiIuHDhtaiqesizAeAgiiKPc+ee/tW5HQDgILL1tdvNsCcBAEyGbrcbF9+6
GJcu/SSuXbsqRgOMiaLIY3n5dDzyyKNx9vGz7nwGAA6NAA0AAAAAQBL2gAYAAAAAIAkBGgAAAACA
JARoAAAAAACSEKABAAAAAEhCgAYAAAAAIAkBGgAAAACAJARoAAAAAACSEKABAAAAAEhCgAYAAAAA
IAkBGgAAAACAJARoAAAAAACSEKABAAAAAEhCgAYAAAAAIAkBGgAAAACAJARoAAAAAACSEKABAAAA
AEhCgAYAAAAAIAkBGgAAAACAJARoAAAAAACSEKABAAAAAEhCgAYAAAAAIAkBGgAAAACAJARoAAAA
AACSEKABAAAAAEhCgAYAAAAAIAkBGgAAAACAJARoAAAAAACSEKABAAAAAEhCgAYAAAAAIAkBGgAA
AACAJARoAAAAAACSEKABAAAAAEhCgAYAAAAAIAkBGgAAAACAJP4POeAuowyz7KUAAAAASUVORK5C
YII=
" width="800px"&gt;</msg>
<status status="PASS" starttime="20230621 16:11:45.762" endtime="20230621 16:11:46.115"/>
</kw>
<msg timestamp="20230621 16:11:46.115" level="INFO">xpath criteria: //android.view.View[@index='14']</msg>
<msg timestamp="20230621 16:11:46.115" level="FAIL">Page should have contained element '//android.view.View[@index='14']' but did not</msg>
<status status="FAIL" starttime="20230621 16:11:44.570" endtime="20230621 16:11:46.116"/>
</kw>
<status status="FAIL" starttime="20230621 16:11:39.098" endtime="20230621 16:11:46.116"/>
</kw>
<status status="FAIL" starttime="20230621 16:11:20.348" endtime="20230621 16:11:46.116">Page should have contained element '//android.view.View[@index='14']' but did not</status>
</test>
<status status="FAIL" starttime="20230621 16:11:20.197" endtime="20230621 16:11:46.116"/>
</suite>
<statistics>
<total>
<stat pass="0" fail="1" skip="0">All Tests</stat>
</total>
<tag>
</tag>
<suite>
<stat pass="0" fail="1" skip="0" id="s1" name="TC logIn">TC logIn</stat>
</suite>
</statistics>
<errors>
</errors>
</robot>
