<?xml version="1.0" encoding="UTF-8"?>
<robot generator="Robot 6.1 (Python 3.11.4 on darwin)" generated="20230621 17:35:36.981" rpa="false" schemaversion="4">
<suite id="s1" name="TC scenario2" source="/Users/o_khoa.n/Desktop/kuniv-test-ui/testcase/TC_scenario2.robot">
<test id="s1-t1" name="TC_LOG_IN_01 - registration" line="7">
<kw name="Open app" library="logIn">
<kw name="Open Application" library="AppiumLibrary">
<arg>http://localhost:4723/wd/hub</arg>
<arg>deviceName=emulator-5554</arg>
<arg>platformName=android</arg>
<arg>automationName=UiAutomator2</arg>
<arg>appPackage=com.example.kstudent</arg>
<arg>appActivity=com.example.kstudent.MainActivity</arg>
<doc>Opens a new application to given Appium server.
Capabilities of appium server, Android and iOS,
Please check https://github.com/appium/appium/blob/master/docs/en/writing-running-appium/server-args.md
| *Option*            | *Man.* | *Description*     |
| remote_url          | Yes    | Appium server url |
| alias               | no     | alias             |
| strict_ssl          | No     | allows you to send commands to an invalid certificate host like a self-signed one. |</doc>
<status status="PASS" starttime="20230621 17:35:37.149" endtime="20230621 17:35:44.131"/>
</kw>
<status status="PASS" starttime="20230621 17:35:37.149" endtime="20230621 17:35:44.131"/>
</kw>
<kw name="Login" library="logIn">
<kw name="Wait Until Element Is Visible" library="AppiumLibrary">
<arg>${LOGIN_USER}</arg>
<doc>Waits until element specified with `locator` is visible.</doc>
<msg timestamp="20230621 17:35:44.651" level="INFO">xpath criteria: //android.widget.EditText[@index='1']</msg>
<status status="PASS" starttime="20230621 17:35:44.131" endtime="20230621 17:35:44.651"/>
</kw>
<kw name="Click Element" library="AppiumLibrary">
<arg>${LOGIN_USER}</arg>
<doc>Click element identified by `locator`.</doc>
<msg timestamp="20230621 17:35:44.651" level="INFO">Clicking element '//android.widget.EditText[@index='1']'.</msg>
<msg timestamp="20230621 17:35:44.708" level="INFO">xpath criteria: //android.widget.EditText[@index='1']</msg>
<status status="PASS" starttime="20230621 17:35:44.651" endtime="20230621 17:35:44.708"/>
</kw>
<kw name="Wait Activity" library="AppiumLibrary">
<arg>.MainActivity</arg>
<arg>3</arg>
<doc>Wait for an activity: block until target activity presents
or time out.</doc>
<status status="PASS" starttime="20230621 17:35:44.708" endtime="20230621 17:35:44.898"/>
</kw>
<kw name="Input Text" library="AppiumLibrary">
<arg>${LOGIN_USER}</arg>
<arg>${LOGIN}</arg>
<doc>Types the given `text` into text field identified by `locator`.</doc>
<msg timestamp="20230621 17:35:44.899" level="INFO">Typing text 'studentbk01' into text field '//android.widget.EditText[@index='1']'</msg>
<msg timestamp="20230621 17:35:45.685" level="INFO">xpath criteria: //android.widget.EditText[@index='1']</msg>
<status status="PASS" starttime="20230621 17:35:44.898" endtime="20230621 17:35:45.685"/>
</kw>
<kw name="Click Element" library="AppiumLibrary">
<arg>${LOGIN_PASS}</arg>
<doc>Click element identified by `locator`.</doc>
<msg timestamp="20230621 17:35:45.688" level="INFO">Clicking element '//android.widget.EditText[@index='2']'.</msg>
<msg timestamp="20230621 17:35:47.033" level="INFO">xpath criteria: //android.widget.EditText[@index='2']</msg>
<status status="PASS" starttime="20230621 17:35:45.686" endtime="20230621 17:35:47.034"/>
</kw>
<kw name="Input Text" library="AppiumLibrary">
<arg>${LOGIN_PASS}</arg>
<arg>${PASS}</arg>
<doc>Types the given `text` into text field identified by `locator`.</doc>
<msg timestamp="20230621 17:35:47.037" level="INFO">Typing text '123456' into text field '//android.widget.EditText[@index='2']'</msg>
<msg timestamp="20230621 17:35:47.098" level="INFO">xpath criteria: //android.widget.EditText[@index='2']</msg>
<status status="PASS" starttime="20230621 17:35:47.034" endtime="20230621 17:35:47.098"/>
</kw>
<kw name="Click Element" library="AppiumLibrary">
<arg>${BUTTON_LOGIN}</arg>
<doc>Click element identified by `locator`.</doc>
<msg timestamp="20230621 17:35:47.100" level="INFO">Clicking element '//android.widget.Button[@content-desc="Login"]'.</msg>
<msg timestamp="20230621 17:35:49.810" level="INFO">xpath criteria: //android.widget.Button[@content-desc="Login"]</msg>
<status status="PASS" starttime="20230621 17:35:47.098" endtime="20230621 17:35:49.810"/>
</kw>
<kw name="Page Should Contain Element" library="AppiumLibrary">
<arg>${HOME}</arg>
<doc>Verifies that current page contains `locator` element.</doc>
<msg timestamp="20230621 17:35:49.857" level="INFO">Current page contains element '//android.view.View[@index='4']'.</msg>
<msg timestamp="20230621 17:35:49.857" level="INFO">xpath criteria: //android.view.View[@index='4']</msg>
<status status="PASS" starttime="20230621 17:35:49.811" endtime="20230621 17:35:49.857"/>
</kw>
<status status="PASS" starttime="20230621 17:35:44.131" endtime="20230621 17:35:49.857"/>
</kw>
<kw name="Wait Activity" library="AppiumLibrary">
<arg>.MainActivity</arg>
<arg>3</arg>
<doc>Wait for an activity: block until target activity presents
or time out.</doc>
<status status="PASS" starttime="20230621 17:35:49.857" endtime="20230621 17:35:49.973"/>
</kw>
<kw name="Wait Until Element Is Visible" library="AppiumLibrary">
<arg>${registration}</arg>
<doc>Waits until element specified with `locator` is visible.</doc>
<msg timestamp="20230621 17:35:50.003" level="INFO">xpath criteria: //android.view.View[@index="2"]</msg>
<status status="PASS" starttime="20230621 17:35:49.973" endtime="20230621 17:35:50.003"/>
</kw>
<kw name="Click Element" library="AppiumLibrary">
<arg>${registration}</arg>
<doc>Click element identified by `locator`.</doc>
<msg timestamp="20230621 17:35:50.005" level="INFO">Clicking element '//android.view.View[@index="2"]'.</msg>
<msg timestamp="20230621 17:35:50.713" level="INFO">xpath criteria: //android.view.View[@index="2"]</msg>
<status status="PASS" starttime="20230621 17:35:50.003" endtime="20230621 17:35:50.713"/>
</kw>
<kw name="Wait Until Element Is Visible" library="AppiumLibrary">
<arg>${course}</arg>
<doc>Waits until element specified with `locator` is visible.</doc>
<msg timestamp="20230621 17:35:50.762" level="INFO">xpath criteria: /hierarchy/android.widget.FrameLayout/android.widget.LinearLayout/android.widget.FrameLayout/ android.widget.FrameLayout/android.view.View/android.view.View/ android.view.View/android.view.View[1]/android.view.View/android.view.View[2]/ android.view.View/android.view.View[1]/android.view.View[@index="0"]</msg>
<status status="PASS" starttime="20230621 17:35:50.714" endtime="20230621 17:35:50.763"/>
</kw>
<kw name="Click Element" library="AppiumLibrary">
<arg>${course}</arg>
<doc>Click element identified by `locator`.</doc>
<msg timestamp="20230621 17:35:50.765" level="INFO">Clicking element 'xpath=/hierarchy/android.widget.FrameLayout/android.widget.LinearLayout/android.widget.FrameLayout/ android.widget.FrameLayout/android.view.View/android.view.View/ android.view.View/android.view.View[1]/android.view.View/android.view.View[2]/ android.view.View/android.view.View[1]/android.view.View[@index="0"]'.</msg>
<msg timestamp="20230621 17:35:50.826" level="INFO">xpath criteria: /hierarchy/android.widget.FrameLayout/android.widget.LinearLayout/android.widget.FrameLayout/ android.widget.FrameLayout/android.view.View/android.view.View/ android.view.View/android.view.View[1]/android.view.View/android.view.View[2]/ android.view.View/android.view.View[1]/android.view.View[@index="0"]</msg>
<status status="PASS" starttime="20230621 17:35:50.763" endtime="20230621 17:35:50.826"/>
</kw>
<kw name="Wait Until Element Is Visible" library="AppiumLibrary">
<arg>${registrationBtn}</arg>
<doc>Waits until element specified with `locator` is visible.</doc>
<msg timestamp="20230621 17:35:50.851" level="INFO">xpath criteria: //android.widget.Button[@index="6"]</msg>
<status status="PASS" starttime="20230621 17:35:50.827" endtime="20230621 17:35:50.851"/>
</kw>
<kw name="Click Element" library="AppiumLibrary">
<arg>${registrationBtn}</arg>
<doc>Click element identified by `locator`.</doc>
<msg timestamp="20230621 17:35:50.855" level="INFO">Clicking element '//android.widget.Button[@index="6"]'.</msg>
<msg timestamp="20230621 17:35:51.429" level="INFO">xpath criteria: //android.widget.Button[@index="6"]</msg>
<status status="PASS" starttime="20230621 17:35:50.852" endtime="20230621 17:35:51.429"/>
</kw>
<kw name="Wait Until Element Is Visible" library="AppiumLibrary">
<arg>${yesBtn}</arg>
<doc>Waits until element specified with `locator` is visible.</doc>
<msg timestamp="20230621 17:35:51.454" level="INFO">xpath criteria: //android.widget.Button[@content-desc="Yes"]</msg>
<status status="PASS" starttime="20230621 17:35:51.429" endtime="20230621 17:35:51.454"/>
</kw>
<kw name="Click Element" library="AppiumLibrary">
<arg>${yesBtn}</arg>
<doc>Click element identified by `locator`.</doc>
<msg timestamp="20230621 17:35:51.457" level="INFO">Clicking element '//android.widget.Button[@content-desc="Yes"]'.</msg>
<msg timestamp="20230621 17:35:52.125" level="INFO">xpath criteria: //android.widget.Button[@content-desc="Yes"]</msg>
<status status="PASS" starttime="20230621 17:35:51.454" endtime="20230621 17:35:52.125"/>
</kw>
<kw name="Wait Until Element Is Visible" library="AppiumLibrary">
<arg>${dismissBtn}</arg>
<doc>Waits until element specified with `locator` is visible.</doc>
<msg timestamp="20230621 17:35:52.188" level="INFO">xpath criteria: //android.widget.Button[@content-desc="Dismiss"]</msg>
<status status="PASS" starttime="20230621 17:35:52.126" endtime="20230621 17:35:52.188"/>
</kw>
<kw name="Click Element" library="AppiumLibrary">
<arg>${dismissBtn}</arg>
<doc>Click element identified by `locator`.</doc>
<msg timestamp="20230621 17:35:52.189" level="INFO">Clicking element '//android.widget.Button[@content-desc="Dismiss"]'.</msg>
<msg timestamp="20230621 17:35:52.889" level="INFO">xpath criteria: //android.widget.Button[@content-desc="Dismiss"]</msg>
<status status="PASS" starttime="20230621 17:35:52.188" endtime="20230621 17:35:52.889"/>
</kw>
<kw name="Wait Until Element Is Visible" library="AppiumLibrary">
<arg>${cancel}</arg>
<doc>Waits until element specified with `locator` is visible.</doc>
<msg timestamp="20230621 17:35:52.949" level="INFO">xpath criteria: /hierarchy/android.widget.FrameLayout/android.widget.LinearLayout/android.widget.FrameLayout/android.widget.FrameLayout/android.view.View/android.view.View/android.view.View/android.view.View[2]</msg>
<status status="PASS" starttime="20230621 17:35:52.890" endtime="20230621 17:35:52.949"/>
</kw>
<kw name="Click Element" library="AppiumLibrary">
<arg>${cancel}</arg>
<doc>Click element identified by `locator`.</doc>
<msg timestamp="20230621 17:35:52.952" level="INFO">Clicking element 'xpath=/hierarchy/android.widget.FrameLayout/android.widget.LinearLayout/android.widget.FrameLayout/android.widget.FrameLayout/android.view.View/android.view.View/android.view.View/android.view.View[2]'.</msg>
<msg timestamp="20230621 17:35:53.664" level="INFO">xpath criteria: /hierarchy/android.widget.FrameLayout/android.widget.LinearLayout/android.widget.FrameLayout/android.widget.FrameLayout/android.view.View/android.view.View/android.view.View/android.view.View[2]</msg>
<status status="PASS" starttime="20230621 17:35:52.949" endtime="20230621 17:35:53.664"/>
</kw>
<status status="PASS" starttime="20230621 17:35:37.149" endtime="20230621 17:35:53.665"/>
</test>
<status status="PASS" starttime="20230621 17:35:36.983" endtime="20230621 17:35:53.665"/>
</suite>
<statistics>
<total>
<stat pass="1" fail="0" skip="0">All Tests</stat>
</total>
<tag>
</tag>
<suite>
<stat pass="1" fail="0" skip="0" id="s1" name="TC scenario2">TC scenario2</stat>
</suite>
</statistics>
<errors>
</errors>
</robot>
